<?xml version="1.0" encoding="utf-8"?>
<test-run id="2" testcasecount="55" result="Passed" total="55" passed="55" failed="0" inconclusive="0" skipped="0" asserts="0" engine-version="3.5.0.0" clr-version="4.0.30319.42000" start-time="2026-09-14 14:36:43Z" end-time="2026-09-14 14:40:19Z" duration="216.4381847">
  <test-suite type="TestSuite" id="1070" name="MMORPG" fullname="MMORPG" runstate="Runnable" testcasecount="55" result="Passed" start-time="2026-09-14 14:36:43Z" end-time="2026-09-14 14:40:19Z" duration="216.438185" total="55" passed="55" failed="0" inconclusive="0" skipped="0" asserts="0">
    <properties>
      <property name="platform" value="PlayMode" />
    </properties>
    <test-suite type="Assembly" id="1063" name="MMORPG.Tests.PlayMode.dll" fullname="E:/UnityProject/MMORPG/MMORPG/Library/ScriptAssemblies/MMORPG.Tests.PlayMode.dll" runstate="Runnable" testcasecount="55" result="Passed" start-time="2026-09-14 14:36:43Z" end-time="2026-09-14 14:40:19Z" duration="216.434076" total="55" passed="55" failed="0" inconclusive="0" skipped="0" asserts="0">
      <properties>
        <property name="_PID" value="108056" />
        <property name="_APPDOMAIN" value="Unity Child Domain" />
        <property name="platform" value="PlayMode" />
        <property name="EditorOnly" value="False" />
      </properties>
      <test-suite type="TestSuite" id="1064" name="MMORPG" fullname="MMORPG" runstate="Runnable" testcasecount="55" result="Passed" start-time="2026-09-14 14:36:43Z" end-time="2026-09-14 14:40:19Z" duration="216.433359" total="55" passed="55" failed="0" inconclusive="0" skipped="0" asserts="0">
        <properties />
        <test-suite type="TestSuite" id="1065" name="Tests" fullname="MMORPG.Tests" runstate="Runnable" testcasecount="55" result="Passed" start-time="2026-09-14 14:36:43Z" end-time="2026-09-14 14:40:19Z" duration="216.432903" total="55" passed="55" failed="0" inconclusive="0" skipped="0" asserts="0">
          <properties />
          <test-suite type="TestSuite" id="1066" name="PlayMode" fullname="MMORPG.Tests.PlayMode" runstate="Runnable" testcasecount="55" result="Passed" start-time="2026-09-14 14:36:43Z" end-time="2026-09-14 14:40:19Z" duration="216.431636" total="55" passed="55" failed="0" inconclusive="0" skipped="0" asserts="0">
            <properties />
            <test-suite type="TestFixture" id="1001" name="BattleFoundationTests" fullname="MMORPG.Tests.PlayMode.BattleFoundationTests" classname="MMORPG.Tests.PlayMode.BattleFoundationTests" runstate="Runnable" testcasecount="6" result="Passed" start-time="2026-09-14 14:36:43Z" end-time="2026-09-14 14:37:02Z" duration="18.772837" total="6" passed="6" failed="0" inconclusive="0" skipped="0" asserts="0">
              <properties />
              <test-case id="1006" name="ActualProjectileContactsDealDamageAndCollectPink" fullname="MMORPG.Tests.PlayMode.BattleFoundationTests.ActualProjectileContactsDealDamageAndCollectPink" methodname="ActualProjectileContactsDealDamageAndCollectPink" classname="MMORPG.Tests.PlayMode.BattleFoundationTests" runstate="Runnable" seed="411131409" result="Passed" start-time="2026-09-14 14:36:43Z" end-time="2026-09-14 14:36:44Z" duration="0.858759" asserts="0">
                <properties>
                  <property name="_JOINTYPE" value="UnityCombinatorial" />
                  <property name="retryIteration" value="0" />
                  <property name="repeatIteration" value="0" />
                </properties>
                <output><![CDATA[全局配置加载完成：最大能量 3 格，Boss 生命 100。
横向对峙布局初始化：玩家位于左侧，土豆 Boss 位于右侧，Boss 实际位置 X=3.48，与玩家保持水平出生线。
Boss 关卡初始化完成，战斗开始。
玩家跳跃击碎粉色子弹，获得能量 1 格，当前能量 1/3。
土豆 Boss 受到 1 点伤害，剩余生命 99/100。
]]></output>
              </test-case>
              <test-case id="1007" name="EffectsAndTenRetriesDoNotAccumulate" fullname="MMORPG.Tests.PlayMode.BattleFoundationTests.EffectsAndTenRetriesDoNotAccumulate" methodname="EffectsAndTenRetriesDoNotAccumulate" classname="MMORPG.Tests.PlayMode.BattleFoundationTests" runstate="Runnable" seed="2029223052" result="Passed" start-time="2026-09-14 14:36:44Z" end-time="2026-09-14 14:36:54Z" duration="10.337551" asserts="0">
                <properties>
                  <property name="_JOINTYPE" value="UnityCombinatorial" />
                  <property name="retryIteration" value="0" />
                  <property name="repeatIteration" value="0" />
                </properties>
                <output><![CDATA[全局配置加载完成：最大能量 3 格，Boss 生命 100。
横向对峙布局初始化：玩家位于左侧，土豆 Boss 位于右侧，Boss 实际位置 X=3.48，与玩家保持水平出生线。
Boss 关卡初始化完成，战斗开始。
玩家受到 99 点伤害，剩余生命 0/3。
玩家已死亡，Boss 攻击流程已停止，2.0 秒后显示失败结算。
玩家生命归零，战斗失败流程已触发。
花园剧场失败票券已显示。
正在重新加载 Boss 关卡。
全局配置加载完成：最大能量 3 格，Boss 生命 100。
横向对峙布局初始化：玩家位于左侧，土豆 Boss 位于右侧，Boss 实际位置 X=3.48，与玩家保持水平出生线。
Boss 关卡初始化完成，战斗开始。
正在重新加载 Boss 关卡。
全局配置加载完成：最大能量 3 格，Boss 生命 100。
横向对峙布局初始化：玩家位于左侧，土豆 Boss 位于右侧，Boss 实际位置 X=3.48，与玩家保持水平出生线。
Boss 关卡初始化完成，战斗开始。
正在重新加载 Boss 关卡。
全局配置加载完成：最大能量 3 格，Boss 生命 100。
横向对峙布局初始化：玩家位于左侧，土豆 Boss 位于右侧，Boss 实际位置 X=3.48，与玩家保持水平出生线。
Boss 关卡初始化完成，战斗开始。
正在重新加载 Boss 关卡。
全局配置加载完成：最大能量 3 格，Boss 生命 100。
横向对峙布局初始化：玩家位于左侧，土豆 Boss 位于右侧，Boss 实际位置 X=3.48，与玩家保持水平出生线。
Boss 关卡初始化完成，战斗开始。
正在重新加载 Boss 关卡。
全局配置加载完成：最大能量 3 格，Boss 生命 100。
横向对峙布局初始化：玩家位于左侧，土豆 Boss 位于右侧，Boss 实际位置 X=3.48，与玩家保持水平出生线。
Boss 关卡初始化完成，战斗开始。
正在重新加载 Boss 关卡。
全局配置加载完成：最大能量 3 格，Boss 生命 100。
横向对峙布局初始化：玩家位于左侧，土豆 Boss 位于右侧，Boss 实际位置 X=3.48，与玩家保持水平出生线。
Boss 关卡初始化完成，战斗开始。
正在重新加载 Boss 关卡。
全局配置加载完成：最大能量 3 格，Boss 生命 100。
横向对峙布局初始化：玩家位于左侧，土豆 Boss 位于右侧，Boss 实际位置 X=3.48，与玩家保持水平出生线。
Boss 关卡初始化完成，战斗开始。
正在重新加载 Boss 关卡。
全局配置加载完成：最大能量 3 格，Boss 生命 100。
横向对峙布局初始化：玩家位于左侧，土豆 Boss 位于右侧，Boss 实际位置 X=3.48，与玩家保持水平出生线。
Boss 关卡初始化完成，战斗开始。
正在重新加载 Boss 关卡。
全局配置加载完成：最大能量 3 格，Boss 生命 100。
横向对峙布局初始化：玩家位于左侧，土豆 Boss 位于右侧，Boss 实际位置 X=3.48，与玩家保持水平出生线。
Boss 关卡初始化完成，战斗开始。
正在重新加载 Boss 关卡。
全局配置加载完成：最大能量 3 格，Boss 生命 100。
横向对峙布局初始化：玩家位于左侧，土豆 Boss 位于右侧，Boss 实际位置 X=3.48，与玩家保持水平出生线。
Boss 关卡初始化完成，战斗开始。
]]></output>
              </test-case>
              <test-case id="1002" name="KeyboardMovementJumpAndDashRemainResponsive" fullname="MMORPG.Tests.PlayMode.BattleFoundationTests.KeyboardMovementJumpAndDashRemainResponsive" methodname="KeyboardMovementJumpAndDashRemainResponsive" classname="MMORPG.Tests.PlayMode.BattleFoundationTests" runstate="Runnable" seed="1359219769" result="Passed" start-time="2026-09-14 14:36:54Z" end-time="2026-09-14 14:36:55Z" duration="0.622921" asserts="0">
                <properties>
                  <property name="_JOINTYPE" value="UnityCombinatorial" />
                  <property name="retryIteration" value="0" />
                  <property name="repeatIteration" value="0" />
                </properties>
                <output><![CDATA[全局配置加载完成：最大能量 3 格，Boss 生命 100。
横向对峙布局初始化：玩家位于左侧，土豆 Boss 位于右侧，Boss 实际位置 X=3.48，与玩家保持水平出生线。
Boss 关卡初始化完成，战斗开始。
]]></output>
              </test-case>
              <test-case id="1003" name="PauseButtonResumesAndBlocksSuperConsumption" fullname="MMORPG.Tests.PlayMode.BattleFoundationTests.PauseButtonResumesAndBlocksSuperConsumption" methodname="PauseButtonResumesAndBlocksSuperConsumption" classname="MMORPG.Tests.PlayMode.BattleFoundationTests" runstate="Runnable" seed="1520889802" result="Passed" start-time="2026-09-14 14:36:55Z" end-time="2026-09-14 14:36:55Z" duration="0.352527" asserts="0">
                <properties>
                  <property name="_JOINTYPE" value="UnityCombinatorial" />
                  <property name="retryIteration" value="0" />
                  <property name="repeatIteration" value="0" />
                </properties>
                <output><![CDATA[全局配置加载完成：最大能量 3 格，Boss 生命 100。
横向对峙布局初始化：玩家位于左侧，土豆 Boss 位于右侧，Boss 实际位置 X=3.48，与玩家保持水平出生线。
Boss 关卡初始化完成，战斗开始。
Boss 关卡已暂停。
Boss 关卡已继续。
Boss 关卡已暂停。
Boss 关卡已继续。
]]></output>
              </test-case>
              <test-case id="1004" name="PinkCollectionAndDirectionalSuperAreSingleUse" fullname="MMORPG.Tests.PlayMode.BattleFoundationTests.PinkCollectionAndDirectionalSuperAreSingleUse" methodname="PinkCollectionAndDirectionalSuperAreSingleUse" classname="MMORPG.Tests.PlayMode.BattleFoundationTests" runstate="Runnable" seed="505881614" result="Passed" start-time="2026-09-14 14:36:55Z" end-time="2026-09-14 14:36:58Z" duration="2.402400" asserts="0">
                <properties>
                  <property name="_JOINTYPE" value="UnityCombinatorial" />
                  <property name="retryIteration" value="0" />
                  <property name="repeatIteration" value="0" />
                </properties>
                <output><![CDATA[全局配置加载完成：最大能量 3 格，Boss 生命 100。
横向对峙布局初始化：玩家位于左侧，土豆 Boss 位于右侧，Boss 实际位置 X=3.48，与玩家保持水平出生线。
Boss 关卡初始化完成，战斗开始。
玩家攻击命中紫色子弹，获得能量 1 格。当前能量 1/3。
玩家释放大招，消耗全部 3 格能量。
玩家大招演出结束。
玩家释放大招，消耗全部 3 格能量。
土豆 Boss 受到 30 点伤害，剩余生命 70/100。
土豆 Boss 进入阶段 2，切换期间清空所有 Boss 投射物并暂停攻击 0.6 秒。
玩家大招演出结束。
]]></output>
              </test-case>
              <test-case id="1005" name="ResourcesDamageAndShakeMatchVisibleState" fullname="MMORPG.Tests.PlayMode.BattleFoundationTests.ResourcesDamageAndShakeMatchVisibleState" methodname="ResourcesDamageAndShakeMatchVisibleState" classname="MMORPG.Tests.PlayMode.BattleFoundationTests" runstate="Runnable" seed="725284707" result="Passed" start-time="2026-09-14 14:36:58Z" end-time="2026-09-14 14:37:02Z" duration="4.186909" asserts="0">
                <properties>
                  <property name="_JOINTYPE" value="UnityCombinatorial" />
                  <property name="retryIteration" value="0" />
                  <property name="repeatIteration" value="0" />
                </properties>
                <output><![CDATA[全局配置加载完成：最大能量 3 格，Boss 生命 100。
横向对峙布局初始化：玩家位于左侧，土豆 Boss 位于右侧，Boss 实际位置 X=3.48，与玩家保持水平出生线。
Boss 关卡初始化完成，战斗开始。
玩家受到 1 点伤害，剩余生命 2/3。
玩家受到 1 点伤害，剩余生命 1/3。
]]></output>
              </test-case>
            </test-suite>
            <test-suite type="TestFixture" id="1008" name="GardenEncounterTests" fullname="MMORPG.Tests.PlayMode.GardenEncounterTests" classname="MMORPG.Tests.PlayMode.GardenEncounterTests" runstate="Runnable" testcasecount="29" result="Passed" start-time="2026-09-14 14:37:02Z" end-time="2026-09-14 14:39:52Z" duration="170.341175" total="29" passed="29" failed="0" inconclusive="0" skipped="0" asserts="0">
              <properties />
              <test-case id="1009" name="AirbornePresentationUsesVelocityAndKeepsFlipMirrorStable" fullname="MMORPG.Tests.PlayMode.GardenEncounterTests.AirbornePresentationUsesVelocityAndKeepsFlipMirrorStable" methodname="AirbornePresentationUsesVelocityAndKeepsFlipMirrorStable" classname="MMORPG.Tests.PlayMode.GardenEncounterTests" runstate="Runnable" seed="250896554" result="Passed" start-time="2026-09-14 14:37:02Z" end-time="2026-09-14 14:37:04Z" duration="2.268378" asserts="0">
                <properties>
                  <property name="_JOINTYPE" value="UnityCombinatorial" />
                  <property name="retryIteration" value="0" />
                  <property name="repeatIteration" value="0" />
                </properties>
                <output><![CDATA[全局配置加载完成：最大能量 3 格，Boss 生命 100。
横向对峙布局初始化：玩家位于左侧，土豆 Boss 位于右侧，Boss 实际位置 X=3.86，与玩家保持水平出生线。
Boss 关卡初始化完成，战斗开始。
遭遇第 1 形态 土豆 开始。
]]></output>
              </test-case>
              <test-case id="1022" name="AudioBudgetAndBeamLifetimeRemainBounded" fullname="MMORPG.Tests.PlayMode.GardenEncounterTests.AudioBudgetAndBeamLifetimeRemainBounded" methodname="AudioBudgetAndBeamLifetimeRemainBounded" classname="MMORPG.Tests.PlayMode.GardenEncounterTests" runstate="Runnable" seed="1649348798" result="Passed" start-time="2026-09-14 14:37:04Z" end-time="2026-09-14 14:37:06Z" duration="2.371573" asserts="0">
                <properties>
                  <property name="_JOINTYPE" value="UnityCombinatorial" />
                  <property name="retryIteration" value="0" />
                  <property name="repeatIteration" value="0" />
                </properties>
                <output><![CDATA[全局配置加载完成：最大能量 3 格，Boss 生命 100。
横向对峙布局初始化：玩家位于左侧，土豆 Boss 位于右侧，Boss 实际位置 X=3.86，与玩家保持水平出生线。
Boss 关卡初始化完成，战斗开始。
遭遇第 1 形态 土豆 开始。
]]></output>
              </test-case>
              <test-case id="1029" name="BeamLocksDirectionAndSeekerObeysTurnAndLifetimeLimits" fullname="MMORPG.Tests.PlayMode.GardenEncounterTests.BeamLocksDirectionAndSeekerObeysTurnAndLifetimeLimits" methodname="BeamLocksDirectionAndSeekerObeysTurnAndLifetimeLimits" classname="MMORPG.Tests.PlayMode.GardenEncounterTests" runstate="Runnable" seed="1111591944" result="Passed" start-time="2026-09-14 14:37:06Z" end-time="2026-09-14 14:37:13Z" duration="6.913545" asserts="0">
                <properties>
                  <property name="_JOINTYPE" value="UnityCombinatorial" />
                  <property name="retryIteration" value="0" />
                  <property name="repeatIteration" value="0" />
                </properties>
                <output><![CDATA[全局配置加载完成：最大能量 3 格，Boss 生命 100。
横向对峙布局初始化：玩家位于左侧，土豆 Boss 位于右侧，Boss 实际位置 X=3.86，与玩家保持水平出生线。
Boss 关卡初始化完成，战斗开始。
遭遇第 1 形态 土豆 开始。
]]></output>
              </test-case>
              <test-case id="1035" name="BossBoundaryStopsRunningAndDashingPastTheOpponent" fullname="MMORPG.Tests.PlayMode.GardenEncounterTests.BossBoundaryStopsRunningAndDashingPastTheOpponent" methodname="BossBoundaryStopsRunningAndDashingPastTheOpponent" classname="MMORPG.Tests.PlayMode.GardenEncounterTests" runstate="Runnable" seed="916086132" result="Passed" start-time="2026-09-14 14:37:13Z" end-time="2026-09-14 14:37:18Z" duration="4.422819" asserts="0">
                <properties>
                  <property name="_JOINTYPE" value="UnityCombinatorial" />
                  <property name="retryIteration" value="0" />
                  <property name="repeatIteration" value="0" />
                </properties>
                <output><![CDATA[全局配置加载完成：最大能量 3 格，Boss 生命 100。
横向对峙布局初始化：玩家位于左侧，土豆 Boss 位于右侧，Boss 实际位置 X=3.86，与玩家保持水平出生线。
Boss 关卡初始化完成，战斗开始。
遭遇第 1 形态 土豆 开始。
]]></output>
              </test-case>
              <test-case id="1017" name="DashContactKeepsBothProjectileKindsAndTheirLease" fullname="MMORPG.Tests.PlayMode.GardenEncounterTests.DashContactKeepsBothProjectileKindsAndTheirLease" methodname="DashContactKeepsBothProjectileKindsAndTheirLease" classname="MMORPG.Tests.PlayMode.GardenEncounterTests" runstate="Runnable" seed="1970288855" result="Passed" start-time="2026-09-14 14:37:18Z" end-time="2026-09-14 14:37:19Z" duration="1.523679" asserts="0">
                <properties>
                  <property name="_JOINTYPE" value="UnityCombinatorial" />
                  <property name="retryIteration" value="0" />
                  <property name="repeatIteration" value="0" />
                </properties>
                <output><![CDATA[全局配置加载完成：最大能量 3 格，Boss 生命 100。
横向对峙布局初始化：玩家位于左侧，土豆 Boss 位于右侧，Boss 实际位置 X=3.86，与玩家保持水平出生线。
Boss 关卡初始化完成，战斗开始。
遭遇第 1 形态 土豆 开始。
]]></output>
              </test-case>
              <test-case id="1010" name="DashDistanceUsesPhysicsTimeAndDoesNotOvershootOnUnevenSteps" fullname="MMORPG.Tests.PlayMode.GardenEncounterTests.DashDistanceUsesPhysicsTimeAndDoesNotOvershootOnUnevenSteps" methodname="DashDistanceUsesPhysicsTimeAndDoesNotOvershootOnUnevenSteps" classname="MMORPG.Tests.PlayMode.GardenEncounterTests" runstate="Runnable" seed="1694212229" result="Passed" start-time="2026-09-14 14:37:19Z" end-time="2026-09-14 14:37:23Z" duration="3.646442" asserts="0">
                <properties>
                  <property name="_JOINTYPE" value="UnityCombinatorial" />
                  <property name="retryIteration" value="0" />
                  <property name="repeatIteration" value="0" />
                </properties>
                <output><![CDATA[全局配置加载完成：最大能量 3 格，Boss 生命 100。
横向对峙布局初始化：玩家位于左侧，土豆 Boss 位于右侧，Boss 实际位置 X=3.86，与玩家保持水平出生线。
Boss 关卡初始化完成，战斗开始。
遭遇第 1 形态 土豆 开始。
]]></output>
              </test-case>
              <test-case id="1031" name="EarlyBeamDodgeExpiresBeforeDamage" fullname="MMORPG.Tests.PlayMode.GardenEncounterTests.EarlyBeamDodgeExpiresBeforeDamage" methodname="EarlyBeamDodgeExpiresBeforeDamage" classname="MMORPG.Tests.PlayMode.GardenEncounterTests" runstate="Runnable" seed="618890436" result="Passed" start-time="2026-09-14 14:37:23Z" end-time="2026-09-14 14:37:23Z" duration="0.360729" asserts="0">
                <properties>
                  <property name="_JOINTYPE" value="UnityCombinatorial" />
                  <property name="retryIteration" value="0" />
                  <property name="repeatIteration" value="0" />
                </properties>
                <output><![CDATA[全局配置加载完成：最大能量 3 格，Boss 生命 100。
横向对峙布局初始化：玩家位于左侧，土豆 Boss 位于右侧，Boss 实际位置 X=3.86，与玩家保持水平出生线。
Boss 关卡初始化完成，战斗开始。
遭遇第 1 形态 土豆 开始。
玩家受到 1 点伤害，剩余生命 2/3。
]]></output>
              </test-case>
              <test-case id="1025" name="EnergyTrailUsesBoundCameraDuringOffscreenRendering" fullname="MMORPG.Tests.PlayMode.GardenEncounterTests.EnergyTrailUsesBoundCameraDuringOffscreenRendering" methodname="EnergyTrailUsesBoundCameraDuringOffscreenRendering" classname="MMORPG.Tests.PlayMode.GardenEncounterTests" runstate="Runnable" seed="2134240738" result="Passed" start-time="2026-09-14 14:37:23Z" end-time="2026-09-14 14:37:25Z" duration="1.887000" asserts="0">
                <properties>
                  <property name="_JOINTYPE" value="UnityCombinatorial" />
                  <property name="retryIteration" value="0" />
                  <property name="repeatIteration" value="0" />
                </properties>
                <output><![CDATA[全局配置加载完成：最大能量 3 格，Boss 生命 100。
横向对峙布局初始化：玩家位于左侧，土豆 Boss 位于右侧，Boss 实际位置 X=3.86，与玩家保持水平出生线。
Boss 关卡初始化完成，战斗开始。
遭遇第 1 形态 土豆 开始。
]]></output>
              </test-case>
              <test-case id="1014" name="FastSettingsEntryRestoresOpaquePauseAndResultClearsEnergyTrail" fullname="MMORPG.Tests.PlayMode.GardenEncounterTests.FastSettingsEntryRestoresOpaquePauseAndResultClearsEnergyTrail" methodname="FastSettingsEntryRestoresOpaquePauseAndResultClearsEnergyTrail" classname="MMORPG.Tests.PlayMode.GardenEncounterTests" runstate="Runnable" seed="942414280" result="Passed" start-time="2026-09-14 14:37:25Z" end-time="2026-09-14 14:37:27Z" duration="1.948006" asserts="0">
                <properties>
                  <property name="_JOINTYPE" value="UnityCombinatorial" />
                  <property name="retryIteration" value="0" />
                  <property name="repeatIteration" value="0" />
                </properties>
                <output><![CDATA[全局配置加载完成：最大能量 3 格，Boss 生命 100。
横向对峙布局初始化：玩家位于左侧，土豆 Boss 位于右侧，Boss 实际位置 X=3.86，与玩家保持水平出生线。
Boss 关卡初始化完成，战斗开始。
遭遇第 1 形态 土豆 开始。
Boss 关卡已暂停。
Boss 关卡已继续。
花园剧场胜利界面已显示。
]]></output>
              </test-case>
              <test-case id="1027" name="HitStopBuffersDashAndMultipleCollidersCollectOnlyOnce" fullname="MMORPG.Tests.PlayMode.GardenEncounterTests.HitStopBuffersDashAndMultipleCollidersCollectOnlyOnce" methodname="HitStopBuffersDashAndMultipleCollidersCollectOnlyOnce" classname="MMORPG.Tests.PlayMode.GardenEncounterTests" runstate="Runnable" seed="924875286" result="Passed" start-time="2026-09-14 14:37:27Z" end-time="2026-09-14 14:37:29Z" duration="1.663424" asserts="0">
                <properties>
                  <property name="_JOINTYPE" value="UnityCombinatorial" />
                  <property name="retryIteration" value="0" />
                  <property name="repeatIteration" value="0" />
                </properties>
                <output><![CDATA[全局配置加载完成：最大能量 3 格，Boss 生命 100。
横向对峙布局初始化：玩家位于左侧，土豆 Boss 位于右侧，Boss 实际位置 X=3.86，与玩家保持水平出生线。
Boss 关卡初始化完成，战斗开始。
遭遇第 1 形态 土豆 开始。
玩家跳跃击碎粉色子弹，获得能量 1 格，当前能量 1/3。
]]></output>
              </test-case>
              <test-case id="1018" name="ImmunityRejectsDamageWithoutConsumingProjectile" fullname="MMORPG.Tests.PlayMode.GardenEncounterTests.ImmunityRejectsDamageWithoutConsumingProjectile" methodname="ImmunityRejectsDamageWithoutConsumingProjectile" classname="MMORPG.Tests.PlayMode.GardenEncounterTests" runstate="Runnable" seed="1621002526" result="Passed" start-time="2026-09-14 14:37:29Z" end-time="2026-09-14 14:37:30Z" duration="1.522079" asserts="0">
                <properties>
                  <property name="_JOINTYPE" value="UnityCombinatorial" />
                  <property name="retryIteration" value="0" />
                  <property name="repeatIteration" value="0" />
                </properties>
                <output><![CDATA[全局配置加载完成：最大能量 3 格，Boss 生命 100。
横向对峙布局初始化：玩家位于左侧，土豆 Boss 位于右侧，Boss 实际位置 X=3.86，与玩家保持水平出生线。
Boss 关卡初始化完成，战斗开始。
遭遇第 1 形态 土豆 开始。
]]></output>
              </test-case>
              <test-case id="1012" name="JumpDuringHurtKeepsPriorityAndTransitionSettlesRotation" fullname="MMORPG.Tests.PlayMode.GardenEncounterTests.JumpDuringHurtKeepsPriorityAndTransitionSettlesRotation" methodname="JumpDuringHurtKeepsPriorityAndTransitionSettlesRotation" classname="MMORPG.Tests.PlayMode.GardenEncounterTests" runstate="Runnable" seed="351018191" result="Passed" start-time="2026-09-14 14:37:30Z" end-time="2026-09-14 14:37:33Z" duration="2.576935" asserts="0">
                <properties>
                  <property name="_JOINTYPE" value="UnityCombinatorial" />
                  <property name="retryIteration" value="0" />
                  <property name="repeatIteration" value="0" />
                </properties>
                <output><![CDATA[全局配置加载完成：最大能量 3 格，Boss 生命 100。
横向对峙布局初始化：玩家位于左侧，土豆 Boss 位于右侧，Boss 实际位置 X=3.86，与玩家保持水平出生线。
Boss 关卡初始化完成，战斗开始。
遭遇第 1 形态 土豆 开始。
玩家受到 1 点伤害，剩余生命 2/3。
土豆 Boss 受到 999 点伤害，剩余生命 0/100。
土豆 Boss 已被击败，胜利流程已触发。
]]></output>
              </test-case>
              <test-case id="1026" name="KeyboardMenusUseOneInputSystemAndDoNotLeakActions" fullname="MMORPG.Tests.PlayMode.GardenEncounterTests.KeyboardMenusUseOneInputSystemAndDoNotLeakActions" methodname="KeyboardMenusUseOneInputSystemAndDoNotLeakActions" classname="MMORPG.Tests.PlayMode.GardenEncounterTests" runstate="Runnable" seed="838968788" result="Passed" start-time="2026-09-14 14:37:33Z" end-time="2026-09-14 14:37:35Z" duration="2.319959" asserts="0">
                <properties>
                  <property name="_JOINTYPE" value="UnityCombinatorial" />
                  <property name="retryIteration" value="0" />
                  <property name="repeatIteration" value="0" />
                </properties>
                <output><![CDATA[全局配置加载完成：最大能量 3 格，Boss 生命 100。
横向对峙布局初始化：玩家位于左侧，土豆 Boss 位于右侧，Boss 实际位置 X=3.86，与玩家保持水平出生线。
Boss 关卡初始化完成，战斗开始。
遭遇第 1 形态 土豆 开始。
Boss 关卡已暂停。
Boss 关卡已继续。
]]></output>
              </test-case>
              <test-case id="1037" name="KeyboardPracticeCompletesThreeFormsWithNormalDamage" fullname="MMORPG.Tests.PlayMode.GardenEncounterTests.KeyboardPracticeCompletesThreeFormsWithNormalDamage" methodname="KeyboardPracticeCompletesThreeFormsWithNormalDamage" classname="MMORPG.Tests.PlayMode.GardenEncounterTests" runstate="Runnable" seed="1018394916" result="Passed" start-time="2026-09-14 14:37:35Z" end-time="2026-09-14 14:38:35Z" duration="59.767269" asserts="0">
                <properties>
                  <property name="_JOINTYPE" value="UnityCombinatorial" />
                  <property name="retryIteration" value="0" />
                  <property name="repeatIteration" value="0" />
                </properties>
                <output><![CDATA[全局配置加载完成：最大能量 3 格，Boss 生命 100。
横向对峙布局初始化：玩家位于左侧，土豆 Boss 位于右侧，Boss 实际位置 X=3.86，与玩家保持水平出生线。
Boss 关卡初始化完成，战斗开始。
遭遇第 1 形态 土豆 开始。
土豆 Boss 受到 1 点伤害，剩余生命 99/100。
土豆 Boss 受到 1 点伤害，剩余生命 98/100。
土豆 Boss 受到 1 点伤害，剩余生命 97/100。
土豆 Boss 受到 1 点伤害，剩余生命 96/100。
土豆 Boss 受到 1 点伤害，剩余生命 95/100。
土豆 Boss 受到 1 点伤害，剩余生命 94/100。
土豆 Boss 受到 1 点伤害，剩余生命 93/100。
土豆 Boss 受到 1 点伤害，剩余生命 92/100。
土豆 Boss 受到 1 点伤害，剩余生命 91/100。
土豆 Boss 受到 1 点伤害，剩余生命 90/100。
土豆 Boss 受到 1 点伤害，剩余生命 89/100。
土豆 Boss 受到 1 点伤害，剩余生命 88/100。
玩家攻击命中紫色子弹，获得能量 1 格。当前能量 1/3。
土豆 Boss 受到 1 点伤害，剩余生命 87/100。
土豆 Boss 受到 1 点伤害，剩余生命 86/100。
土豆 Boss 受到 1 点伤害，剩余生命 85/100。
土豆 Boss 受到 1 点伤害，剩余生命 84/100。
土豆 Boss 受到 1 点伤害，剩余生命 83/100。
土豆 Boss 受到 1 点伤害，剩余生命 82/100。
土豆 Boss 受到 1 点伤害，剩余生命 81/100。
土豆 Boss 受到 1 点伤害，剩余生命 80/100。
土豆 Boss 受到 1 点伤害，剩余生命 79/100。
土豆 Boss 受到 1 点伤害，剩余生命 78/100。
土豆 Boss 受到 1 点伤害，剩余生命 77/100。
土豆 Boss 受到 1 点伤害，剩余生命 76/100。
土豆 Boss 受到 1 点伤害，剩余生命 75/100。
土豆 Boss 受到 1 点伤害，剩余生命 74/100。
土豆 Boss 受到 1 点伤害，剩余生命 73/100。
土豆 Boss 受到 1 点伤害，剩余生命 72/100。
玩家攻击命中紫色子弹，获得能量 1 格。当前能量 2/3。
土豆 Boss 受到 1 点伤害，剩余生命 71/100。
土豆 Boss 受到 1 点伤害，剩余生命 70/100。
土豆 Boss 受到 1 点伤害，剩余生命 69/100。
土豆 Boss 受到 1 点伤害，剩余生命 68/100。
土豆 Boss 受到 1 点伤害，剩余生命 67/100。
土豆 Boss 受到 1 点伤害，剩余生命 66/100。
土豆 Boss 受到 1 点伤害，剩余生命 65/100。
土豆 Boss 受到 1 点伤害，剩余生命 64/100。
土豆 Boss 受到 1 点伤害，剩余生命 63/100。
土豆 Boss 受到 1 点伤害，剩余生命 62/100。
土豆 Boss 受到 1 点伤害，剩余生命 61/100。
土豆 Boss 受到 1 点伤害，剩余生命 60/100。
土豆 Boss 受到 1 点伤害，剩余生命 59/100。
土豆 Boss 受到 1 点伤害，剩余生命 58/100。
土豆 Boss 受到 1 点伤害，剩余生命 57/100。
土豆 Boss 受到 1 点伤害，剩余生命 56/100。
玩家攻击命中紫色子弹，获得能量 1 格。当前能量 3/3。
玩家释放大招，消耗全部 3 格能量。
土豆 Boss 受到 30 点伤害，剩余生命 26/100。
土豆 Boss 受到 1 点伤害，剩余生命 25/100。
土豆 Boss 受到 1 点伤害，剩余生命 24/100。
土豆 Boss 受到 1 点伤害，剩余生命 23/100。
玩家大招演出结束。
玩家受到 1 点伤害，剩余生命 2/3。
土豆 Boss 受到 1 点伤害，剩余生命 22/100。
土豆 Boss 受到 1 点伤害，剩余生命 21/100。
土豆 Boss 受到 1 点伤害，剩余生命 20/100。
土豆 Boss 受到 1 点伤害，剩余生命 19/100。
土豆 Boss 受到 1 点伤害，剩余生命 18/100。
土豆 Boss 受到 1 点伤害，剩余生命 17/100。
土豆 Boss 受到 1 点伤害，剩余生命 16/100。
土豆 Boss 受到 1 点伤害，剩余生命 15/100。
土豆 Boss 受到 1 点伤害，剩余生命 14/100。
土豆 Boss 受到 1 点伤害，剩余生命 13/100。
土豆 Boss 受到 1 点伤害，剩余生命 12/100。
玩家攻击命中紫色子弹，获得能量 1 格。当前能量 1/3。
土豆 Boss 受到 1 点伤害，剩余生命 11/100。
土豆 Boss 受到 1 点伤害，剩余生命 10/100。
土豆 Boss 受到 1 点伤害，剩余生命 9/100。
土豆 Boss 受到 1 点伤害，剩余生命 8/100。
土豆 Boss 受到 1 点伤害，剩余生命 7/100。
土豆 Boss 受到 1 点伤害，剩余生命 6/100。
土豆 Boss 受到 1 点伤害，剩余生命 5/100。
土豆 Boss 受到 1 点伤害，剩余生命 4/100。
土豆 Boss 受到 1 点伤害，剩余生命 3/100。
土豆 Boss 受到 1 点伤害，剩余生命 2/100。
土豆 Boss 受到 1 点伤害，剩余生命 1/100。
土豆 Boss 受到 1 点伤害，剩余生命 0/100。
土豆 Boss 已被击败，胜利流程已触发。
遭遇第 2 形态 洋葱 开始。
玩家攻击命中紫色子弹，获得能量 1 格。当前能量 2/3。
玩家攻击命中紫色子弹，获得能量 1 格。当前能量 3/3。
玩家释放大招，消耗全部 3 格能量。
遭遇第 3 形态 胡萝卜 开始。
玩家攻击命中紫色子弹，获得能量 1 格。当前能量 1/3。
玩家攻击命中紫色子弹，获得能量 1 格。当前能量 2/3。
玩家攻击命中紫色子弹，获得能量 1 格。当前能量 3/3。
玩家释放大招，消耗全部 3 格能量。
玩家大招演出结束。
花园剧场胜利界面已显示。
]]></output>
              </test-case>
              <test-case id="1033" name="LateBeamDodgeCannotUndoDamage" fullname="MMORPG.Tests.PlayMode.GardenEncounterTests.LateBeamDodgeCannotUndoDamage" methodname="LateBeamDodgeCannotUndoDamage" classname="MMORPG.Tests.PlayMode.GardenEncounterTests" runstate="Runnable" seed="974574378" result="Passed" start-time="2026-09-14 14:38:35Z" end-time="2026-09-14 14:38:37Z" duration="2.175592" asserts="0">
                <properties>
                  <property name="_JOINTYPE" value="UnityCombinatorial" />
                  <property name="retryIteration" value="0" />
                  <property name="repeatIteration" value="0" />
                </properties>
                <output><![CDATA[全局配置加载完成：最大能量 3 格，Boss 生命 100。
横向对峙布局初始化：玩家位于左侧，土豆 Boss 位于右侧，Boss 实际位置 X=3.86，与玩家保持水平出生线。
Boss 关卡初始化完成，战斗开始。
遭遇第 1 形态 土豆 开始。
玩家受到 1 点伤害，剩余生命 2/3。
]]></output>
              </test-case>
              <test-case id="1028" name="NewEncounterRetriesTenTimesWithoutOldHazardsOrListeners" fullname="MMORPG.Tests.PlayMode.GardenEncounterTests.NewEncounterRetriesTenTimesWithoutOldHazardsOrListeners" methodname="NewEncounterRetriesTenTimesWithoutOldHazardsOrListeners" classname="MMORPG.Tests.PlayMode.GardenEncounterTests" runstate="Runnable" seed="1751529827" result="Passed" start-time="2026-09-14 14:38:37Z" end-time="2026-09-14 14:39:02Z" duration="24.411877" asserts="0">
                <properties>
                  <property name="_JOINTYPE" value="UnityCombinatorial" />
                  <property name="retryIteration" value="0" />
                  <property name="repeatIteration" value="0" />
                </properties>
                <output><![CDATA[全局配置加载完成：最大能量 3 格，Boss 生命 100。
横向对峙布局初始化：玩家位于左侧，土豆 Boss 位于右侧，Boss 实际位置 X=3.86，与玩家保持水平出生线。
Boss 关卡初始化完成，战斗开始。
遭遇第 1 形态 土豆 开始。
土豆 Boss 受到 999 点伤害，剩余生命 0/100。
土豆 Boss 已被击败，胜利流程已触发。
遭遇第 2 形态 洋葱 开始。
正在重新加载 Boss 关卡。
全局配置加载完成：最大能量 3 格，Boss 生命 100。
横向对峙布局初始化：玩家位于左侧，土豆 Boss 位于右侧，Boss 实际位置 X=3.86，与玩家保持水平出生线。
Boss 关卡初始化完成，战斗开始。
遭遇第 1 形态 土豆 开始。
正在重新加载 Boss 关卡。
全局配置加载完成：最大能量 3 格，Boss 生命 100。
横向对峙布局初始化：玩家位于左侧，土豆 Boss 位于右侧，Boss 实际位置 X=3.86，与玩家保持水平出生线。
Boss 关卡初始化完成，战斗开始。
遭遇第 1 形态 土豆 开始。
土豆 Boss 受到 999 点伤害，剩余生命 0/100。
土豆 Boss 已被击败，胜利流程已触发。
遭遇第 2 形态 洋葱 开始。
正在重新加载 Boss 关卡。
全局配置加载完成：最大能量 3 格，Boss 生命 100。
横向对峙布局初始化：玩家位于左侧，土豆 Boss 位于右侧，Boss 实际位置 X=3.86，与玩家保持水平出生线。
Boss 关卡初始化完成，战斗开始。
遭遇第 1 形态 土豆 开始。
正在重新加载 Boss 关卡。
全局配置加载完成：最大能量 3 格，Boss 生命 100。
横向对峙布局初始化：玩家位于左侧，土豆 Boss 位于右侧，Boss 实际位置 X=3.86，与玩家保持水平出生线。
Boss 关卡初始化完成，战斗开始。
遭遇第 1 形态 土豆 开始。
土豆 Boss 受到 999 点伤害，剩余生命 0/100。
土豆 Boss 已被击败，胜利流程已触发。
遭遇第 2 形态 洋葱 开始。
正在重新加载 Boss 关卡。
全局配置加载完成：最大能量 3 格，Boss 生命 100。
横向对峙布局初始化：玩家位于左侧，土豆 Boss 位于右侧，Boss 实际位置 X=3.86，与玩家保持水平出生线。
Boss 关卡初始化完成，战斗开始。
遭遇第 1 形态 土豆 开始。
正在重新加载 Boss 关卡。
全局配置加载完成：最大能量 3 格，Boss 生命 100。
横向对峙布局初始化：玩家位于左侧，土豆 Boss 位于右侧，Boss 实际位置 X=3.86，与玩家保持水平出生线。
Boss 关卡初始化完成，战斗开始。
遭遇第 1 形态 土豆 开始。
土豆 Boss 受到 999 点伤害，剩余生命 0/100。
土豆 Boss 已被击败，胜利流程已触发。
遭遇第 2 形态 洋葱 开始。
正在重新加载 Boss 关卡。
全局配置加载完成：最大能量 3 格，Boss 生命 100。
横向对峙布局初始化：玩家位于左侧，土豆 Boss 位于右侧，Boss 实际位置 X=3.86，与玩家保持水平出生线。
Boss 关卡初始化完成，战斗开始。
遭遇第 1 形态 土豆 开始。
正在重新加载 Boss 关卡。
全局配置加载完成：最大能量 3 格，Boss 生命 100。
横向对峙布局初始化：玩家位于左侧，土豆 Boss 位于右侧，Boss 实际位置 X=3.86，与玩家保持水平出生线。
Boss 关卡初始化完成，战斗开始。
遭遇第 1 形态 土豆 开始。
土豆 Boss 受到 999 点伤害，剩余生命 0/100。
土豆 Boss 已被击败，胜利流程已触发。
遭遇第 2 形态 洋葱 开始。
正在重新加载 Boss 关卡。
全局配置加载完成：最大能量 3 格，Boss 生命 100。
横向对峙布局初始化：玩家位于左侧，土豆 Boss 位于右侧，Boss 实际位置 X=3.86，与玩家保持水平出生线。
Boss 关卡初始化完成，战斗开始。
遭遇第 1 形态 土豆 开始。
正在重新加载 Boss 关卡。
全局配置加载完成：最大能量 3 格，Boss 生命 100。
横向对峙布局初始化：玩家位于左侧，土豆 Boss 位于右侧，Boss 实际位置 X=3.86，与玩家保持水平出生线。
Boss 关卡初始化完成，战斗开始。
遭遇第 1 形态 土豆 开始。
全局配置加载完成：最大能量 3 格，Boss 生命 100。
横向对峙布局初始化：玩家位于左侧，土豆 Boss 位于右侧，Boss 实际位置 X=3.86，与玩家保持水平出生线。
Boss 关卡初始化完成，战斗开始。
]]></output>
              </test-case>
              <test-case id="1024" name="OnionAndCarrotExecuteTheirOwnAttacks" fullname="MMORPG.Tests.PlayMode.GardenEncounterTests.OnionAndCarrotExecuteTheirOwnAttacks" methodname="OnionAndCarrotExecuteTheirOwnAttacks" classname="MMORPG.Tests.PlayMode.GardenEncounterTests" runstate="Runnable" seed="1716142284" result="Passed" start-time="2026-09-14 14:39:02Z" end-time="2026-09-14 14:39:17Z" duration="15.293258" asserts="0">
                <properties>
                  <property name="_JOINTYPE" value="UnityCombinatorial" />
                  <property name="retryIteration" value="0" />
                  <property name="repeatIteration" value="0" />
                </properties>
                <output><![CDATA[全局配置加载完成：最大能量 3 格，Boss 生命 100。
横向对峙布局初始化：玩家位于左侧，土豆 Boss 位于右侧，Boss 实际位置 X=3.86，与玩家保持水平出生线。
Boss 关卡初始化完成，战斗开始。
遭遇第 1 形态 土豆 开始。
土豆 Boss 受到 999 点伤害，剩余生命 0/100。
土豆 Boss 已被击败，胜利流程已触发。
遭遇第 2 形态 洋葱 开始。
遭遇第 3 形态 胡萝卜 开始。
]]></output>
              </test-case>
              <test-case id="1030" name="OnionCorridorsAreReachableAndPinkFallsOutsideBoss" fullname="MMORPG.Tests.PlayMode.GardenEncounterTests.OnionCorridorsAreReachableAndPinkFallsOutsideBoss" methodname="OnionCorridorsAreReachableAndPinkFallsOutsideBoss" classname="MMORPG.Tests.PlayMode.GardenEncounterTests" runstate="Runnable" seed="1847604767" result="Passed" start-time="2026-09-14 14:39:17Z" end-time="2026-09-14 14:39:23Z" duration="5.594308" asserts="0">
                <properties>
                  <property name="_JOINTYPE" value="UnityCombinatorial" />
                  <property name="retryIteration" value="0" />
                  <property name="repeatIteration" value="0" />
                </properties>
                <output><![CDATA[全局配置加载完成：最大能量 3 格，Boss 生命 100。
横向对峙布局初始化：玩家位于左侧，土豆 Boss 位于右侧，Boss 实际位置 X=3.86，与玩家保持水平出生线。
Boss 关卡初始化完成，战斗开始。
遭遇第 1 形态 土豆 开始。
土豆 Boss 受到 999 点伤害，剩余生命 0/100。
土豆 Boss 已被击败，胜利流程已触发。
遭遇第 2 形态 洋葱 开始。
]]></output>
              </test-case>
              <test-case id="1020" name="PauseCannotBeReleasedByHitStop" fullname="MMORPG.Tests.PlayMode.GardenEncounterTests.PauseCannotBeReleasedByHitStop" methodname="PauseCannotBeReleasedByHitStop" classname="MMORPG.Tests.PlayMode.GardenEncounterTests" runstate="Runnable" seed="107150592" result="Passed" start-time="2026-09-14 14:39:23Z" end-time="2026-09-14 14:39:24Z" duration="1.737792" asserts="0">
                <properties>
                  <property name="_JOINTYPE" value="UnityCombinatorial" />
                  <property name="retryIteration" value="0" />
                  <property name="repeatIteration" value="0" />
                </properties>
                <output><![CDATA[全局配置加载完成：最大能量 3 格，Boss 生命 100。
横向对峙布局初始化：玩家位于左侧，土豆 Boss 位于右侧，Boss 实际位置 X=3.86，与玩家保持水平出生线。
Boss 关卡初始化完成，战斗开始。
遭遇第 1 形态 土豆 开始。
Boss 关卡已暂停。
Boss 关卡已继续。
]]></output>
              </test-case>
              <test-case id="1023" name="PersistentHazardCanDamageAfterImmunityExpires" fullname="MMORPG.Tests.PlayMode.GardenEncounterTests.PersistentHazardCanDamageAfterImmunityExpires" methodname="PersistentHazardCanDamageAfterImmunityExpires" classname="MMORPG.Tests.PlayMode.GardenEncounterTests" runstate="Runnable" seed="512686634" result="Passed" start-time="2026-09-14 14:39:24Z" end-time="2026-09-14 14:39:26Z" duration="1.841390" asserts="0">
                <properties>
                  <property name="_JOINTYPE" value="UnityCombinatorial" />
                  <property name="retryIteration" value="0" />
                  <property name="repeatIteration" value="0" />
                </properties>
                <output><![CDATA[全局配置加载完成：最大能量 3 格，Boss 生命 100。
横向对峙布局初始化：玩家位于左侧，土豆 Boss 位于右侧，Boss 实际位置 X=3.86，与玩家保持水平出生线。
Boss 关卡初始化完成，战斗开始。
遭遇第 1 形态 土豆 开始。
玩家受到 1 点伤害，剩余生命 2/3。
]]></output>
              </test-case>
              <test-case id="1019" name="PinkParryBouncesOnceAndCapsEnergy" fullname="MMORPG.Tests.PlayMode.GardenEncounterTests.PinkParryBouncesOnceAndCapsEnergy" methodname="PinkParryBouncesOnceAndCapsEnergy" classname="MMORPG.Tests.PlayMode.GardenEncounterTests" runstate="Runnable" seed="2115813532" result="Passed" start-time="2026-09-14 14:39:26Z" end-time="2026-09-14 14:39:28Z" duration="1.492676" asserts="0">
                <properties>
                  <property name="_JOINTYPE" value="UnityCombinatorial" />
                  <property name="retryIteration" value="0" />
                  <property name="repeatIteration" value="0" />
                </properties>
                <output><![CDATA[全局配置加载完成：最大能量 3 格，Boss 生命 100。
横向对峙布局初始化：玩家位于左侧，土豆 Boss 位于右侧，Boss 实际位置 X=3.86，与玩家保持水平出生线。
Boss 关卡初始化完成，战斗开始。
遭遇第 1 形态 土豆 开始。
玩家跳跃击碎粉色子弹，获得能量 1 格，当前能量 3/3。
]]></output>
              </test-case>
              <test-case id="1034" name="SettingsKeepKeyboardFocusInsideModalAndPauseCanReturnToTitle" fullname="MMORPG.Tests.PlayMode.GardenEncounterTests.SettingsKeepKeyboardFocusInsideModalAndPauseCanReturnToTitle" methodname="SettingsKeepKeyboardFocusInsideModalAndPauseCanReturnToTitle" classname="MMORPG.Tests.PlayMode.GardenEncounterTests" runstate="Runnable" seed="499268753" result="Passed" start-time="2026-09-14 14:39:28Z" end-time="2026-09-14 14:39:30Z" duration="2.247445" asserts="0">
                <properties>
                  <property name="_JOINTYPE" value="UnityCombinatorial" />
                  <property name="retryIteration" value="0" />
                  <property name="repeatIteration" value="0" />
                </properties>
                <output><![CDATA[全局配置加载完成：最大能量 3 格，Boss 生命 100。
横向对峙布局初始化：玩家位于左侧，土豆 Boss 位于右侧，Boss 实际位置 X=3.86，与玩家保持水平出生线。
Boss 关卡初始化完成，战斗开始。
遭遇第 1 形态 土豆 开始。
土豆 Boss 受到 999 点伤害，剩余生命 0/100。
土豆 Boss 已被击败，胜利流程已触发。
Boss 关卡已暂停。
全局配置加载完成：最大能量 3 格，Boss 生命 100。
横向对峙布局初始化：玩家位于左侧，土豆 Boss 位于右侧，Boss 实际位置 X=3.86，与玩家保持水平出生线。
Boss 关卡初始化完成，战斗开始。
]]></output>
              </test-case>
              <test-case id="1015" name="SettingsSliderFillStaysInsideTrackAtAllValues" fullname="MMORPG.Tests.PlayMode.GardenEncounterTests.SettingsSliderFillStaysInsideTrackAtAllValues" methodname="SettingsSliderFillStaysInsideTrackAtAllValues" classname="MMORPG.Tests.PlayMode.GardenEncounterTests" runstate="Runnable" seed="365207915" result="Passed" start-time="2026-09-14 14:39:30Z" end-time="2026-09-14 14:39:30Z" duration="0.194649" asserts="0">
                <properties>
                  <property name="_JOINTYPE" value="UnityCombinatorial" />
                  <property name="retryIteration" value="0" />
                  <property name="repeatIteration" value="0" />
                </properties>
                <output><![CDATA[全局配置加载完成：最大能量 3 格，Boss 生命 100。
横向对峙布局初始化：玩家位于左侧，土豆 Boss 位于右侧，Boss 实际位置 X=3.86，与玩家保持水平出生线。
Boss 关卡初始化完成，战斗开始。
]]></output>
              </test-case>
              <test-case id="1011" name="ShortJumpReleaseDeceleratesBeforeReachingItsTarget" fullname="MMORPG.Tests.PlayMode.GardenEncounterTests.ShortJumpReleaseDeceleratesBeforeReachingItsTarget" methodname="ShortJumpReleaseDeceleratesBeforeReachingItsTarget" classname="MMORPG.Tests.PlayMode.GardenEncounterTests" runstate="Runnable" seed="1222930058" result="Passed" start-time="2026-09-14 14:39:30Z" end-time="2026-09-14 14:39:32Z" duration="1.638045" asserts="0">
                <properties>
                  <property name="_JOINTYPE" value="UnityCombinatorial" />
                  <property name="retryIteration" value="0" />
                  <property name="repeatIteration" value="0" />
                </properties>
                <output><![CDATA[全局配置加载完成：最大能量 3 格，Boss 生命 100。
横向对峙布局初始化：玩家位于左侧，土豆 Boss 位于右侧，Boss 实际位置 X=3.86，与玩家保持水平出生线。
Boss 关卡初始化完成，战斗开始。
遭遇第 1 形态 土豆 开始。
]]></output>
              </test-case>
              <test-case id="1021" name="SimultaneousDeathsPreferDefeat" fullname="MMORPG.Tests.PlayMode.GardenEncounterTests.SimultaneousDeathsPreferDefeat" methodname="SimultaneousDeathsPreferDefeat" classname="MMORPG.Tests.PlayMode.GardenEncounterTests" runstate="Runnable" seed="1104957602" result="Passed" start-time="2026-09-14 14:39:32Z" end-time="2026-09-14 14:39:36Z" duration="4.091920" asserts="0">
                <properties>
                  <property name="_JOINTYPE" value="UnityCombinatorial" />
                  <property name="retryIteration" value="0" />
                  <property name="repeatIteration" value="0" />
                </properties>
                <output><![CDATA[全局配置加载完成：最大能量 3 格，Boss 生命 100。
横向对峙布局初始化：玩家位于左侧，土豆 Boss 位于右侧，Boss 实际位置 X=3.86，与玩家保持水平出生线。
Boss 关卡初始化完成，战斗开始。
遭遇第 1 形态 土豆 开始。
土豆 Boss 受到 999 点伤害，剩余生命 0/100。
土豆 Boss 已被击败，胜利流程已触发。
玩家受到 999 点伤害，剩余生命 0/3。
玩家生命归零，战斗失败流程已触发。
花园剧场失败票券已显示。
]]></output>
              </test-case>
              <test-case id="1032" name="TimelyBeamDodgeAvoidsDamage" fullname="MMORPG.Tests.PlayMode.GardenEncounterTests.TimelyBeamDodgeAvoidsDamage" methodname="TimelyBeamDodgeAvoidsDamage" classname="MMORPG.Tests.PlayMode.GardenEncounterTests" runstate="Runnable" seed="1749348714" result="Passed" start-time="2026-09-14 14:39:36Z" end-time="2026-09-14 14:39:36Z" duration="0.306990" asserts="0">
                <properties>
                  <property name="_JOINTYPE" value="UnityCombinatorial" />
                  <property name="retryIteration" value="0" />
                  <property name="repeatIteration" value="0" />
                </properties>
                <output><![CDATA[全局配置加载完成：最大能量 3 格，Boss 生命 100。
横向对峙布局初始化：玩家位于左侧，土豆 Boss 位于右侧，Boss 实际位置 X=3.86，与玩家保持水平出生线。
Boss 关卡初始化完成，战斗开始。
遭遇第 1 形态 土豆 开始。
]]></output>
              </test-case>
              <test-case id="1016" name="TitlePreventsAttacksAndThreeFormsOnlyWinAtEnd" fullname="MMORPG.Tests.PlayMode.GardenEncounterTests.TitlePreventsAttacksAndThreeFormsOnlyWinAtEnd" methodname="TitlePreventsAttacksAndThreeFormsOnlyWinAtEnd" classname="MMORPG.Tests.PlayMode.GardenEncounterTests" runstate="Runnable" seed="1618289418" result="Passed" start-time="2026-09-14 14:39:36Z" end-time="2026-09-14 14:39:41Z" duration="5.095368" asserts="0">
                <properties>
                  <property name="_JOINTYPE" value="UnityCombinatorial" />
                  <property name="retryIteration" value="0" />
                  <property name="repeatIteration" value="0" />
                </properties>
                <output><![CDATA[全局配置加载完成：最大能量 3 格，Boss 生命 100。
横向对峙布局初始化：玩家位于左侧，土豆 Boss 位于右侧，Boss 实际位置 X=3.86，与玩家保持水平出生线。
Boss 关卡初始化完成，战斗开始。
遭遇第 1 形态 土豆 开始。
土豆 Boss 受到 999 点伤害，剩余生命 0/100。
土豆 Boss 已被击败，胜利流程已触发。
遭遇第 2 形态 洋葱 开始。
遭遇第 3 形态 胡萝卜 开始。
花园剧场胜利界面已显示。
]]></output>
              </test-case>
              <test-case id="1036" name="TransitionClearsOldJumpBufferAndHeldActions" fullname="MMORPG.Tests.PlayMode.GardenEncounterTests.TransitionClearsOldJumpBufferAndHeldActions" methodname="TransitionClearsOldJumpBufferAndHeldActions" classname="MMORPG.Tests.PlayMode.GardenEncounterTests" runstate="Runnable" seed="1141108824" result="Passed" start-time="2026-09-14 14:39:41Z" end-time="2026-09-14 14:39:44Z" duration="2.945752" asserts="0">
                <properties>
                  <property name="_JOINTYPE" value="UnityCombinatorial" />
                  <property name="retryIteration" value="0" />
                  <property name="repeatIteration" value="0" />
                </properties>
                <output><![CDATA[全局配置加载完成：最大能量 3 格，Boss 生命 100。
横向对峙布局初始化：玩家位于左侧，土豆 Boss 位于右侧，Boss 实际位置 X=3.86，与玩家保持水平出生线。
Boss 关卡初始化完成，战斗开始。
遭遇第 1 形态 土豆 开始。
土豆 Boss 受到 999 点伤害，剩余生命 0/100。
土豆 Boss 已被击败，胜利流程已触发。
遭遇第 2 形态 洋葱 开始。
]]></output>
              </test-case>
              <test-case id="1013" name="UiHealthEnergyAndDefeatBindingsSurviveRetry" fullname="MMORPG.Tests.PlayMode.GardenEncounterTests.UiHealthEnergyAndDefeatBindingsSurviveRetry" methodname="UiHealthEnergyAndDefeatBindingsSurviveRetry" classname="MMORPG.Tests.PlayMode.GardenEncounterTests" runstate="Runnable" seed="341139519" result="Passed" start-time="2026-09-14 14:39:44Z" end-time="2026-09-14 14:39:52Z" duration="8.075891" asserts="0">
                <properties>
                  <property name="_JOINTYPE" value="UnityCombinatorial" />
                  <property name="retryIteration" value="0" />
                  <property name="repeatIteration" value="0" />
                </properties>
                <output><![CDATA[全局配置加载完成：最大能量 3 格，Boss 生命 100。
横向对峙布局初始化：玩家位于左侧，土豆 Boss 位于右侧，Boss 实际位置 X=3.86，与玩家保持水平出生线。
Boss 关卡初始化完成，战斗开始。
遭遇第 1 形态 土豆 开始。
玩家受到 1 点伤害，剩余生命 2/3。
Boss 关卡已暂停。
Boss 关卡已继续。
玩家受到 999 点伤害，剩余生命 0/3。
玩家生命归零，战斗失败流程已触发。
花园剧场失败票券已显示。
正在重新加载 Boss 关卡。
全局配置加载完成：最大能量 3 格，Boss 生命 100。
横向对峙布局初始化：玩家位于左侧，土豆 Boss 位于右侧，Boss 实际位置 X=3.86，与玩家保持水平出生线。
Boss 关卡初始化完成，战斗开始。
]]></output>
              </test-case>
            </test-suite>
            <test-suite type="TestFixture" id="1038" name="PotatoAttackTimelineTests" fullname="MMORPG.Tests.PlayMode.PotatoAttackTimelineTests" classname="MMORPG.Tests.PlayMode.PotatoAttackTimelineTests" runstate="Runnable" testcasecount="11" result="Passed" start-time="2026-09-14 14:39:52Z" end-time="2026-09-14 14:39:52Z" duration="0.009617" total="11" passed="11" failed="0" inconclusive="0" skipped="0" asserts="0">
              <properties />
              <test-case id="1040" name="CancelBeforeReleaseAndRestartLeaveNoOldEvents" fullname="MMORPG.Tests.PlayMode.PotatoAttackTimelineTests.CancelBeforeReleaseAndRestartLeaveNoOldEvents" methodname="CancelBeforeReleaseAndRestartLeaveNoOldEvents" classname="MMORPG.Tests.PlayMode.PotatoAttackTimelineTests" runstate="Runnable" seed="101161772" result="Passed" start-time="2026-09-14 14:39:52Z" end-time="2026-09-14 14:39:52Z" duration="0.001518" asserts="0">
                <properties>
                  <property name="retryIteration" value="0" />
                  <property name="repeatIteration" value="0" />
                </properties>
              </test-case>
              <test-case id="1041" name="HugeFramesKeepThreeShotsAndFullFinalRecovery" fullname="MMORPG.Tests.PlayMode.PotatoAttackTimelineTests.HugeFramesKeepThreeShotsAndFullFinalRecovery" methodname="HugeFramesKeepThreeShotsAndFullFinalRecovery" classname="MMORPG.Tests.PlayMode.PotatoAttackTimelineTests" runstate="Runnable" seed="2038815306" result="Passed" start-time="2026-09-14 14:39:52Z" end-time="2026-09-14 14:39:52Z" duration="0.000716" asserts="0">
                <properties>
                  <property name="retryIteration" value="0" />
                  <property name="repeatIteration" value="0" />
                </properties>
              </test-case>
              <test-case id="1046" name="InvalidMarkersAreRejected" fullname="MMORPG.Tests.PlayMode.PotatoAttackTimelineTests.InvalidMarkersAreRejected" methodname="InvalidMarkersAreRejected" classname="MMORPG.Tests.PlayMode.PotatoAttackTimelineTests" runstate="Runnable" seed="1539395906" result="Passed" start-time="2026-09-14 14:39:52Z" end-time="2026-09-14 14:39:52Z" duration="0.001045" asserts="0">
                <properties>
                  <property name="retryIteration" value="0" />
                  <property name="repeatIteration" value="0" />
                </properties>
              </test-case>
              <test-suite type="ParameterizedMethod" id="1045" name="NormalFramesRemainMonotonicAndReleaseExactlyThreeTimes" fullname="MMORPG.Tests.PlayMode.PotatoAttackTimelineTests.NormalFramesRemainMonotonicAndReleaseExactlyThreeTimes" classname="MMORPG.Tests.PlayMode.PotatoAttackTimelineTests" runstate="Runnable" testcasecount="3" result="Passed" start-time="2026-09-14 14:39:52Z" end-time="2026-09-14 14:39:52Z" duration="0.002291" total="3" passed="3" failed="0" inconclusive="0" skipped="0" asserts="0">
                <properties />
                <test-case id="1042" name="NormalFramesRemainMonotonicAndReleaseExactlyThreeTimes(30)" fullname="MMORPG.Tests.PlayMode.PotatoAttackTimelineTests.NormalFramesRemainMonotonicAndReleaseExactlyThreeTimes(30)" methodname="NormalFramesRemainMonotonicAndReleaseExactlyThreeTimes" classname="MMORPG.Tests.PlayMode.PotatoAttackTimelineTests" runstate="Runnable" seed="757018754" result="Passed" start-time="2026-09-14 14:39:52Z" end-time="2026-09-14 14:39:52Z" duration="0.000439" asserts="0">
                  <properties>
                    <property name="retryIteration" value="0" />
                    <property name="repeatIteration" value="0" />
                  </properties>
                </test-case>
                <test-case id="1043" name="NormalFramesRemainMonotonicAndReleaseExactlyThreeTimes(60)" fullname="MMORPG.Tests.PlayMode.PotatoAttackTimelineTests.NormalFramesRemainMonotonicAndReleaseExactlyThreeTimes(60)" methodname="NormalFramesRemainMonotonicAndReleaseExactlyThreeTimes" classname="MMORPG.Tests.PlayMode.PotatoAttackTimelineTests" runstate="Runnable" seed="489987715" result="Passed" start-time="2026-09-14 14:39:52Z" end-time="2026-09-14 14:39:52Z" duration="0.000254" asserts="0">
                  <properties>
                    <property name="retryIteration" value="0" />
                    <property name="repeatIteration" value="0" />
                  </properties>
                </test-case>
                <test-case id="1044" name="NormalFramesRemainMonotonicAndReleaseExactlyThreeTimes(120)" fullname="MMORPG.Tests.PlayMode.PotatoAttackTimelineTests.NormalFramesRemainMonotonicAndReleaseExactlyThreeTimes(120)" methodname="NormalFramesRemainMonotonicAndReleaseExactlyThreeTimes" classname="MMORPG.Tests.PlayMode.PotatoAttackTimelineTests" runstate="Runnable" seed="1195013210" result="Passed" start-time="2026-09-14 14:39:52Z" end-time="2026-09-14 14:39:52Z" duration="0.000424" asserts="0">
                  <properties>
                    <property name="retryIteration" value="0" />
                    <property name="repeatIteration" value="0" />
                  </properties>
                </test-case>
              </test-suite>
              <test-case id="1039" name="PauseAndBoundaryDoNotRepeatMarker" fullname="MMORPG.Tests.PlayMode.PotatoAttackTimelineTests.PauseAndBoundaryDoNotRepeatMarker" methodname="PauseAndBoundaryDoNotRepeatMarker" classname="MMORPG.Tests.PlayMode.PotatoAttackTimelineTests" runstate="Runnable" seed="1357915212" result="Passed" start-time="2026-09-14 14:39:52Z" end-time="2026-09-14 14:39:52Z" duration="0.000184" asserts="0">
                <properties>
                  <property name="retryIteration" value="0" />
                  <property name="repeatIteration" value="0" />
                </properties>
              </test-case>
              <test-suite type="ParameterizedMethod" id="1051" name="ZeroTellAndRecoveryPreserveReleases" fullname="MMORPG.Tests.PlayMode.PotatoAttackTimelineTests.ZeroTellAndRecoveryPreserveReleases" classname="MMORPG.Tests.PlayMode.PotatoAttackTimelineTests" runstate="Runnable" testcasecount="4" result="Passed" start-time="2026-09-14 14:39:52Z" end-time="2026-09-14 14:39:52Z" duration="0.001853" total="4" passed="4" failed="0" inconclusive="0" skipped="0" asserts="0">
                <properties />
                <test-case id="1047" name="ZeroTellAndRecoveryPreserveReleases(0.0f,0.4f,3)" fullname="MMORPG.Tests.PlayMode.PotatoAttackTimelineTests.ZeroTellAndRecoveryPreserveReleases(0.0f,0.4f,3)" methodname="ZeroTellAndRecoveryPreserveReleases" classname="MMORPG.Tests.PlayMode.PotatoAttackTimelineTests" runstate="Runnable" seed="501916513" result="Passed" start-time="2026-09-14 14:39:52Z" end-time="2026-09-14 14:39:52Z" duration="0.000657" asserts="0">
                  <properties>
                    <property name="retryIteration" value="0" />
                    <property name="repeatIteration" value="0" />
                  </properties>
                </test-case>
                <test-case id="1048" name="ZeroTellAndRecoveryPreserveReleases(0.5f,0.0f,3)" fullname="MMORPG.Tests.PlayMode.PotatoAttackTimelineTests.ZeroTellAndRecoveryPreserveReleases(0.5f,0.0f,3)" methodname="ZeroTellAndRecoveryPreserveReleases" classname="MMORPG.Tests.PlayMode.PotatoAttackTimelineTests" runstate="Runnable" seed="1319245702" result="Passed" start-time="2026-09-14 14:39:52Z" end-time="2026-09-14 14:39:52Z" duration="0.000115" asserts="0">
                  <properties>
                    <property name="retryIteration" value="0" />
                    <property name="repeatIteration" value="0" />
                  </properties>
                </test-case>
                <test-case id="1049" name="ZeroTellAndRecoveryPreserveReleases(0.0f,0.0f,3)" fullname="MMORPG.Tests.PlayMode.PotatoAttackTimelineTests.ZeroTellAndRecoveryPreserveReleases(0.0f,0.0f,3)" methodname="ZeroTellAndRecoveryPreserveReleases" classname="MMORPG.Tests.PlayMode.PotatoAttackTimelineTests" runstate="Runnable" seed="936757700" result="Passed" start-time="2026-09-14 14:39:52Z" end-time="2026-09-14 14:39:52Z" duration="0.000085" asserts="0">
                  <properties>
                    <property name="retryIteration" value="0" />
                    <property name="repeatIteration" value="0" />
                  </properties>
                </test-case>
                <test-case id="1050" name="ZeroTellAndRecoveryPreserveReleases(0.0f,0.0f,1)" fullname="MMORPG.Tests.PlayMode.PotatoAttackTimelineTests.ZeroTellAndRecoveryPreserveReleases(0.0f,0.0f,1)" methodname="ZeroTellAndRecoveryPreserveReleases" classname="MMORPG.Tests.PlayMode.PotatoAttackTimelineTests" runstate="Runnable" seed="637665141" result="Passed" start-time="2026-09-14 14:39:52Z" end-time="2026-09-14 14:39:52Z" duration="0.000071" asserts="0">
                  <properties>
                    <property name="retryIteration" value="0" />
                    <property name="repeatIteration" value="0" />
                  </properties>
                </test-case>
              </test-suite>
            </test-suite>
            <test-suite type="TestFixture" id="1052" name="PresentationLayoutTests" fullname="MMORPG.Tests.PlayMode.PresentationLayoutTests" classname="MMORPG.Tests.PlayMode.PresentationLayoutTests" runstate="Runnable" testcasecount="1" result="Passed" start-time="2026-09-14 14:39:52Z" end-time="2026-09-14 14:39:52Z" duration="0.002209" total="1" passed="1" failed="0" inconclusive="0" skipped="0" asserts="0">
              <properties />
              <test-case id="1053" name="DefeatSummaryDoesNotOverlapProgressOrDetails" fullname="MMORPG.Tests.PlayMode.PresentationLayoutTests.DefeatSummaryDoesNotOverlapProgressOrDetails" methodname="DefeatSummaryDoesNotOverlapProgressOrDetails" classname="MMORPG.Tests.PlayMode.PresentationLayoutTests" runstate="Runnable" seed="446003678" result="Passed" start-time="2026-09-14 14:39:52Z" end-time="2026-09-14 14:39:52Z" duration="0.001099" asserts="0">
                <properties>
                  <property name="retryIteration" value="0" />
                  <property name="repeatIteration" value="0" />
                </properties>
              </test-case>
            </test-suite>
            <test-suite type="TestFixture" id="1054" name="PrototypePlayModeFlowTests" fullname="MMORPG.Tests.PlayMode.PrototypePlayModeFlowTests" classname="MMORPG.Tests.PlayMode.PrototypePlayModeFlowTests" runstate="Runnable" testcasecount="8" result="Passed" start-time="2026-09-14 14:39:52Z" end-time="2026-09-14 14:40:19Z" duration="27.303938" total="8" passed="8" failed="0" inconclusive="0" skipped="0" asserts="0">
              <properties />
              <test-case id="1060" name="AirbornePlayerCanBreakPinkProjectileAndGainEnergy" fullname="MMORPG.Tests.PlayMode.PrototypePlayModeFlowTests.AirbornePlayerCanBreakPinkProjectileAndGainEnergy" methodname="AirbornePlayerCanBreakPinkProjectileAndGainEnergy" classname="MMORPG.Tests.PlayMode.PrototypePlayModeFlowTests" runstate="Runnable" seed="1473198617" result="Passed" start-time="2026-09-14 14:39:52Z" end-time="2026-09-14 14:39:53Z" duration="1.184817" asserts="0">
                <properties>
                  <property name="_JOINTYPE" value="UnityCombinatorial" />
                  <property name="retryIteration" value="0" />
                  <property name="repeatIteration" value="0" />
                </properties>
                <output><![CDATA[全局配置加载完成：最大能量 3 格，Boss 生命 100。
横向对峙布局初始化：玩家位于左侧，土豆 Boss 位于右侧，Boss 实际位置 X=3.48，与玩家保持水平出生线。
Boss 关卡初始化完成，战斗开始。
玩家跳跃击碎粉色子弹，获得能量 1 格，当前能量 1/3。
]]></output>
              </test-case>
              <test-case id="1058" name="BossAdvancesThroughThreePhasesOnDamageThresholds" fullname="MMORPG.Tests.PlayMode.PrototypePlayModeFlowTests.BossAdvancesThroughThreePhasesOnDamageThresholds" methodname="BossAdvancesThroughThreePhasesOnDamageThresholds" classname="MMORPG.Tests.PlayMode.PrototypePlayModeFlowTests" runstate="Runnable" seed="918164365" result="Passed" start-time="2026-09-14 14:39:53Z" end-time="2026-09-14 14:39:55Z" duration="1.817741" asserts="0">
                <properties>
                  <property name="_JOINTYPE" value="UnityCombinatorial" />
                  <property name="retryIteration" value="0" />
                  <property name="repeatIteration" value="0" />
                </properties>
                <output><![CDATA[全局配置加载完成：最大能量 3 格，Boss 生命 100。
横向对峙布局初始化：玩家位于左侧，土豆 Boss 位于右侧，Boss 实际位置 X=3.48，与玩家保持水平出生线。
Boss 关卡初始化完成，战斗开始。
土豆 Boss 受到 30 点伤害，剩余生命 70/100。
土豆 Boss 进入阶段 2，切换期间清空所有 Boss 投射物并暂停攻击 0.6 秒。
Boss 阶段切换安全窗口结束，恢复攻击。
土豆 Boss 受到 35 点伤害，剩余生命 35/100。
土豆 Boss 进入阶段 3，切换期间清空所有 Boss 投射物并暂停攻击 0.6 秒。
]]></output>
              </test-case>
              <test-case id="1056" name="BossBattleHudShowsHealthAndResultState" fullname="MMORPG.Tests.PlayMode.PrototypePlayModeFlowTests.BossBattleHudShowsHealthAndResultState" methodname="BossBattleHudShowsHealthAndResultState" classname="MMORPG.Tests.PlayMode.PrototypePlayModeFlowTests" runstate="Runnable" seed="310171037" result="Passed" start-time="2026-09-14 14:39:55Z" end-time="2026-09-14 14:40:00Z" duration="4.767429" asserts="0">
                <properties>
                  <property name="_JOINTYPE" value="UnityCombinatorial" />
                  <property name="retryIteration" value="0" />
                  <property name="repeatIteration" value="0" />
                </properties>
                <output><![CDATA[全局配置加载完成：最大能量 3 格，Boss 生命 100。
横向对峙布局初始化：玩家位于左侧，土豆 Boss 位于右侧，Boss 实际位置 X=3.48，与玩家保持水平出生线。
Boss 关卡初始化完成，战斗开始。
阶段 1 土豆 Boss 发动三段散射，第 1 发从上方位置生成普通土块子弹，水平速度 8.0。
阶段 1 土豆 Boss 发动三段散射，第 2 发从中间位置生成紫色可采集子弹，水平速度 7.2。
阶段 1 土豆 Boss 发动三段散射，第 3 发从下方位置生成普通土块子弹，水平速度 8.0。
土豆 Boss 受到 5 点伤害，剩余生命 95/100。
玩家受到 1 点伤害，剩余生命 2/3。
玩家受到 1 点伤害，剩余生命 1/3。
]]></output>
              </test-case>
              <test-case id="1057" name="BossDeathAndPlayerDeathShowCorrectResult" fullname="MMORPG.Tests.PlayMode.PrototypePlayModeFlowTests.BossDeathAndPlayerDeathShowCorrectResult" methodname="BossDeathAndPlayerDeathShowCorrectResult" classname="MMORPG.Tests.PlayMode.PrototypePlayModeFlowTests" runstate="Runnable" seed="564387209" result="Passed" start-time="2026-09-14 14:40:00Z" end-time="2026-09-14 14:40:05Z" duration="4.576127" asserts="0">
                <properties>
                  <property name="_JOINTYPE" value="UnityCombinatorial" />
                  <property name="retryIteration" value="0" />
                  <property name="repeatIteration" value="0" />
                </properties>
                <output><![CDATA[全局配置加载完成：最大能量 3 格，Boss 生命 100。
横向对峙布局初始化：玩家位于左侧，土豆 Boss 位于右侧，Boss 实际位置 X=3.48，与玩家保持水平出生线。
Boss 关卡初始化完成，战斗开始。
土豆 Boss 受到 100 点伤害，剩余生命 0/100。
土豆 Boss 已死亡，玩家战斗输入已锁定。
花园剧场胜利界面已显示。
土豆 Boss 已被击败，胜利流程已触发。
全局配置加载完成：最大能量 3 格，Boss 生命 100。
横向对峙布局初始化：玩家位于左侧，土豆 Boss 位于右侧，Boss 实际位置 X=3.48，与玩家保持水平出生线。
Boss 关卡初始化完成，战斗开始。
玩家受到 3 点伤害，剩余生命 0/3。
玩家已死亡，Boss 攻击流程已停止，2.0 秒后显示失败结算。
玩家生命归零，战斗失败流程已触发。
花园剧场失败票券已显示。
]]></output>
              </test-case>
              <test-case id="1061" name="GameConfigNormalizeRestoresNullSections" fullname="MMORPG.Tests.PlayMode.PrototypePlayModeFlowTests.GameConfigNormalizeRestoresNullSections" methodname="GameConfigNormalizeRestoresNullSections" classname="MMORPG.Tests.PlayMode.PrototypePlayModeFlowTests" runstate="Runnable" seed="278649414" result="Passed" start-time="2026-09-14 14:40:05Z" end-time="2026-09-14 14:40:05Z" duration="0.000398" asserts="0">
                <properties>
                  <property name="retryIteration" value="0" />
                  <property name="repeatIteration" value="0" />
                </properties>
              </test-case>
              <test-case id="1055" name="MainSceneCanRunBossEnergyAndSuperFlow" fullname="MMORPG.Tests.PlayMode.PrototypePlayModeFlowTests.MainSceneCanRunBossEnergyAndSuperFlow" methodname="MainSceneCanRunBossEnergyAndSuperFlow" classname="MMORPG.Tests.PlayMode.PrototypePlayModeFlowTests" runstate="Runnable" seed="1165546721" result="Passed" start-time="2026-09-14 14:40:05Z" end-time="2026-09-14 14:40:16Z" duration="11.429687" asserts="0">
                <properties>
                  <property name="_JOINTYPE" value="UnityCombinatorial" />
                  <property name="retryIteration" value="0" />
                  <property name="repeatIteration" value="0" />
                </properties>
                <output><![CDATA[全局配置加载完成：最大能量 3 格，Boss 生命 100。
横向对峙布局初始化：玩家位于左侧，土豆 Boss 位于右侧，Boss 实际位置 X=3.48，与玩家保持水平出生线。
Boss 关卡初始化完成，战斗开始。
阶段 1 土豆 Boss 发动抛物线种子攻击，目标 X=-4.70。
抛物线种子落地成为竖直障碍，位置 X=0.25，持续 3.5 秒。
阶段 1 土豆 Boss 发动三段散射，第 1 发从上方位置生成普通土块子弹，水平速度 8.0。
阶段 1 土豆 Boss 发动三段散射，第 2 发从中间位置生成普通土块子弹，水平速度 8.0。
阶段 1 土豆 Boss 发动三段散射，第 3 发从下方位置生成普通土块子弹，水平速度 8.0。
阶段 1 土豆 Boss 发动抛物线种子攻击，目标 X=-5.34。
抛物线种子落地成为竖直障碍，位置 X=0.25，持续 3.5 秒。
阶段 1 土豆 Boss 发动三段散射，第 1 发从上方位置生成普通土块子弹，水平速度 8.0。
阶段 1 土豆 Boss 发动三段散射，第 2 发从中间位置生成紫色可采集子弹，水平速度 7.2。
阶段 1 土豆 Boss 发动三段散射，第 3 发从下方位置生成普通土块子弹，水平速度 8.0。
阶段 1 土豆 Boss 发动三段散射，第 1 发从上方位置生成普通土块子弹，水平速度 8.0。
阶段 1 土豆 Boss 发动三段散射，第 2 发从中间位置生成普通土块子弹，水平速度 8.0。
阶段 1 土豆 Boss 发动三段散射，第 3 发从下方位置生成紫色可采集子弹，水平速度 7.2。
玩家攻击命中紫色子弹，获得能量 1 格。当前能量 1/3。
玩家释放大招，消耗全部 3 格能量。
土豆 Boss 受到 30 点伤害，剩余生命 70/100。
土豆 Boss 进入阶段 2，切换期间清空所有 Boss 投射物并暂停攻击 0.6 秒。
]]></output>
              </test-case>
              <test-case id="1059" name="PhaseTransitionClearsBossProjectilesAndBlocksAttacks" fullname="MMORPG.Tests.PlayMode.PrototypePlayModeFlowTests.PhaseTransitionClearsBossProjectilesAndBlocksAttacks" methodname="PhaseTransitionClearsBossProjectilesAndBlocksAttacks" classname="MMORPG.Tests.PlayMode.PrototypePlayModeFlowTests" runstate="Runnable" seed="1522399177" result="Passed" start-time="2026-09-14 14:40:16Z" end-time="2026-09-14 14:40:18Z" duration="2.363894" asserts="0">
                <properties>
                  <property name="_JOINTYPE" value="UnityCombinatorial" />
                  <property name="retryIteration" value="0" />
                  <property name="repeatIteration" value="0" />
                </properties>
                <output><![CDATA[全局配置加载完成：最大能量 3 格，Boss 生命 100。
横向对峙布局初始化：玩家位于左侧，土豆 Boss 位于右侧，Boss 实际位置 X=3.48，与玩家保持水平出生线。
Boss 关卡初始化完成，战斗开始。
土豆 Boss 受到 30 点伤害，剩余生命 70/100。
土豆 Boss 进入阶段 2，切换期间清空所有 Boss 投射物并暂停攻击 0.6 秒。
Boss 阶段切换安全窗口结束，恢复攻击。
]]></output>
              </test-case>
              <test-case id="1062" name="PooledBossHazardsCanBeCleared" fullname="MMORPG.Tests.PlayMode.PrototypePlayModeFlowTests.PooledBossHazardsCanBeCleared" methodname="PooledBossHazardsCanBeCleared" classname="MMORPG.Tests.PlayMode.PrototypePlayModeFlowTests" runstate="Runnable" seed="347683192" result="Passed" start-time="2026-09-14 14:40:18Z" end-time="2026-09-14 14:40:19Z" duration="1.161208" asserts="0">
                <properties>
                  <property name="_JOINTYPE" value="UnityCombinatorial" />
                  <property name="retryIteration" value="0" />
                  <property name="repeatIteration" value="0" />
                </properties>
                <output><![CDATA[全局配置加载完成：最大能量 3 格，Boss 生命 100。
横向对峙布局初始化：玩家位于左侧，土豆 Boss 位于右侧，Boss 实际位置 X=3.48，与玩家保持水平出生线。
Boss 关卡初始化完成，战斗开始。
昆虫从土豆 Boss 身旁飞出，目标玩家，位置 X=0.00。
Saving results to: C:/Users/admin/AppData/LocalLow/DefaultCompany/MMORPG\TestResults.xml
]]></output>
              </test-case>
            </test-suite>
          </test-suite>
        </test-suite>
      </test-suite>
    </test-suite>
  </test-suite>
</test-run>