<?xml version="1.0" encoding="utf-8"?>
<test-run id="2" testcasecount="57" result="Passed" total="57" passed="57" failed="0" inconclusive="0" skipped="0" asserts="0" engine-version="3.5.0.0" clr-version="4.0.30319.42000" start-time="2026-09-14 15:06:54Z" end-time="2026-09-14 15:10:29Z" duration="215.1822529">
  <test-suite type="TestSuite" id="1073" name="MMORPG" fullname="MMORPG" runstate="Runnable" testcasecount="57" result="Passed" start-time="2026-09-14 15:06:54Z" end-time="2026-09-14 15:10:29Z" duration="215.182253" total="57" passed="57" failed="0" inconclusive="0" skipped="0" asserts="0">
    <properties>
      <property name="platform" value="PlayMode" />
    </properties>
    <test-suite type="Assembly" id="1066" name="MMORPG.Tests.PlayMode.dll" fullname="E:/UnityProject/MMORPG/MMORPG/Library/ScriptAssemblies/MMORPG.Tests.PlayMode.dll" runstate="Runnable" testcasecount="57" result="Passed" start-time="2026-09-14 15:06:54Z" end-time="2026-09-14 15:10:29Z" duration="215.178093" total="57" passed="57" failed="0" inconclusive="0" skipped="0" asserts="0">
      <properties>
        <property name="_PID" value="116040" />
        <property name="_APPDOMAIN" value="Unity Child Domain" />
        <property name="platform" value="PlayMode" />
        <property name="EditorOnly" value="False" />
      </properties>
      <test-suite type="TestSuite" id="1067" name="MMORPG" fullname="MMORPG" runstate="Runnable" testcasecount="57" result="Passed" start-time="2026-09-14 15:06:54Z" end-time="2026-09-14 15:10:29Z" duration="215.177622" total="57" passed="57" failed="0" inconclusive="0" skipped="0" asserts="0">
        <properties />
        <test-suite type="TestSuite" id="1068" name="Tests" fullname="MMORPG.Tests" runstate="Runnable" testcasecount="57" result="Passed" start-time="2026-09-14 15:06:54Z" end-time="2026-09-14 15:10:29Z" duration="215.177331" total="57" passed="57" failed="0" inconclusive="0" skipped="0" asserts="0">
          <properties />
          <test-suite type="TestSuite" id="1069" name="PlayMode" fullname="MMORPG.Tests.PlayMode" runstate="Runnable" testcasecount="57" result="Passed" start-time="2026-09-14 15:06:54Z" end-time="2026-09-14 15:10:29Z" duration="215.176109" total="57" passed="57" failed="0" inconclusive="0" skipped="0" asserts="0">
            <properties />
            <test-suite type="TestFixture" id="1001" name="BattleFoundationTests" fullname="MMORPG.Tests.PlayMode.BattleFoundationTests" classname="MMORPG.Tests.PlayMode.BattleFoundationTests" runstate="Runnable" testcasecount="6" result="Passed" start-time="2026-09-14 15:06:54Z" end-time="2026-09-14 15:07:10Z" duration="15.581068" total="6" passed="6" failed="0" inconclusive="0" skipped="0" asserts="0">
              <properties />
              <test-case id="1006" name="ActualProjectileContactsDealDamageAndCollectPink" fullname="MMORPG.Tests.PlayMode.BattleFoundationTests.ActualProjectileContactsDealDamageAndCollectPink" methodname="ActualProjectileContactsDealDamageAndCollectPink" classname="MMORPG.Tests.PlayMode.BattleFoundationTests" runstate="Runnable" seed="863958246" result="Passed" start-time="2026-09-14 15:06:54Z" end-time="2026-09-14 15:06:55Z" duration="0.750209" asserts="0">
                <properties>
                  <property name="_JOINTYPE" value="UnityCombinatorial" />
                  <property name="retryIteration" value="0" />
                  <property name="repeatIteration" value="0" />
                </properties>
                <output><![CDATA[全局配置加载完成：最大能量 3 格，Boss 生命 100。
横向对峙布局初始化：玩家位于左侧，土豆 Boss 位于右侧，Boss 实际位置 X=3.48，与玩家保持水平出生线。
Boss 关卡初始化完成，战斗开始。
玩家跳跃击碎粉色子弹，获得能量 1 格，当前能量 1/3。
土豆 Boss 受到 1 点伤害，剩余生命 99/100。
]]></output>
              </test-case>
              <test-case id="1007" name="EffectsAndTenRetriesDoNotAccumulate" fullname="MMORPG.Tests.PlayMode.BattleFoundationTests.EffectsAndTenRetriesDoNotAccumulate" methodname="EffectsAndTenRetriesDoNotAccumulate" classname="MMORPG.Tests.PlayMode.BattleFoundationTests" runstate="Runnable" seed="1746039200" result="Passed" start-time="2026-09-14 15:06:55Z" end-time="2026-09-14 15:07:03Z" duration="7.860398" asserts="0">
                <properties>
                  <property name="_JOINTYPE" value="UnityCombinatorial" />
                  <property name="retryIteration" value="0" />
                  <property name="repeatIteration" value="0" />
                </properties>
                <output><![CDATA[全局配置加载完成：最大能量 3 格，Boss 生命 100。
横向对峙布局初始化：玩家位于左侧，土豆 Boss 位于右侧，Boss 实际位置 X=3.48，与玩家保持水平出生线。
Boss 关卡初始化完成，战斗开始。
玩家受到 99 点伤害，剩余生命 0/3。
玩家已死亡，Boss 攻击流程已停止，2.0 秒后显示失败结算。
玩家生命归零，战斗失败流程已触发。
花园剧场失败票券已显示。
正在重新加载 Boss 关卡。
全局配置加载完成：最大能量 3 格，Boss 生命 100。
横向对峙布局初始化：玩家位于左侧，土豆 Boss 位于右侧，Boss 实际位置 X=3.48，与玩家保持水平出生线。
Boss 关卡初始化完成，战斗开始。
正在重新加载 Boss 关卡。
全局配置加载完成：最大能量 3 格，Boss 生命 100。
横向对峙布局初始化：玩家位于左侧，土豆 Boss 位于右侧，Boss 实际位置 X=3.48，与玩家保持水平出生线。
Boss 关卡初始化完成，战斗开始。
正在重新加载 Boss 关卡。
全局配置加载完成：最大能量 3 格，Boss 生命 100。
横向对峙布局初始化：玩家位于左侧，土豆 Boss 位于右侧，Boss 实际位置 X=3.48，与玩家保持水平出生线。
Boss 关卡初始化完成，战斗开始。
正在重新加载 Boss 关卡。
全局配置加载完成：最大能量 3 格，Boss 生命 100。
横向对峙布局初始化：玩家位于左侧，土豆 Boss 位于右侧，Boss 实际位置 X=3.48，与玩家保持水平出生线。
Boss 关卡初始化完成，战斗开始。
正在重新加载 Boss 关卡。
全局配置加载完成：最大能量 3 格，Boss 生命 100。
横向对峙布局初始化：玩家位于左侧，土豆 Boss 位于右侧，Boss 实际位置 X=3.48，与玩家保持水平出生线。
Boss 关卡初始化完成，战斗开始。
正在重新加载 Boss 关卡。
全局配置加载完成：最大能量 3 格，Boss 生命 100。
横向对峙布局初始化：玩家位于左侧，土豆 Boss 位于右侧，Boss 实际位置 X=3.48，与玩家保持水平出生线。
Boss 关卡初始化完成，战斗开始。
正在重新加载 Boss 关卡。
全局配置加载完成：最大能量 3 格，Boss 生命 100。
横向对峙布局初始化：玩家位于左侧，土豆 Boss 位于右侧，Boss 实际位置 X=3.48，与玩家保持水平出生线。
Boss 关卡初始化完成，战斗开始。
正在重新加载 Boss 关卡。
全局配置加载完成：最大能量 3 格，Boss 生命 100。
横向对峙布局初始化：玩家位于左侧，土豆 Boss 位于右侧，Boss 实际位置 X=3.48，与玩家保持水平出生线。
Boss 关卡初始化完成，战斗开始。
正在重新加载 Boss 关卡。
全局配置加载完成：最大能量 3 格，Boss 生命 100。
横向对峙布局初始化：玩家位于左侧，土豆 Boss 位于右侧，Boss 实际位置 X=3.48，与玩家保持水平出生线。
Boss 关卡初始化完成，战斗开始。
正在重新加载 Boss 关卡。
全局配置加载完成：最大能量 3 格，Boss 生命 100。
横向对峙布局初始化：玩家位于左侧，土豆 Boss 位于右侧，Boss 实际位置 X=3.48，与玩家保持水平出生线。
Boss 关卡初始化完成，战斗开始。
]]></output>
              </test-case>
              <test-case id="1002" name="KeyboardMovementJumpAndDashRemainResponsive" fullname="MMORPG.Tests.PlayMode.BattleFoundationTests.KeyboardMovementJumpAndDashRemainResponsive" methodname="KeyboardMovementJumpAndDashRemainResponsive" classname="MMORPG.Tests.PlayMode.BattleFoundationTests" runstate="Runnable" seed="1498550560" result="Passed" start-time="2026-09-14 15:07:03Z" end-time="2026-09-14 15:07:03Z" duration="0.494864" asserts="0">
                <properties>
                  <property name="_JOINTYPE" value="UnityCombinatorial" />
                  <property name="retryIteration" value="0" />
                  <property name="repeatIteration" value="0" />
                </properties>
                <output><![CDATA[全局配置加载完成：最大能量 3 格，Boss 生命 100。
横向对峙布局初始化：玩家位于左侧，土豆 Boss 位于右侧，Boss 实际位置 X=3.48，与玩家保持水平出生线。
Boss 关卡初始化完成，战斗开始。
]]></output>
              </test-case>
              <test-case id="1003" name="PauseButtonResumesAndBlocksSuperConsumption" fullname="MMORPG.Tests.PlayMode.BattleFoundationTests.PauseButtonResumesAndBlocksSuperConsumption" methodname="PauseButtonResumesAndBlocksSuperConsumption" classname="MMORPG.Tests.PlayMode.BattleFoundationTests" runstate="Runnable" seed="421910594" result="Passed" start-time="2026-09-14 15:07:03Z" end-time="2026-09-14 15:07:04Z" duration="0.315794" asserts="0">
                <properties>
                  <property name="_JOINTYPE" value="UnityCombinatorial" />
                  <property name="retryIteration" value="0" />
                  <property name="repeatIteration" value="0" />
                </properties>
                <output><![CDATA[全局配置加载完成：最大能量 3 格，Boss 生命 100。
横向对峙布局初始化：玩家位于左侧，土豆 Boss 位于右侧，Boss 实际位置 X=3.48，与玩家保持水平出生线。
Boss 关卡初始化完成，战斗开始。
Boss 关卡已暂停。
Boss 关卡已继续。
Boss 关卡已暂停。
Boss 关卡已继续。
]]></output>
              </test-case>
              <test-case id="1004" name="PinkCollectionAndDirectionalSuperAreSingleUse" fullname="MMORPG.Tests.PlayMode.BattleFoundationTests.PinkCollectionAndDirectionalSuperAreSingleUse" methodname="PinkCollectionAndDirectionalSuperAreSingleUse" classname="MMORPG.Tests.PlayMode.BattleFoundationTests" runstate="Runnable" seed="881419962" result="Passed" start-time="2026-09-14 15:07:04Z" end-time="2026-09-14 15:07:06Z" duration="2.245077" asserts="0">
                <properties>
                  <property name="_JOINTYPE" value="UnityCombinatorial" />
                  <property name="retryIteration" value="0" />
                  <property name="repeatIteration" value="0" />
                </properties>
                <output><![CDATA[全局配置加载完成：最大能量 3 格，Boss 生命 100。
横向对峙布局初始化：玩家位于左侧，土豆 Boss 位于右侧，Boss 实际位置 X=3.48，与玩家保持水平出生线。
Boss 关卡初始化完成，战斗开始。
玩家攻击命中紫色子弹，获得能量 1 格。当前能量 1/3。
玩家释放大招，消耗全部 3 格能量。
玩家大招演出结束。
玩家释放大招，消耗全部 3 格能量。
土豆 Boss 受到 30 点伤害，剩余生命 70/100。
土豆 Boss 进入阶段 2，切换期间清空所有 Boss 投射物并暂停攻击 0.6 秒。
玩家大招演出结束。
]]></output>
              </test-case>
              <test-case id="1005" name="ResourcesDamageAndShakeMatchVisibleState" fullname="MMORPG.Tests.PlayMode.BattleFoundationTests.ResourcesDamageAndShakeMatchVisibleState" methodname="ResourcesDamageAndShakeMatchVisibleState" classname="MMORPG.Tests.PlayMode.BattleFoundationTests" runstate="Runnable" seed="529315692" result="Passed" start-time="2026-09-14 15:07:06Z" end-time="2026-09-14 15:07:10Z" duration="3.903974" asserts="0">
                <properties>
                  <property name="_JOINTYPE" value="UnityCombinatorial" />
                  <property name="retryIteration" value="0" />
                  <property name="repeatIteration" value="0" />
                </properties>
                <output><![CDATA[全局配置加载完成：最大能量 3 格，Boss 生命 100。
横向对峙布局初始化：玩家位于左侧，土豆 Boss 位于右侧，Boss 实际位置 X=3.48，与玩家保持水平出生线。
Boss 关卡初始化完成，战斗开始。
玩家受到 1 点伤害，剩余生命 2/3。
玩家受到 1 点伤害，剩余生命 1/3。
]]></output>
              </test-case>
            </test-suite>
            <test-suite type="TestFixture" id="1008" name="BossEntranceTests" fullname="MMORPG.Tests.PlayMode.BossEntranceTests" classname="MMORPG.Tests.PlayMode.BossEntranceTests" runstate="Runnable" testcasecount="2" result="Passed" start-time="2026-09-14 15:07:10Z" end-time="2026-09-14 15:07:10Z" duration="0.009021" total="2" passed="2" failed="0" inconclusive="0" skipped="0" asserts="0">
              <properties />
              <test-case id="1010" name="EntrancePauseAndCancelDoNotLeaveOverlay" fullname="MMORPG.Tests.PlayMode.BossEntranceTests.EntrancePauseAndCancelDoNotLeaveOverlay" methodname="EntrancePauseAndCancelDoNotLeaveOverlay" classname="MMORPG.Tests.PlayMode.BossEntranceTests" runstate="Runnable" seed="1846701996" result="Passed" start-time="2026-09-14 15:07:10Z" end-time="2026-09-14 15:07:10Z" duration="0.002615" asserts="0">
                <properties>
                  <property name="retryIteration" value="0" />
                  <property name="repeatIteration" value="0" />
                </properties>
              </test-case>
              <test-case id="1009" name="EntrancePreservesRootAndColliderAndRestoresHiddenBody" fullname="MMORPG.Tests.PlayMode.BossEntranceTests.EntrancePreservesRootAndColliderAndRestoresHiddenBody" methodname="EntrancePreservesRootAndColliderAndRestoresHiddenBody" classname="MMORPG.Tests.PlayMode.BossEntranceTests" runstate="Runnable" seed="918976590" result="Passed" start-time="2026-09-14 15:07:10Z" end-time="2026-09-14 15:07:10Z" duration="0.005249" asserts="0">
                <properties>
                  <property name="retryIteration" value="0" />
                  <property name="repeatIteration" value="0" />
                </properties>
              </test-case>
            </test-suite>
            <test-suite type="TestFixture" id="1011" name="GardenEncounterTests" fullname="MMORPG.Tests.PlayMode.GardenEncounterTests" classname="MMORPG.Tests.PlayMode.GardenEncounterTests" runstate="Runnable" testcasecount="29" result="Passed" start-time="2026-09-14 15:07:10Z" end-time="2026-09-14 15:10:01Z" duration="171.323552" total="29" passed="29" failed="0" inconclusive="0" skipped="0" asserts="0">
              <properties />
              <test-case id="1012" name="AirbornePresentationUsesVelocityAndKeepsFlipMirrorStable" fullname="MMORPG.Tests.PlayMode.GardenEncounterTests.AirbornePresentationUsesVelocityAndKeepsFlipMirrorStable" methodname="AirbornePresentationUsesVelocityAndKeepsFlipMirrorStable" classname="MMORPG.Tests.PlayMode.GardenEncounterTests" runstate="Runnable" seed="729052030" result="Passed" start-time="2026-09-14 15:07:10Z" end-time="2026-09-14 15:07:12Z" duration="2.115241" asserts="0">
                <properties>
                  <property name="_JOINTYPE" value="UnityCombinatorial" />
                  <property name="retryIteration" value="0" />
                  <property name="repeatIteration" value="0" />
                </properties>
                <output><![CDATA[全局配置加载完成：最大能量 3 格，Boss 生命 100。
横向对峙布局初始化：玩家位于左侧，土豆 Boss 位于右侧，Boss 实际位置 X=3.86，与玩家保持水平出生线。
Boss 关卡初始化完成，战斗开始。
PotatoBoss 缺少正式入场序列，暂保留静态等待；不会以根节点缩放替代入场动作。
遭遇第 1 形态 土豆 开始。
]]></output>
              </test-case>
              <test-case id="1025" name="AudioBudgetAndBeamLifetimeRemainBounded" fullname="MMORPG.Tests.PlayMode.GardenEncounterTests.AudioBudgetAndBeamLifetimeRemainBounded" methodname="AudioBudgetAndBeamLifetimeRemainBounded" classname="MMORPG.Tests.PlayMode.GardenEncounterTests" runstate="Runnable" seed="115677457" result="Passed" start-time="2026-09-14 15:07:12Z" end-time="2026-09-14 15:07:14Z" duration="2.350341" asserts="0">
                <properties>
                  <property name="_JOINTYPE" value="UnityCombinatorial" />
                  <property name="retryIteration" value="0" />
                  <property name="repeatIteration" value="0" />
                </properties>
                <output><![CDATA[全局配置加载完成：最大能量 3 格，Boss 生命 100。
横向对峙布局初始化：玩家位于左侧，土豆 Boss 位于右侧，Boss 实际位置 X=3.86，与玩家保持水平出生线。
Boss 关卡初始化完成，战斗开始。
PotatoBoss 缺少正式入场序列，暂保留静态等待；不会以根节点缩放替代入场动作。
遭遇第 1 形态 土豆 开始。
]]></output>
              </test-case>
              <test-case id="1032" name="BeamLocksDirectionAndSeekerObeysTurnAndLifetimeLimits" fullname="MMORPG.Tests.PlayMode.GardenEncounterTests.BeamLocksDirectionAndSeekerObeysTurnAndLifetimeLimits" methodname="BeamLocksDirectionAndSeekerObeysTurnAndLifetimeLimits" classname="MMORPG.Tests.PlayMode.GardenEncounterTests" runstate="Runnable" seed="164184517" result="Passed" start-time="2026-09-14 15:07:14Z" end-time="2026-09-14 15:07:21Z" duration="6.900971" asserts="0">
                <properties>
                  <property name="_JOINTYPE" value="UnityCombinatorial" />
                  <property name="retryIteration" value="0" />
                  <property name="repeatIteration" value="0" />
                </properties>
                <output><![CDATA[全局配置加载完成：最大能量 3 格，Boss 生命 100。
横向对峙布局初始化：玩家位于左侧，土豆 Boss 位于右侧，Boss 实际位置 X=3.86，与玩家保持水平出生线。
Boss 关卡初始化完成，战斗开始。
PotatoBoss 缺少正式入场序列，暂保留静态等待；不会以根节点缩放替代入场动作。
遭遇第 1 形态 土豆 开始。
]]></output>
              </test-case>
              <test-case id="1038" name="BossBoundaryStopsRunningAndDashingPastTheOpponent" fullname="MMORPG.Tests.PlayMode.GardenEncounterTests.BossBoundaryStopsRunningAndDashingPastTheOpponent" methodname="BossBoundaryStopsRunningAndDashingPastTheOpponent" classname="MMORPG.Tests.PlayMode.GardenEncounterTests" runstate="Runnable" seed="1367898517" result="Passed" start-time="2026-09-14 15:07:21Z" end-time="2026-09-14 15:07:26Z" duration="4.428639" asserts="0">
                <properties>
                  <property name="_JOINTYPE" value="UnityCombinatorial" />
                  <property name="retryIteration" value="0" />
                  <property name="repeatIteration" value="0" />
                </properties>
                <output><![CDATA[全局配置加载完成：最大能量 3 格，Boss 生命 100。
横向对峙布局初始化：玩家位于左侧，土豆 Boss 位于右侧，Boss 实际位置 X=3.86，与玩家保持水平出生线。
Boss 关卡初始化完成，战斗开始。
PotatoBoss 缺少正式入场序列，暂保留静态等待；不会以根节点缩放替代入场动作。
遭遇第 1 形态 土豆 开始。
]]></output>
              </test-case>
              <test-case id="1020" name="DashContactKeepsBothProjectileKindsAndTheirLease" fullname="MMORPG.Tests.PlayMode.GardenEncounterTests.DashContactKeepsBothProjectileKindsAndTheirLease" methodname="DashContactKeepsBothProjectileKindsAndTheirLease" classname="MMORPG.Tests.PlayMode.GardenEncounterTests" runstate="Runnable" seed="290898706" result="Passed" start-time="2026-09-14 15:07:26Z" end-time="2026-09-14 15:07:27Z" duration="1.524859" asserts="0">
                <properties>
                  <property name="_JOINTYPE" value="UnityCombinatorial" />
                  <property name="retryIteration" value="0" />
                  <property name="repeatIteration" value="0" />
                </properties>
                <output><![CDATA[全局配置加载完成：最大能量 3 格，Boss 生命 100。
横向对峙布局初始化：玩家位于左侧，土豆 Boss 位于右侧，Boss 实际位置 X=3.86，与玩家保持水平出生线。
Boss 关卡初始化完成，战斗开始。
PotatoBoss 缺少正式入场序列，暂保留静态等待；不会以根节点缩放替代入场动作。
遭遇第 1 形态 土豆 开始。
]]></output>
              </test-case>
              <test-case id="1013" name="DashDistanceUsesPhysicsTimeAndDoesNotOvershootOnUnevenSteps" fullname="MMORPG.Tests.PlayMode.GardenEncounterTests.DashDistanceUsesPhysicsTimeAndDoesNotOvershootOnUnevenSteps" methodname="DashDistanceUsesPhysicsTimeAndDoesNotOvershootOnUnevenSteps" classname="MMORPG.Tests.PlayMode.GardenEncounterTests" runstate="Runnable" seed="1104471855" result="Passed" start-time="2026-09-14 15:07:27Z" end-time="2026-09-14 15:07:31Z" duration="3.649703" asserts="0">
                <properties>
                  <property name="_JOINTYPE" value="UnityCombinatorial" />
                  <property name="retryIteration" value="0" />
                  <property name="repeatIteration" value="0" />
                </properties>
                <output><![CDATA[全局配置加载完成：最大能量 3 格，Boss 生命 100。
横向对峙布局初始化：玩家位于左侧，土豆 Boss 位于右侧，Boss 实际位置 X=3.86，与玩家保持水平出生线。
Boss 关卡初始化完成，战斗开始。
PotatoBoss 缺少正式入场序列，暂保留静态等待；不会以根节点缩放替代入场动作。
遭遇第 1 形态 土豆 开始。
]]></output>
              </test-case>
              <test-case id="1034" name="EarlyBeamDodgeExpiresBeforeDamage" fullname="MMORPG.Tests.PlayMode.GardenEncounterTests.EarlyBeamDodgeExpiresBeforeDamage" methodname="EarlyBeamDodgeExpiresBeforeDamage" classname="MMORPG.Tests.PlayMode.GardenEncounterTests" runstate="Runnable" seed="1692423599" result="Passed" start-time="2026-09-14 15:07:31Z" end-time="2026-09-14 15:07:31Z" duration="0.346209" asserts="0">
                <properties>
                  <property name="_JOINTYPE" value="UnityCombinatorial" />
                  <property name="retryIteration" value="0" />
                  <property name="repeatIteration" value="0" />
                </properties>
                <output><![CDATA[全局配置加载完成：最大能量 3 格，Boss 生命 100。
横向对峙布局初始化：玩家位于左侧，土豆 Boss 位于右侧，Boss 实际位置 X=3.86，与玩家保持水平出生线。
Boss 关卡初始化完成，战斗开始。
PotatoBoss 缺少正式入场序列，暂保留静态等待；不会以根节点缩放替代入场动作。
遭遇第 1 形态 土豆 开始。
玩家受到 1 点伤害，剩余生命 2/3。
]]></output>
              </test-case>
              <test-case id="1028" name="EnergyTrailUsesBoundCameraDuringOffscreenRendering" fullname="MMORPG.Tests.PlayMode.GardenEncounterTests.EnergyTrailUsesBoundCameraDuringOffscreenRendering" methodname="EnergyTrailUsesBoundCameraDuringOffscreenRendering" classname="MMORPG.Tests.PlayMode.GardenEncounterTests" runstate="Runnable" seed="2016869883" result="Passed" start-time="2026-09-14 15:07:31Z" end-time="2026-09-14 15:07:33Z" duration="1.890529" asserts="0">
                <properties>
                  <property name="_JOINTYPE" value="UnityCombinatorial" />
                  <property name="retryIteration" value="0" />
                  <property name="repeatIteration" value="0" />
                </properties>
                <output><![CDATA[全局配置加载完成：最大能量 3 格，Boss 生命 100。
横向对峙布局初始化：玩家位于左侧，土豆 Boss 位于右侧，Boss 实际位置 X=3.86，与玩家保持水平出生线。
Boss 关卡初始化完成，战斗开始。
PotatoBoss 缺少正式入场序列，暂保留静态等待；不会以根节点缩放替代入场动作。
遭遇第 1 形态 土豆 开始。
]]></output>
              </test-case>
              <test-case id="1017" name="FastSettingsEntryRestoresOpaquePauseAndResultClearsEnergyTrail" fullname="MMORPG.Tests.PlayMode.GardenEncounterTests.FastSettingsEntryRestoresOpaquePauseAndResultClearsEnergyTrail" methodname="FastSettingsEntryRestoresOpaquePauseAndResultClearsEnergyTrail" classname="MMORPG.Tests.PlayMode.GardenEncounterTests" runstate="Runnable" seed="1956692133" result="Passed" start-time="2026-09-14 15:07:33Z" end-time="2026-09-14 15:07:35Z" duration="1.945545" asserts="0">
                <properties>
                  <property name="_JOINTYPE" value="UnityCombinatorial" />
                  <property name="retryIteration" value="0" />
                  <property name="repeatIteration" value="0" />
                </properties>
                <output><![CDATA[全局配置加载完成：最大能量 3 格，Boss 生命 100。
横向对峙布局初始化：玩家位于左侧，土豆 Boss 位于右侧，Boss 实际位置 X=3.86，与玩家保持水平出生线。
Boss 关卡初始化完成，战斗开始。
PotatoBoss 缺少正式入场序列，暂保留静态等待；不会以根节点缩放替代入场动作。
遭遇第 1 形态 土豆 开始。
Boss 关卡已暂停。
Boss 关卡已继续。
花园剧场胜利界面已显示。
]]></output>
              </test-case>
              <test-case id="1030" name="HitStopBuffersDashAndMultipleCollidersCollectOnlyOnce" fullname="MMORPG.Tests.PlayMode.GardenEncounterTests.HitStopBuffersDashAndMultipleCollidersCollectOnlyOnce" methodname="HitStopBuffersDashAndMultipleCollidersCollectOnlyOnce" classname="MMORPG.Tests.PlayMode.GardenEncounterTests" runstate="Runnable" seed="31845077" result="Passed" start-time="2026-09-14 15:07:35Z" end-time="2026-09-14 15:07:37Z" duration="1.664476" asserts="0">
                <properties>
                  <property name="_JOINTYPE" value="UnityCombinatorial" />
                  <property name="retryIteration" value="0" />
                  <property name="repeatIteration" value="0" />
                </properties>
                <output><![CDATA[全局配置加载完成：最大能量 3 格，Boss 生命 100。
横向对峙布局初始化：玩家位于左侧，土豆 Boss 位于右侧，Boss 实际位置 X=3.86，与玩家保持水平出生线。
Boss 关卡初始化完成，战斗开始。
PotatoBoss 缺少正式入场序列，暂保留静态等待；不会以根节点缩放替代入场动作。
遭遇第 1 形态 土豆 开始。
玩家跳跃击碎粉色子弹，获得能量 1 格，当前能量 1/3。
]]></output>
              </test-case>
              <test-case id="1021" name="ImmunityRejectsDamageWithoutConsumingProjectile" fullname="MMORPG.Tests.PlayMode.GardenEncounterTests.ImmunityRejectsDamageWithoutConsumingProjectile" methodname="ImmunityRejectsDamageWithoutConsumingProjectile" classname="MMORPG.Tests.PlayMode.GardenEncounterTests" runstate="Runnable" seed="510969187" result="Passed" start-time="2026-09-14 15:07:37Z" end-time="2026-09-14 15:07:38Z" duration="1.521254" asserts="0">
                <properties>
                  <property name="_JOINTYPE" value="UnityCombinatorial" />
                  <property name="retryIteration" value="0" />
                  <property name="repeatIteration" value="0" />
                </properties>
                <output><![CDATA[全局配置加载完成：最大能量 3 格，Boss 生命 100。
横向对峙布局初始化：玩家位于左侧，土豆 Boss 位于右侧，Boss 实际位置 X=3.86，与玩家保持水平出生线。
Boss 关卡初始化完成，战斗开始。
PotatoBoss 缺少正式入场序列，暂保留静态等待；不会以根节点缩放替代入场动作。
遭遇第 1 形态 土豆 开始。
]]></output>
              </test-case>
              <test-case id="1015" name="JumpDuringHurtKeepsPriorityAndTransitionSettlesRotation" fullname="MMORPG.Tests.PlayMode.GardenEncounterTests.JumpDuringHurtKeepsPriorityAndTransitionSettlesRotation" methodname="JumpDuringHurtKeepsPriorityAndTransitionSettlesRotation" classname="MMORPG.Tests.PlayMode.GardenEncounterTests" runstate="Runnable" seed="226940432" result="Passed" start-time="2026-09-14 15:07:38Z" end-time="2026-09-14 15:07:41Z" duration="2.579442" asserts="0">
                <properties>
                  <property name="_JOINTYPE" value="UnityCombinatorial" />
                  <property name="retryIteration" value="0" />
                  <property name="repeatIteration" value="0" />
                </properties>
                <output><![CDATA[全局配置加载完成：最大能量 3 格，Boss 生命 100。
横向对峙布局初始化：玩家位于左侧，土豆 Boss 位于右侧，Boss 实际位置 X=3.86，与玩家保持水平出生线。
Boss 关卡初始化完成，战斗开始。
PotatoBoss 缺少正式入场序列，暂保留静态等待；不会以根节点缩放替代入场动作。
遭遇第 1 形态 土豆 开始。
玩家受到 1 点伤害，剩余生命 2/3。
土豆 Boss 受到 999 点伤害，剩余生命 0/100。
土豆 Boss 已被击败，胜利流程已触发。
]]></output>
              </test-case>
              <test-case id="1029" name="KeyboardMenusUseOneInputSystemAndDoNotLeakActions" fullname="MMORPG.Tests.PlayMode.GardenEncounterTests.KeyboardMenusUseOneInputSystemAndDoNotLeakActions" methodname="KeyboardMenusUseOneInputSystemAndDoNotLeakActions" classname="MMORPG.Tests.PlayMode.GardenEncounterTests" runstate="Runnable" seed="1381733309" result="Passed" start-time="2026-09-14 15:07:41Z" end-time="2026-09-14 15:07:43Z" duration="2.323466" asserts="0">
                <properties>
                  <property name="_JOINTYPE" value="UnityCombinatorial" />
                  <property name="retryIteration" value="0" />
                  <property name="repeatIteration" value="0" />
                </properties>
                <output><![CDATA[全局配置加载完成：最大能量 3 格，Boss 生命 100。
横向对峙布局初始化：玩家位于左侧，土豆 Boss 位于右侧，Boss 实际位置 X=3.86，与玩家保持水平出生线。
Boss 关卡初始化完成，战斗开始。
PotatoBoss 缺少正式入场序列，暂保留静态等待；不会以根节点缩放替代入场动作。
遭遇第 1 形态 土豆 开始。
Boss 关卡已暂停。
Boss 关卡已继续。
]]></output>
              </test-case>
              <test-case id="1040" name="KeyboardPracticeCompletesThreeFormsWithNormalDamage" fullname="MMORPG.Tests.PlayMode.GardenEncounterTests.KeyboardPracticeCompletesThreeFormsWithNormalDamage" methodname="KeyboardPracticeCompletesThreeFormsWithNormalDamage" classname="MMORPG.Tests.PlayMode.GardenEncounterTests" runstate="Runnable" seed="175553529" result="Passed" start-time="2026-09-14 15:07:43Z" end-time="2026-09-14 15:08:43Z" duration="59.906980" asserts="0">
                <properties>
                  <property name="_JOINTYPE" value="UnityCombinatorial" />
                  <property name="retryIteration" value="0" />
                  <property name="repeatIteration" value="0" />
                </properties>
                <output><![CDATA[全局配置加载完成：最大能量 3 格，Boss 生命 100。
横向对峙布局初始化：玩家位于左侧，土豆 Boss 位于右侧，Boss 实际位置 X=3.86，与玩家保持水平出生线。
Boss 关卡初始化完成，战斗开始。
PotatoBoss 缺少正式入场序列，暂保留静态等待；不会以根节点缩放替代入场动作。
遭遇第 1 形态 土豆 开始。
土豆 Boss 受到 1 点伤害，剩余生命 99/100。
土豆 Boss 受到 1 点伤害，剩余生命 98/100。
土豆 Boss 受到 1 点伤害，剩余生命 97/100。
土豆 Boss 受到 1 点伤害，剩余生命 96/100。
土豆 Boss 受到 1 点伤害，剩余生命 95/100。
土豆 Boss 受到 1 点伤害，剩余生命 94/100。
土豆 Boss 受到 1 点伤害，剩余生命 93/100。
土豆 Boss 受到 1 点伤害，剩余生命 92/100。
土豆 Boss 受到 1 点伤害，剩余生命 91/100。
土豆 Boss 受到 1 点伤害，剩余生命 90/100。
土豆 Boss 受到 1 点伤害，剩余生命 89/100。
土豆 Boss 受到 1 点伤害，剩余生命 88/100。
玩家攻击命中紫色子弹，获得能量 1 格。当前能量 1/3。
土豆 Boss 受到 1 点伤害，剩余生命 87/100。
土豆 Boss 受到 1 点伤害，剩余生命 86/100。
土豆 Boss 受到 1 点伤害，剩余生命 85/100。
土豆 Boss 受到 1 点伤害，剩余生命 84/100。
土豆 Boss 受到 1 点伤害，剩余生命 83/100。
土豆 Boss 受到 1 点伤害，剩余生命 82/100。
土豆 Boss 受到 1 点伤害，剩余生命 81/100。
土豆 Boss 受到 1 点伤害，剩余生命 80/100。
土豆 Boss 受到 1 点伤害，剩余生命 79/100。
土豆 Boss 受到 1 点伤害，剩余生命 78/100。
土豆 Boss 受到 1 点伤害，剩余生命 77/100。
土豆 Boss 受到 1 点伤害，剩余生命 76/100。
土豆 Boss 受到 1 点伤害，剩余生命 75/100。
土豆 Boss 受到 1 点伤害，剩余生命 74/100。
土豆 Boss 受到 1 点伤害，剩余生命 73/100。
土豆 Boss 受到 1 点伤害，剩余生命 72/100。
玩家攻击命中紫色子弹，获得能量 1 格。当前能量 2/3。
土豆 Boss 受到 1 点伤害，剩余生命 71/100。
土豆 Boss 受到 1 点伤害，剩余生命 70/100。
土豆 Boss 受到 1 点伤害，剩余生命 69/100。
土豆 Boss 受到 1 点伤害，剩余生命 68/100。
土豆 Boss 受到 1 点伤害，剩余生命 67/100。
土豆 Boss 受到 1 点伤害，剩余生命 66/100。
土豆 Boss 受到 1 点伤害，剩余生命 65/100。
土豆 Boss 受到 1 点伤害，剩余生命 64/100。
土豆 Boss 受到 1 点伤害，剩余生命 63/100。
土豆 Boss 受到 1 点伤害，剩余生命 62/100。
土豆 Boss 受到 1 点伤害，剩余生命 61/100。
土豆 Boss 受到 1 点伤害，剩余生命 60/100。
土豆 Boss 受到 1 点伤害，剩余生命 59/100。
土豆 Boss 受到 1 点伤害，剩余生命 58/100。
土豆 Boss 受到 1 点伤害，剩余生命 57/100。
土豆 Boss 受到 1 点伤害，剩余生命 56/100。
玩家攻击命中紫色子弹，获得能量 1 格。当前能量 3/3。
玩家释放大招，消耗全部 3 格能量。
土豆 Boss 受到 30 点伤害，剩余生命 26/100。
土豆 Boss 受到 1 点伤害，剩余生命 25/100。
土豆 Boss 受到 1 点伤害，剩余生命 24/100。
土豆 Boss 受到 1 点伤害，剩余生命 23/100。
玩家大招演出结束。
玩家受到 1 点伤害，剩余生命 2/3。
土豆 Boss 受到 1 点伤害，剩余生命 22/100。
土豆 Boss 受到 1 点伤害，剩余生命 21/100。
土豆 Boss 受到 1 点伤害，剩余生命 20/100。
土豆 Boss 受到 1 点伤害，剩余生命 19/100。
土豆 Boss 受到 1 点伤害，剩余生命 18/100。
土豆 Boss 受到 1 点伤害，剩余生命 17/100。
土豆 Boss 受到 1 点伤害，剩余生命 16/100。
土豆 Boss 受到 1 点伤害，剩余生命 15/100。
土豆 Boss 受到 1 点伤害，剩余生命 14/100。
土豆 Boss 受到 1 点伤害，剩余生命 13/100。
土豆 Boss 受到 1 点伤害，剩余生命 12/100。
玩家攻击命中紫色子弹，获得能量 1 格。当前能量 1/3。
土豆 Boss 受到 1 点伤害，剩余生命 11/100。
土豆 Boss 受到 1 点伤害，剩余生命 10/100。
土豆 Boss 受到 1 点伤害，剩余生命 9/100。
土豆 Boss 受到 1 点伤害，剩余生命 8/100。
土豆 Boss 受到 1 点伤害，剩余生命 7/100。
土豆 Boss 受到 1 点伤害，剩余生命 6/100。
土豆 Boss 受到 1 点伤害，剩余生命 5/100。
土豆 Boss 受到 1 点伤害，剩余生命 4/100。
土豆 Boss 受到 1 点伤害，剩余生命 3/100。
土豆 Boss 受到 1 点伤害，剩余生命 2/100。
土豆 Boss 受到 1 点伤害，剩余生命 1/100。
土豆 Boss 受到 1 点伤害，剩余生命 0/100。
土豆 Boss 已被击败，胜利流程已触发。
onion 缺少正式入场序列，暂保留静态等待；不会以根节点缩放替代入场动作。
遭遇第 2 形态 洋葱 开始。
玩家攻击命中紫色子弹，获得能量 1 格。当前能量 2/3。
玩家攻击命中紫色子弹，获得能量 1 格。当前能量 3/3。
玩家释放大招，消耗全部 3 格能量。
carrot 缺少正式入场序列，暂保留静态等待；不会以根节点缩放替代入场动作。
遭遇第 3 形态 胡萝卜 开始。
玩家攻击命中紫色子弹，获得能量 1 格。当前能量 1/3。
玩家攻击命中紫色子弹，获得能量 1 格。当前能量 2/3。
玩家攻击命中紫色子弹，获得能量 1 格。当前能量 3/3。
玩家释放大招，消耗全部 3 格能量。
玩家大招演出结束。
花园剧场胜利界面已显示。
]]></output>
              </test-case>
              <test-case id="1036" name="LateBeamDodgeCannotUndoDamage" fullname="MMORPG.Tests.PlayMode.GardenEncounterTests.LateBeamDodgeCannotUndoDamage" methodname="LateBeamDodgeCannotUndoDamage" classname="MMORPG.Tests.PlayMode.GardenEncounterTests" runstate="Runnable" seed="434354890" result="Passed" start-time="2026-09-14 15:08:43Z" end-time="2026-09-14 15:08:45Z" duration="2.203416" asserts="0">
                <properties>
                  <property name="_JOINTYPE" value="UnityCombinatorial" />
                  <property name="retryIteration" value="0" />
                  <property name="repeatIteration" value="0" />
                </properties>
                <output><![CDATA[全局配置加载完成：最大能量 3 格，Boss 生命 100。
横向对峙布局初始化：玩家位于左侧，土豆 Boss 位于右侧，Boss 实际位置 X=3.86，与玩家保持水平出生线。
Boss 关卡初始化完成，战斗开始。
PotatoBoss 缺少正式入场序列，暂保留静态等待；不会以根节点缩放替代入场动作。
遭遇第 1 形态 土豆 开始。
玩家受到 1 点伤害，剩余生命 2/3。
]]></output>
              </test-case>
              <test-case id="1031" name="NewEncounterRetriesTenTimesWithoutOldHazardsOrListeners" fullname="MMORPG.Tests.PlayMode.GardenEncounterTests.NewEncounterRetriesTenTimesWithoutOldHazardsOrListeners" methodname="NewEncounterRetriesTenTimesWithoutOldHazardsOrListeners" classname="MMORPG.Tests.PlayMode.GardenEncounterTests" runstate="Runnable" seed="1685161406" result="Passed" start-time="2026-09-14 15:08:45Z" end-time="2026-09-14 15:09:10Z" duration="24.686396" asserts="0">
                <properties>
                  <property name="_JOINTYPE" value="UnityCombinatorial" />
                  <property name="retryIteration" value="0" />
                  <property name="repeatIteration" value="0" />
                </properties>
                <output><![CDATA[全局配置加载完成：最大能量 3 格，Boss 生命 100。
横向对峙布局初始化：玩家位于左侧，土豆 Boss 位于右侧，Boss 实际位置 X=3.86，与玩家保持水平出生线。
Boss 关卡初始化完成，战斗开始。
PotatoBoss 缺少正式入场序列，暂保留静态等待；不会以根节点缩放替代入场动作。
遭遇第 1 形态 土豆 开始。
土豆 Boss 受到 999 点伤害，剩余生命 0/100。
土豆 Boss 已被击败，胜利流程已触发。
onion 缺少正式入场序列，暂保留静态等待；不会以根节点缩放替代入场动作。
遭遇第 2 形态 洋葱 开始。
正在重新加载 Boss 关卡。
全局配置加载完成：最大能量 3 格，Boss 生命 100。
横向对峙布局初始化：玩家位于左侧，土豆 Boss 位于右侧，Boss 实际位置 X=3.86，与玩家保持水平出生线。
PotatoBoss 缺少正式入场序列，暂保留静态等待；不会以根节点缩放替代入场动作。
Boss 关卡初始化完成，战斗开始。
遭遇第 1 形态 土豆 开始。
正在重新加载 Boss 关卡。
全局配置加载完成：最大能量 3 格，Boss 生命 100。
横向对峙布局初始化：玩家位于左侧，土豆 Boss 位于右侧，Boss 实际位置 X=3.86，与玩家保持水平出生线。
PotatoBoss 缺少正式入场序列，暂保留静态等待；不会以根节点缩放替代入场动作。
Boss 关卡初始化完成，战斗开始。
遭遇第 1 形态 土豆 开始。
土豆 Boss 受到 999 点伤害，剩余生命 0/100。
土豆 Boss 已被击败，胜利流程已触发。
onion 缺少正式入场序列，暂保留静态等待；不会以根节点缩放替代入场动作。
遭遇第 2 形态 洋葱 开始。
正在重新加载 Boss 关卡。
全局配置加载完成：最大能量 3 格，Boss 生命 100。
横向对峙布局初始化：玩家位于左侧，土豆 Boss 位于右侧，Boss 实际位置 X=3.86，与玩家保持水平出生线。
PotatoBoss 缺少正式入场序列，暂保留静态等待；不会以根节点缩放替代入场动作。
Boss 关卡初始化完成，战斗开始。
遭遇第 1 形态 土豆 开始。
正在重新加载 Boss 关卡。
全局配置加载完成：最大能量 3 格，Boss 生命 100。
横向对峙布局初始化：玩家位于左侧，土豆 Boss 位于右侧，Boss 实际位置 X=3.86，与玩家保持水平出生线。
PotatoBoss 缺少正式入场序列，暂保留静态等待；不会以根节点缩放替代入场动作。
Boss 关卡初始化完成，战斗开始。
遭遇第 1 形态 土豆 开始。
土豆 Boss 受到 999 点伤害，剩余生命 0/100。
土豆 Boss 已被击败，胜利流程已触发。
onion 缺少正式入场序列，暂保留静态等待；不会以根节点缩放替代入场动作。
遭遇第 2 形态 洋葱 开始。
正在重新加载 Boss 关卡。
全局配置加载完成：最大能量 3 格，Boss 生命 100。
横向对峙布局初始化：玩家位于左侧，土豆 Boss 位于右侧，Boss 实际位置 X=3.86，与玩家保持水平出生线。
PotatoBoss 缺少正式入场序列，暂保留静态等待；不会以根节点缩放替代入场动作。
Boss 关卡初始化完成，战斗开始。
遭遇第 1 形态 土豆 开始。
正在重新加载 Boss 关卡。
全局配置加载完成：最大能量 3 格，Boss 生命 100。
横向对峙布局初始化：玩家位于左侧，土豆 Boss 位于右侧，Boss 实际位置 X=3.86，与玩家保持水平出生线。
PotatoBoss 缺少正式入场序列，暂保留静态等待；不会以根节点缩放替代入场动作。
Boss 关卡初始化完成，战斗开始。
遭遇第 1 形态 土豆 开始。
土豆 Boss 受到 999 点伤害，剩余生命 0/100。
土豆 Boss 已被击败，胜利流程已触发。
onion 缺少正式入场序列，暂保留静态等待；不会以根节点缩放替代入场动作。
遭遇第 2 形态 洋葱 开始。
正在重新加载 Boss 关卡。
全局配置加载完成：最大能量 3 格，Boss 生命 100。
横向对峙布局初始化：玩家位于左侧，土豆 Boss 位于右侧，Boss 实际位置 X=3.86，与玩家保持水平出生线。
PotatoBoss 缺少正式入场序列，暂保留静态等待；不会以根节点缩放替代入场动作。
Boss 关卡初始化完成，战斗开始。
遭遇第 1 形态 土豆 开始。
正在重新加载 Boss 关卡。
全局配置加载完成：最大能量 3 格，Boss 生命 100。
横向对峙布局初始化：玩家位于左侧，土豆 Boss 位于右侧，Boss 实际位置 X=3.86，与玩家保持水平出生线。
PotatoBoss 缺少正式入场序列，暂保留静态等待；不会以根节点缩放替代入场动作。
Boss 关卡初始化完成，战斗开始。
遭遇第 1 形态 土豆 开始。
土豆 Boss 受到 999 点伤害，剩余生命 0/100。
土豆 Boss 已被击败，胜利流程已触发。
onion 缺少正式入场序列，暂保留静态等待；不会以根节点缩放替代入场动作。
遭遇第 2 形态 洋葱 开始。
正在重新加载 Boss 关卡。
全局配置加载完成：最大能量 3 格，Boss 生命 100。
横向对峙布局初始化：玩家位于左侧，土豆 Boss 位于右侧，Boss 实际位置 X=3.86，与玩家保持水平出生线。
PotatoBoss 缺少正式入场序列，暂保留静态等待；不会以根节点缩放替代入场动作。
Boss 关卡初始化完成，战斗开始。
遭遇第 1 形态 土豆 开始。
正在重新加载 Boss 关卡。
全局配置加载完成：最大能量 3 格，Boss 生命 100。
横向对峙布局初始化：玩家位于左侧，土豆 Boss 位于右侧，Boss 实际位置 X=3.86，与玩家保持水平出生线。
PotatoBoss 缺少正式入场序列，暂保留静态等待；不会以根节点缩放替代入场动作。
Boss 关卡初始化完成，战斗开始。
遭遇第 1 形态 土豆 开始。
全局配置加载完成：最大能量 3 格，Boss 生命 100。
横向对峙布局初始化：玩家位于左侧，土豆 Boss 位于右侧，Boss 实际位置 X=3.86，与玩家保持水平出生线。
Boss 关卡初始化完成，战斗开始。
]]></output>
              </test-case>
              <test-case id="1027" name="OnionAndCarrotExecuteTheirOwnAttacks" fullname="MMORPG.Tests.PlayMode.GardenEncounterTests.OnionAndCarrotExecuteTheirOwnAttacks" methodname="OnionAndCarrotExecuteTheirOwnAttacks" classname="MMORPG.Tests.PlayMode.GardenEncounterTests" runstate="Runnable" seed="1756766171" result="Passed" start-time="2026-09-14 15:09:10Z" end-time="2026-09-14 15:09:25Z" duration="15.328750" asserts="0">
                <properties>
                  <property name="_JOINTYPE" value="UnityCombinatorial" />
                  <property name="retryIteration" value="0" />
                  <property name="repeatIteration" value="0" />
                </properties>
                <output><![CDATA[全局配置加载完成：最大能量 3 格，Boss 生命 100。
横向对峙布局初始化：玩家位于左侧，土豆 Boss 位于右侧，Boss 实际位置 X=3.86，与玩家保持水平出生线。
Boss 关卡初始化完成，战斗开始。
PotatoBoss 缺少正式入场序列，暂保留静态等待；不会以根节点缩放替代入场动作。
遭遇第 1 形态 土豆 开始。
土豆 Boss 受到 999 点伤害，剩余生命 0/100。
土豆 Boss 已被击败，胜利流程已触发。
onion 缺少正式入场序列，暂保留静态等待；不会以根节点缩放替代入场动作。
遭遇第 2 形态 洋葱 开始。
carrot 缺少正式入场序列，暂保留静态等待；不会以根节点缩放替代入场动作。
遭遇第 3 形态 胡萝卜 开始。
]]></output>
              </test-case>
              <test-case id="1033" name="OnionCorridorsAreReachableAndPinkFallsOutsideBoss" fullname="MMORPG.Tests.PlayMode.GardenEncounterTests.OnionCorridorsAreReachableAndPinkFallsOutsideBoss" methodname="OnionCorridorsAreReachableAndPinkFallsOutsideBoss" classname="MMORPG.Tests.PlayMode.GardenEncounterTests" runstate="Runnable" seed="1353063144" result="Passed" start-time="2026-09-14 15:09:25Z" end-time="2026-09-14 15:09:31Z" duration="5.607545" asserts="0">
                <properties>
                  <property name="_JOINTYPE" value="UnityCombinatorial" />
                  <property name="retryIteration" value="0" />
                  <property name="repeatIteration" value="0" />
                </properties>
                <output><![CDATA[全局配置加载完成：最大能量 3 格，Boss 生命 100。
横向对峙布局初始化：玩家位于左侧，土豆 Boss 位于右侧，Boss 实际位置 X=3.86，与玩家保持水平出生线。
Boss 关卡初始化完成，战斗开始。
PotatoBoss 缺少正式入场序列，暂保留静态等待；不会以根节点缩放替代入场动作。
遭遇第 1 形态 土豆 开始。
土豆 Boss 受到 999 点伤害，剩余生命 0/100。
土豆 Boss 已被击败，胜利流程已触发。
onion 缺少正式入场序列，暂保留静态等待；不会以根节点缩放替代入场动作。
遭遇第 2 形态 洋葱 开始。
]]></output>
              </test-case>
              <test-case id="1023" name="PauseCannotBeReleasedByHitStop" fullname="MMORPG.Tests.PlayMode.GardenEncounterTests.PauseCannotBeReleasedByHitStop" methodname="PauseCannotBeReleasedByHitStop" classname="MMORPG.Tests.PlayMode.GardenEncounterTests" runstate="Runnable" seed="1752739040" result="Passed" start-time="2026-09-14 15:09:31Z" end-time="2026-09-14 15:09:33Z" duration="1.760443" asserts="0">
                <properties>
                  <property name="_JOINTYPE" value="UnityCombinatorial" />
                  <property name="retryIteration" value="0" />
                  <property name="repeatIteration" value="0" />
                </properties>
                <output><![CDATA[全局配置加载完成：最大能量 3 格，Boss 生命 100。
横向对峙布局初始化：玩家位于左侧，土豆 Boss 位于右侧，Boss 实际位置 X=3.86，与玩家保持水平出生线。
Boss 关卡初始化完成，战斗开始。
PotatoBoss 缺少正式入场序列，暂保留静态等待；不会以根节点缩放替代入场动作。
遭遇第 1 形态 土豆 开始。
Boss 关卡已暂停。
Boss 关卡已继续。
]]></output>
              </test-case>
              <test-case id="1026" name="PersistentHazardCanDamageAfterImmunityExpires" fullname="MMORPG.Tests.PlayMode.GardenEncounterTests.PersistentHazardCanDamageAfterImmunityExpires" methodname="PersistentHazardCanDamageAfterImmunityExpires" classname="MMORPG.Tests.PlayMode.GardenEncounterTests" runstate="Runnable" seed="1112237272" result="Passed" start-time="2026-09-14 15:09:33Z" end-time="2026-09-14 15:09:34Z" duration="1.842830" asserts="0">
                <properties>
                  <property name="_JOINTYPE" value="UnityCombinatorial" />
                  <property name="retryIteration" value="0" />
                  <property name="repeatIteration" value="0" />
                </properties>
                <output><![CDATA[全局配置加载完成：最大能量 3 格，Boss 生命 100。
横向对峙布局初始化：玩家位于左侧，土豆 Boss 位于右侧，Boss 实际位置 X=3.86，与玩家保持水平出生线。
Boss 关卡初始化完成，战斗开始。
PotatoBoss 缺少正式入场序列，暂保留静态等待；不会以根节点缩放替代入场动作。
遭遇第 1 形态 土豆 开始。
玩家受到 1 点伤害，剩余生命 2/3。
]]></output>
              </test-case>
              <test-case id="1022" name="PinkParryBouncesOnceAndCapsEnergy" fullname="MMORPG.Tests.PlayMode.GardenEncounterTests.PinkParryBouncesOnceAndCapsEnergy" methodname="PinkParryBouncesOnceAndCapsEnergy" classname="MMORPG.Tests.PlayMode.GardenEncounterTests" runstate="Runnable" seed="34223970" result="Passed" start-time="2026-09-14 15:09:34Z" end-time="2026-09-14 15:09:36Z" duration="1.492913" asserts="0">
                <properties>
                  <property name="_JOINTYPE" value="UnityCombinatorial" />
                  <property name="retryIteration" value="0" />
                  <property name="repeatIteration" value="0" />
                </properties>
                <output><![CDATA[全局配置加载完成：最大能量 3 格，Boss 生命 100。
横向对峙布局初始化：玩家位于左侧，土豆 Boss 位于右侧，Boss 实际位置 X=3.86，与玩家保持水平出生线。
Boss 关卡初始化完成，战斗开始。
PotatoBoss 缺少正式入场序列，暂保留静态等待；不会以根节点缩放替代入场动作。
遭遇第 1 形态 土豆 开始。
玩家跳跃击碎粉色子弹，获得能量 1 格，当前能量 3/3。
]]></output>
              </test-case>
              <test-case id="1037" name="SettingsKeepKeyboardFocusInsideModalAndPauseCanReturnToTitle" fullname="MMORPG.Tests.PlayMode.GardenEncounterTests.SettingsKeepKeyboardFocusInsideModalAndPauseCanReturnToTitle" methodname="SettingsKeepKeyboardFocusInsideModalAndPauseCanReturnToTitle" classname="MMORPG.Tests.PlayMode.GardenEncounterTests" runstate="Runnable" seed="1960963770" result="Passed" start-time="2026-09-14 15:09:36Z" end-time="2026-09-14 15:09:38Z" duration="2.241042" asserts="0">
                <properties>
                  <property name="_JOINTYPE" value="UnityCombinatorial" />
                  <property name="retryIteration" value="0" />
                  <property name="repeatIteration" value="0" />
                </properties>
                <output><![CDATA[全局配置加载完成：最大能量 3 格，Boss 生命 100。
横向对峙布局初始化：玩家位于左侧，土豆 Boss 位于右侧，Boss 实际位置 X=3.86，与玩家保持水平出生线。
Boss 关卡初始化完成，战斗开始。
PotatoBoss 缺少正式入场序列，暂保留静态等待；不会以根节点缩放替代入场动作。
遭遇第 1 形态 土豆 开始。
土豆 Boss 受到 999 点伤害，剩余生命 0/100。
土豆 Boss 已被击败，胜利流程已触发。
Boss 关卡已暂停。
全局配置加载完成：最大能量 3 格，Boss 生命 100。
横向对峙布局初始化：玩家位于左侧，土豆 Boss 位于右侧，Boss 实际位置 X=3.86，与玩家保持水平出生线。
Boss 关卡初始化完成，战斗开始。
]]></output>
              </test-case>
              <test-case id="1018" name="SettingsSliderFillStaysInsideTrackAtAllValues" fullname="MMORPG.Tests.PlayMode.GardenEncounterTests.SettingsSliderFillStaysInsideTrackAtAllValues" methodname="SettingsSliderFillStaysInsideTrackAtAllValues" classname="MMORPG.Tests.PlayMode.GardenEncounterTests" runstate="Runnable" seed="168122907" result="Passed" start-time="2026-09-14 15:09:38Z" end-time="2026-09-14 15:09:38Z" duration="0.194451" asserts="0">
                <properties>
                  <property name="_JOINTYPE" value="UnityCombinatorial" />
                  <property name="retryIteration" value="0" />
                  <property name="repeatIteration" value="0" />
                </properties>
                <output><![CDATA[全局配置加载完成：最大能量 3 格，Boss 生命 100。
横向对峙布局初始化：玩家位于左侧，土豆 Boss 位于右侧，Boss 实际位置 X=3.86，与玩家保持水平出生线。
Boss 关卡初始化完成，战斗开始。
]]></output>
              </test-case>
              <test-case id="1014" name="ShortJumpReleaseDeceleratesBeforeReachingItsTarget" fullname="MMORPG.Tests.PlayMode.GardenEncounterTests.ShortJumpReleaseDeceleratesBeforeReachingItsTarget" methodname="ShortJumpReleaseDeceleratesBeforeReachingItsTarget" classname="MMORPG.Tests.PlayMode.GardenEncounterTests" runstate="Runnable" seed="1480616030" result="Passed" start-time="2026-09-14 15:09:38Z" end-time="2026-09-14 15:09:40Z" duration="1.643844" asserts="0">
                <properties>
                  <property name="_JOINTYPE" value="UnityCombinatorial" />
                  <property name="retryIteration" value="0" />
                  <property name="repeatIteration" value="0" />
                </properties>
                <output><![CDATA[全局配置加载完成：最大能量 3 格，Boss 生命 100。
横向对峙布局初始化：玩家位于左侧，土豆 Boss 位于右侧，Boss 实际位置 X=3.86，与玩家保持水平出生线。
Boss 关卡初始化完成，战斗开始。
PotatoBoss 缺少正式入场序列，暂保留静态等待；不会以根节点缩放替代入场动作。
遭遇第 1 形态 土豆 开始。
]]></output>
              </test-case>
              <test-case id="1024" name="SimultaneousDeathsPreferDefeat" fullname="MMORPG.Tests.PlayMode.GardenEncounterTests.SimultaneousDeathsPreferDefeat" methodname="SimultaneousDeathsPreferDefeat" classname="MMORPG.Tests.PlayMode.GardenEncounterTests" runstate="Runnable" seed="2088816521" result="Passed" start-time="2026-09-14 15:09:40Z" end-time="2026-09-14 15:09:44Z" duration="4.103679" asserts="0">
                <properties>
                  <property name="_JOINTYPE" value="UnityCombinatorial" />
                  <property name="retryIteration" value="0" />
                  <property name="repeatIteration" value="0" />
                </properties>
                <output><![CDATA[全局配置加载完成：最大能量 3 格，Boss 生命 100。
横向对峙布局初始化：玩家位于左侧，土豆 Boss 位于右侧，Boss 实际位置 X=3.86，与玩家保持水平出生线。
Boss 关卡初始化完成，战斗开始。
PotatoBoss 缺少正式入场序列，暂保留静态等待；不会以根节点缩放替代入场动作。
遭遇第 1 形态 土豆 开始。
土豆 Boss 受到 999 点伤害，剩余生命 0/100。
土豆 Boss 已被击败，胜利流程已触发。
玩家受到 999 点伤害，剩余生命 0/3。
玩家生命归零，战斗失败流程已触发。
花园剧场失败票券已显示。
]]></output>
              </test-case>
              <test-case id="1035" name="TimelyBeamDodgeAvoidsDamage" fullname="MMORPG.Tests.PlayMode.GardenEncounterTests.TimelyBeamDodgeAvoidsDamage" methodname="TimelyBeamDodgeAvoidsDamage" classname="MMORPG.Tests.PlayMode.GardenEncounterTests" runstate="Runnable" seed="1802790238" result="Passed" start-time="2026-09-14 15:09:44Z" end-time="2026-09-14 15:09:44Z" duration="0.293624" asserts="0">
                <properties>
                  <property name="_JOINTYPE" value="UnityCombinatorial" />
                  <property name="retryIteration" value="0" />
                  <property name="repeatIteration" value="0" />
                </properties>
                <output><![CDATA[全局配置加载完成：最大能量 3 格，Boss 生命 100。
横向对峙布局初始化：玩家位于左侧，土豆 Boss 位于右侧，Boss 实际位置 X=3.86，与玩家保持水平出生线。
Boss 关卡初始化完成，战斗开始。
PotatoBoss 缺少正式入场序列，暂保留静态等待；不会以根节点缩放替代入场动作。
遭遇第 1 形态 土豆 开始。
]]></output>
              </test-case>
              <test-case id="1019" name="TitlePreventsAttacksAndThreeFormsOnlyWinAtEnd" fullname="MMORPG.Tests.PlayMode.GardenEncounterTests.TitlePreventsAttacksAndThreeFormsOnlyWinAtEnd" methodname="TitlePreventsAttacksAndThreeFormsOnlyWinAtEnd" classname="MMORPG.Tests.PlayMode.GardenEncounterTests" runstate="Runnable" seed="846718910" result="Passed" start-time="2026-09-14 15:09:44Z" end-time="2026-09-14 15:09:49Z" duration="5.109777" asserts="0">
                <properties>
                  <property name="_JOINTYPE" value="UnityCombinatorial" />
                  <property name="retryIteration" value="0" />
                  <property name="repeatIteration" value="0" />
                </properties>
                <output><![CDATA[全局配置加载完成：最大能量 3 格，Boss 生命 100。
横向对峙布局初始化：玩家位于左侧，土豆 Boss 位于右侧，Boss 实际位置 X=3.86，与玩家保持水平出生线。
Boss 关卡初始化完成，战斗开始。
PotatoBoss 缺少正式入场序列，暂保留静态等待；不会以根节点缩放替代入场动作。
遭遇第 1 形态 土豆 开始。
土豆 Boss 受到 999 点伤害，剩余生命 0/100。
土豆 Boss 已被击败，胜利流程已触发。
onion 缺少正式入场序列，暂保留静态等待；不会以根节点缩放替代入场动作。
遭遇第 2 形态 洋葱 开始。
carrot 缺少正式入场序列，暂保留静态等待；不会以根节点缩放替代入场动作。
遭遇第 3 形态 胡萝卜 开始。
花园剧场胜利界面已显示。
]]></output>
              </test-case>
              <test-case id="1039" name="TransitionClearsOldJumpBufferAndHeldActions" fullname="MMORPG.Tests.PlayMode.GardenEncounterTests.TransitionClearsOldJumpBufferAndHeldActions" methodname="TransitionClearsOldJumpBufferAndHeldActions" classname="MMORPG.Tests.PlayMode.GardenEncounterTests" runstate="Runnable" seed="556005015" result="Passed" start-time="2026-09-14 15:09:49Z" end-time="2026-09-14 15:09:52Z" duration="2.947030" asserts="0">
                <properties>
                  <property name="_JOINTYPE" value="UnityCombinatorial" />
                  <property name="retryIteration" value="0" />
                  <property name="repeatIteration" value="0" />
                </properties>
                <output><![CDATA[全局配置加载完成：最大能量 3 格，Boss 生命 100。
横向对峙布局初始化：玩家位于左侧，土豆 Boss 位于右侧，Boss 实际位置 X=3.86，与玩家保持水平出生线。
Boss 关卡初始化完成，战斗开始。
PotatoBoss 缺少正式入场序列，暂保留静态等待；不会以根节点缩放替代入场动作。
遭遇第 1 形态 土豆 开始。
土豆 Boss 受到 999 点伤害，剩余生命 0/100。
土豆 Boss 已被击败，胜利流程已触发。
onion 缺少正式入场序列，暂保留静态等待；不会以根节点缩放替代入场动作。
遭遇第 2 形态 洋葱 开始。
]]></output>
              </test-case>
              <test-case id="1016" name="UiHealthEnergyAndDefeatBindingsSurviveRetry" fullname="MMORPG.Tests.PlayMode.GardenEncounterTests.UiHealthEnergyAndDefeatBindingsSurviveRetry" methodname="UiHealthEnergyAndDefeatBindingsSurviveRetry" classname="MMORPG.Tests.PlayMode.GardenEncounterTests" runstate="Runnable" seed="446475986" result="Passed" start-time="2026-09-14 15:09:52Z" end-time="2026-09-14 15:10:01Z" duration="8.713949" asserts="0">
                <properties>
                  <property name="_JOINTYPE" value="UnityCombinatorial" />
                  <property name="retryIteration" value="0" />
                  <property name="repeatIteration" value="0" />
                </properties>
                <output><![CDATA[全局配置加载完成：最大能量 3 格，Boss 生命 100。
横向对峙布局初始化：玩家位于左侧，土豆 Boss 位于右侧，Boss 实际位置 X=3.86，与玩家保持水平出生线。
Boss 关卡初始化完成，战斗开始。
PotatoBoss 缺少正式入场序列，暂保留静态等待；不会以根节点缩放替代入场动作。
遭遇第 1 形态 土豆 开始。
玩家受到 1 点伤害，剩余生命 2/3。
Boss 关卡已暂停。
Boss 关卡已继续。
玩家受到 999 点伤害，剩余生命 0/3。
玩家生命归零，战斗失败流程已触发。
花园剧场失败票券已显示。
正在重新加载 Boss 关卡。
全局配置加载完成：最大能量 3 格，Boss 生命 100。
横向对峙布局初始化：玩家位于左侧，土豆 Boss 位于右侧，Boss 实际位置 X=3.86，与玩家保持水平出生线。
PotatoBoss 缺少正式入场序列，暂保留静态等待；不会以根节点缩放替代入场动作。
Boss 关卡初始化完成，战斗开始。
]]></output>
              </test-case>
            </test-suite>
            <test-suite type="TestFixture" id="1041" name="PotatoAttackTimelineTests" fullname="MMORPG.Tests.PlayMode.PotatoAttackTimelineTests" classname="MMORPG.Tests.PlayMode.PotatoAttackTimelineTests" runstate="Runnable" testcasecount="11" result="Passed" start-time="2026-09-14 15:10:01Z" end-time="2026-09-14 15:10:01Z" duration="0.013637" total="11" passed="11" failed="0" inconclusive="0" skipped="0" asserts="0">
              <properties />
              <test-case id="1043" name="CancelBeforeReleaseAndRestartLeaveNoOldEvents" fullname="MMORPG.Tests.PlayMode.PotatoAttackTimelineTests.CancelBeforeReleaseAndRestartLeaveNoOldEvents" methodname="CancelBeforeReleaseAndRestartLeaveNoOldEvents" classname="MMORPG.Tests.PlayMode.PotatoAttackTimelineTests" runstate="Runnable" seed="352848657" result="Passed" start-time="2026-09-14 15:10:01Z" end-time="2026-09-14 15:10:01Z" duration="0.000262" asserts="0">
                <properties>
                  <property name="retryIteration" value="0" />
                  <property name="repeatIteration" value="0" />
                </properties>
              </test-case>
              <test-case id="1044" name="HugeFramesKeepThreeShotsAndFullFinalRecovery" fullname="MMORPG.Tests.PlayMode.PotatoAttackTimelineTests.HugeFramesKeepThreeShotsAndFullFinalRecovery" methodname="HugeFramesKeepThreeShotsAndFullFinalRecovery" classname="MMORPG.Tests.PlayMode.PotatoAttackTimelineTests" runstate="Runnable" seed="1914285185" result="Passed" start-time="2026-09-14 15:10:01Z" end-time="2026-09-14 15:10:01Z" duration="0.001110" asserts="0">
                <properties>
                  <property name="retryIteration" value="0" />
                  <property name="repeatIteration" value="0" />
                </properties>
              </test-case>
              <test-case id="1049" name="InvalidMarkersAreRejected" fullname="MMORPG.Tests.PlayMode.PotatoAttackTimelineTests.InvalidMarkersAreRejected" methodname="InvalidMarkersAreRejected" classname="MMORPG.Tests.PlayMode.PotatoAttackTimelineTests" runstate="Runnable" seed="2001500774" result="Passed" start-time="2026-09-14 15:10:01Z" end-time="2026-09-14 15:10:01Z" duration="0.001163" asserts="0">
                <properties>
                  <property name="retryIteration" value="0" />
                  <property name="repeatIteration" value="0" />
                </properties>
              </test-case>
              <test-suite type="ParameterizedMethod" id="1048" name="NormalFramesRemainMonotonicAndReleaseExactlyThreeTimes" fullname="MMORPG.Tests.PlayMode.PotatoAttackTimelineTests.NormalFramesRemainMonotonicAndReleaseExactlyThreeTimes" classname="MMORPG.Tests.PlayMode.PotatoAttackTimelineTests" runstate="Runnable" testcasecount="3" result="Passed" start-time="2026-09-14 15:10:01Z" end-time="2026-09-14 15:10:01Z" duration="0.001961" total="3" passed="3" failed="0" inconclusive="0" skipped="0" asserts="0">
                <properties />
                <test-case id="1045" name="NormalFramesRemainMonotonicAndReleaseExactlyThreeTimes(30)" fullname="MMORPG.Tests.PlayMode.PotatoAttackTimelineTests.NormalFramesRemainMonotonicAndReleaseExactlyThreeTimes(30)" methodname="NormalFramesRemainMonotonicAndReleaseExactlyThreeTimes" classname="MMORPG.Tests.PlayMode.PotatoAttackTimelineTests" runstate="Runnable" seed="713220089" result="Passed" start-time="2026-09-14 15:10:01Z" end-time="2026-09-14 15:10:01Z" duration="0.000412" asserts="0">
                  <properties>
                    <property name="retryIteration" value="0" />
                    <property name="repeatIteration" value="0" />
                  </properties>
                </test-case>
                <test-case id="1046" name="NormalFramesRemainMonotonicAndReleaseExactlyThreeTimes(60)" fullname="MMORPG.Tests.PlayMode.PotatoAttackTimelineTests.NormalFramesRemainMonotonicAndReleaseExactlyThreeTimes(60)" methodname="NormalFramesRemainMonotonicAndReleaseExactlyThreeTimes" classname="MMORPG.Tests.PlayMode.PotatoAttackTimelineTests" runstate="Runnable" seed="1064208399" result="Passed" start-time="2026-09-14 15:10:01Z" end-time="2026-09-14 15:10:01Z" duration="0.000251" asserts="0">
                  <properties>
                    <property name="retryIteration" value="0" />
                    <property name="repeatIteration" value="0" />
                  </properties>
                </test-case>
                <test-case id="1047" name="NormalFramesRemainMonotonicAndReleaseExactlyThreeTimes(120)" fullname="MMORPG.Tests.PlayMode.PotatoAttackTimelineTests.NormalFramesRemainMonotonicAndReleaseExactlyThreeTimes(120)" methodname="NormalFramesRemainMonotonicAndReleaseExactlyThreeTimes" classname="MMORPG.Tests.PlayMode.PotatoAttackTimelineTests" runstate="Runnable" seed="1675875832" result="Passed" start-time="2026-09-14 15:10:01Z" end-time="2026-09-14 15:10:01Z" duration="0.000392" asserts="0">
                  <properties>
                    <property name="retryIteration" value="0" />
                    <property name="repeatIteration" value="0" />
                  </properties>
                </test-case>
              </test-suite>
              <test-case id="1042" name="PauseAndBoundaryDoNotRepeatMarker" fullname="MMORPG.Tests.PlayMode.PotatoAttackTimelineTests.PauseAndBoundaryDoNotRepeatMarker" methodname="PauseAndBoundaryDoNotRepeatMarker" classname="MMORPG.Tests.PlayMode.PotatoAttackTimelineTests" runstate="Runnable" seed="702599774" result="Passed" start-time="2026-09-14 15:10:01Z" end-time="2026-09-14 15:10:01Z" duration="0.000236" asserts="0">
                <properties>
                  <property name="retryIteration" value="0" />
                  <property name="repeatIteration" value="0" />
                </properties>
              </test-case>
              <test-suite type="ParameterizedMethod" id="1054" name="ZeroTellAndRecoveryPreserveReleases" fullname="MMORPG.Tests.PlayMode.PotatoAttackTimelineTests.ZeroTellAndRecoveryPreserveReleases" classname="MMORPG.Tests.PlayMode.PotatoAttackTimelineTests" runstate="Runnable" testcasecount="4" result="Passed" start-time="2026-09-14 15:10:01Z" end-time="2026-09-14 15:10:01Z" duration="0.007170" total="4" passed="4" failed="0" inconclusive="0" skipped="0" asserts="0">
                <properties />
                <test-case id="1050" name="ZeroTellAndRecoveryPreserveReleases(0.0f,0.4f,3)" fullname="MMORPG.Tests.PlayMode.PotatoAttackTimelineTests.ZeroTellAndRecoveryPreserveReleases(0.0f,0.4f,3)" methodname="ZeroTellAndRecoveryPreserveReleases" classname="MMORPG.Tests.PlayMode.PotatoAttackTimelineTests" runstate="Runnable" seed="51898748" result="Passed" start-time="2026-09-14 15:10:01Z" end-time="2026-09-14 15:10:01Z" duration="0.000677" asserts="0">
                  <properties>
                    <property name="retryIteration" value="0" />
                    <property name="repeatIteration" value="0" />
                  </properties>
                </test-case>
                <test-case id="1051" name="ZeroTellAndRecoveryPreserveReleases(0.5f,0.0f,3)" fullname="MMORPG.Tests.PlayMode.PotatoAttackTimelineTests.ZeroTellAndRecoveryPreserveReleases(0.5f,0.0f,3)" methodname="ZeroTellAndRecoveryPreserveReleases" classname="MMORPG.Tests.PlayMode.PotatoAttackTimelineTests" runstate="Runnable" seed="704444458" result="Passed" start-time="2026-09-14 15:10:01Z" end-time="2026-09-14 15:10:01Z" duration="0.000121" asserts="0">
                  <properties>
                    <property name="retryIteration" value="0" />
                    <property name="repeatIteration" value="0" />
                  </properties>
                </test-case>
                <test-case id="1052" name="ZeroTellAndRecoveryPreserveReleases(0.0f,0.0f,3)" fullname="MMORPG.Tests.PlayMode.PotatoAttackTimelineTests.ZeroTellAndRecoveryPreserveReleases(0.0f,0.0f,3)" methodname="ZeroTellAndRecoveryPreserveReleases" classname="MMORPG.Tests.PlayMode.PotatoAttackTimelineTests" runstate="Runnable" seed="1198533598" result="Passed" start-time="2026-09-14 15:10:01Z" end-time="2026-09-14 15:10:01Z" duration="0.000106" asserts="0">
                  <properties>
                    <property name="retryIteration" value="0" />
                    <property name="repeatIteration" value="0" />
                  </properties>
                </test-case>
                <test-case id="1053" name="ZeroTellAndRecoveryPreserveReleases(0.0f,0.0f,1)" fullname="MMORPG.Tests.PlayMode.PotatoAttackTimelineTests.ZeroTellAndRecoveryPreserveReleases(0.0f,0.0f,1)" methodname="ZeroTellAndRecoveryPreserveReleases" classname="MMORPG.Tests.PlayMode.PotatoAttackTimelineTests" runstate="Runnable" seed="1922441830" result="Passed" start-time="2026-09-14 15:10:01Z" end-time="2026-09-14 15:10:01Z" duration="0.000102" asserts="0">
                  <properties>
                    <property name="retryIteration" value="0" />
                    <property name="repeatIteration" value="0" />
                  </properties>
                </test-case>
              </test-suite>
            </test-suite>
            <test-suite type="TestFixture" id="1055" name="PresentationLayoutTests" fullname="MMORPG.Tests.PlayMode.PresentationLayoutTests" classname="MMORPG.Tests.PlayMode.PresentationLayoutTests" runstate="Runnable" testcasecount="1" result="Passed" start-time="2026-09-14 15:10:01Z" end-time="2026-09-14 15:10:01Z" duration="0.002576" total="1" passed="1" failed="0" inconclusive="0" skipped="0" asserts="0">
              <properties />
              <test-case id="1056" name="DefeatSummaryDoesNotOverlapProgressOrDetails" fullname="MMORPG.Tests.PlayMode.PresentationLayoutTests.DefeatSummaryDoesNotOverlapProgressOrDetails" methodname="DefeatSummaryDoesNotOverlapProgressOrDetails" classname="MMORPG.Tests.PlayMode.PresentationLayoutTests" runstate="Runnable" seed="1176684007" result="Passed" start-time="2026-09-14 15:10:01Z" end-time="2026-09-14 15:10:01Z" duration="0.001800" asserts="0">
                <properties>
                  <property name="retryIteration" value="0" />
                  <property name="repeatIteration" value="0" />
                </properties>
              </test-case>
            </test-suite>
            <test-suite type="TestFixture" id="1057" name="PrototypePlayModeFlowTests" fullname="MMORPG.Tests.PlayMode.PrototypePlayModeFlowTests" classname="MMORPG.Tests.PlayMode.PrototypePlayModeFlowTests" runstate="Runnable" testcasecount="8" result="Passed" start-time="2026-09-14 15:10:01Z" end-time="2026-09-14 15:10:29Z" duration="28.188071" total="8" passed="8" failed="0" inconclusive="0" skipped="0" asserts="0">
              <properties />
              <test-case id="1063" name="AirbornePlayerCanBreakPinkProjectileAndGainEnergy" fullname="MMORPG.Tests.PlayMode.PrototypePlayModeFlowTests.AirbornePlayerCanBreakPinkProjectileAndGainEnergy" methodname="AirbornePlayerCanBreakPinkProjectileAndGainEnergy" classname="MMORPG.Tests.PlayMode.PrototypePlayModeFlowTests" runstate="Runnable" seed="1909842354" result="Passed" start-time="2026-09-14 15:10:01Z" end-time="2026-09-14 15:10:03Z" duration="1.917482" asserts="0">
                <properties>
                  <property name="_JOINTYPE" value="UnityCombinatorial" />
                  <property name="retryIteration" value="0" />
                  <property name="repeatIteration" value="0" />
                </properties>
                <output><![CDATA[全局配置加载完成：最大能量 3 格，Boss 生命 100。
横向对峙布局初始化：玩家位于左侧，土豆 Boss 位于右侧，Boss 实际位置 X=3.48，与玩家保持水平出生线。
Boss 关卡初始化完成，战斗开始。
玩家跳跃击碎粉色子弹，获得能量 1 格，当前能量 1/3。
]]></output>
              </test-case>
              <test-case id="1061" name="BossAdvancesThroughThreePhasesOnDamageThresholds" fullname="MMORPG.Tests.PlayMode.PrototypePlayModeFlowTests.BossAdvancesThroughThreePhasesOnDamageThresholds" methodname="BossAdvancesThroughThreePhasesOnDamageThresholds" classname="MMORPG.Tests.PlayMode.PrototypePlayModeFlowTests" runstate="Runnable" seed="662163050" result="Passed" start-time="2026-09-14 15:10:03Z" end-time="2026-09-14 15:10:05Z" duration="1.849039" asserts="0">
                <properties>
                  <property name="_JOINTYPE" value="UnityCombinatorial" />
                  <property name="retryIteration" value="0" />
                  <property name="repeatIteration" value="0" />
                </properties>
                <output><![CDATA[全局配置加载完成：最大能量 3 格，Boss 生命 100。
横向对峙布局初始化：玩家位于左侧，土豆 Boss 位于右侧，Boss 实际位置 X=3.48，与玩家保持水平出生线。
Boss 关卡初始化完成，战斗开始。
土豆 Boss 受到 30 点伤害，剩余生命 70/100。
土豆 Boss 进入阶段 2，切换期间清空所有 Boss 投射物并暂停攻击 0.6 秒。
Boss 阶段切换安全窗口结束，恢复攻击。
土豆 Boss 受到 35 点伤害，剩余生命 35/100。
土豆 Boss 进入阶段 3，切换期间清空所有 Boss 投射物并暂停攻击 0.6 秒。
]]></output>
              </test-case>
              <test-case id="1059" name="BossBattleHudShowsHealthAndResultState" fullname="MMORPG.Tests.PlayMode.PrototypePlayModeFlowTests.BossBattleHudShowsHealthAndResultState" methodname="BossBattleHudShowsHealthAndResultState" classname="MMORPG.Tests.PlayMode.PrototypePlayModeFlowTests" runstate="Runnable" seed="2034494559" result="Passed" start-time="2026-09-14 15:10:05Z" end-time="2026-09-14 15:10:10Z" duration="4.780516" asserts="0">
                <properties>
                  <property name="_JOINTYPE" value="UnityCombinatorial" />
                  <property name="retryIteration" value="0" />
                  <property name="repeatIteration" value="0" />
                </properties>
                <output><![CDATA[全局配置加载完成：最大能量 3 格，Boss 生命 100。
横向对峙布局初始化：玩家位于左侧，土豆 Boss 位于右侧，Boss 实际位置 X=3.48，与玩家保持水平出生线。
Boss 关卡初始化完成，战斗开始。
阶段 1 土豆 Boss 发动三段散射，第 1 发从上方位置生成普通土块子弹，水平速度 8.0。
阶段 1 土豆 Boss 发动三段散射，第 2 发从中间位置生成紫色可采集子弹，水平速度 7.2。
阶段 1 土豆 Boss 发动三段散射，第 3 发从下方位置生成普通土块子弹，水平速度 8.0。
土豆 Boss 受到 5 点伤害，剩余生命 95/100。
玩家受到 1 点伤害，剩余生命 2/3。
玩家受到 1 点伤害，剩余生命 1/3。
]]></output>
              </test-case>
              <test-case id="1060" name="BossDeathAndPlayerDeathShowCorrectResult" fullname="MMORPG.Tests.PlayMode.PrototypePlayModeFlowTests.BossDeathAndPlayerDeathShowCorrectResult" methodname="BossDeathAndPlayerDeathShowCorrectResult" classname="MMORPG.Tests.PlayMode.PrototypePlayModeFlowTests" runstate="Runnable" seed="551415801" result="Passed" start-time="2026-09-14 15:10:10Z" end-time="2026-09-14 15:10:14Z" duration="4.616747" asserts="0">
                <properties>
                  <property name="_JOINTYPE" value="UnityCombinatorial" />
                  <property name="retryIteration" value="0" />
                  <property name="repeatIteration" value="0" />
                </properties>
                <output><![CDATA[全局配置加载完成：最大能量 3 格，Boss 生命 100。
横向对峙布局初始化：玩家位于左侧，土豆 Boss 位于右侧，Boss 实际位置 X=3.48，与玩家保持水平出生线。
Boss 关卡初始化完成，战斗开始。
土豆 Boss 受到 100 点伤害，剩余生命 0/100。
土豆 Boss 已死亡，玩家战斗输入已锁定。
花园剧场胜利界面已显示。
土豆 Boss 已被击败，胜利流程已触发。
全局配置加载完成：最大能量 3 格，Boss 生命 100。
横向对峙布局初始化：玩家位于左侧，土豆 Boss 位于右侧，Boss 实际位置 X=3.48，与玩家保持水平出生线。
Boss 关卡初始化完成，战斗开始。
玩家受到 3 点伤害，剩余生命 0/3。
玩家已死亡，Boss 攻击流程已停止，2.0 秒后显示失败结算。
玩家生命归零，战斗失败流程已触发。
花园剧场失败票券已显示。
]]></output>
              </test-case>
              <test-case id="1064" name="GameConfigNormalizeRestoresNullSections" fullname="MMORPG.Tests.PlayMode.PrototypePlayModeFlowTests.GameConfigNormalizeRestoresNullSections" methodname="GameConfigNormalizeRestoresNullSections" classname="MMORPG.Tests.PlayMode.PrototypePlayModeFlowTests" runstate="Runnable" seed="474982152" result="Passed" start-time="2026-09-14 15:10:14Z" end-time="2026-09-14 15:10:14Z" duration="0.000433" asserts="0">
                <properties>
                  <property name="retryIteration" value="0" />
                  <property name="repeatIteration" value="0" />
                </properties>
              </test-case>
              <test-case id="1058" name="MainSceneCanRunBossEnergyAndSuperFlow" fullname="MMORPG.Tests.PlayMode.PrototypePlayModeFlowTests.MainSceneCanRunBossEnergyAndSuperFlow" methodname="MainSceneCanRunBossEnergyAndSuperFlow" classname="MMORPG.Tests.PlayMode.PrototypePlayModeFlowTests" runstate="Runnable" seed="1771482598" result="Passed" start-time="2026-09-14 15:10:14Z" end-time="2026-09-14 15:10:26Z" duration="11.482680" asserts="0">
                <properties>
                  <property name="_JOINTYPE" value="UnityCombinatorial" />
                  <property name="retryIteration" value="0" />
                  <property name="repeatIteration" value="0" />
                </properties>
                <output><![CDATA[全局配置加载完成：最大能量 3 格，Boss 生命 100。
横向对峙布局初始化：玩家位于左侧，土豆 Boss 位于右侧，Boss 实际位置 X=3.48，与玩家保持水平出生线。
Boss 关卡初始化完成，战斗开始。
阶段 1 土豆 Boss 发动抛物线种子攻击，目标 X=-4.70。
抛物线种子落地成为竖直障碍，位置 X=0.25，持续 3.5 秒。
阶段 1 土豆 Boss 发动三段散射，第 1 发从上方位置生成普通土块子弹，水平速度 8.0。
阶段 1 土豆 Boss 发动三段散射，第 2 发从中间位置生成普通土块子弹，水平速度 8.0。
阶段 1 土豆 Boss 发动三段散射，第 3 发从下方位置生成普通土块子弹，水平速度 8.0。
阶段 1 土豆 Boss 发动抛物线种子攻击，目标 X=-5.34。
抛物线种子落地成为竖直障碍，位置 X=0.25，持续 3.5 秒。
阶段 1 土豆 Boss 发动三段散射，第 1 发从上方位置生成普通土块子弹，水平速度 8.0。
阶段 1 土豆 Boss 发动三段散射，第 2 发从中间位置生成紫色可采集子弹，水平速度 7.2。
阶段 1 土豆 Boss 发动三段散射，第 3 发从下方位置生成普通土块子弹，水平速度 8.0。
阶段 1 土豆 Boss 发动三段散射，第 1 发从上方位置生成普通土块子弹，水平速度 8.0。
阶段 1 土豆 Boss 发动三段散射，第 2 发从中间位置生成普通土块子弹，水平速度 8.0。
阶段 1 土豆 Boss 发动三段散射，第 3 发从下方位置生成紫色可采集子弹，水平速度 7.2。
玩家攻击命中紫色子弹，获得能量 1 格。当前能量 1/3。
玩家释放大招，消耗全部 3 格能量。
土豆 Boss 受到 30 点伤害，剩余生命 70/100。
土豆 Boss 进入阶段 2，切换期间清空所有 Boss 投射物并暂停攻击 0.6 秒。
]]></output>
              </test-case>
              <test-case id="1062" name="PhaseTransitionClearsBossProjectilesAndBlocksAttacks" fullname="MMORPG.Tests.PlayMode.PrototypePlayModeFlowTests.PhaseTransitionClearsBossProjectilesAndBlocksAttacks" methodname="PhaseTransitionClearsBossProjectilesAndBlocksAttacks" classname="MMORPG.Tests.PlayMode.PrototypePlayModeFlowTests" runstate="Runnable" seed="395461625" result="Passed" start-time="2026-09-14 15:10:26Z" end-time="2026-09-14 15:10:28Z" duration="2.372199" asserts="0">
                <properties>
                  <property name="_JOINTYPE" value="UnityCombinatorial" />
                  <property name="retryIteration" value="0" />
                  <property name="repeatIteration" value="0" />
                </properties>
                <output><![CDATA[全局配置加载完成：最大能量 3 格，Boss 生命 100。
横向对峙布局初始化：玩家位于左侧，土豆 Boss 位于右侧，Boss 实际位置 X=3.48，与玩家保持水平出生线。
Boss 关卡初始化完成，战斗开始。
土豆 Boss 受到 30 点伤害，剩余生命 70/100。
土豆 Boss 进入阶段 2，切换期间清空所有 Boss 投射物并暂停攻击 0.6 秒。
Boss 阶段切换安全窗口结束，恢复攻击。
]]></output>
              </test-case>
              <test-case id="1065" name="PooledBossHazardsCanBeCleared" fullname="MMORPG.Tests.PlayMode.PrototypePlayModeFlowTests.PooledBossHazardsCanBeCleared" methodname="PooledBossHazardsCanBeCleared" classname="MMORPG.Tests.PlayMode.PrototypePlayModeFlowTests" runstate="Runnable" seed="1238365420" result="Passed" start-time="2026-09-14 15:10:28Z" end-time="2026-09-14 15:10:29Z" duration="1.166717" asserts="0">
                <properties>
                  <property name="_JOINTYPE" value="UnityCombinatorial" />
                  <property name="retryIteration" value="0" />
                  <property name="repeatIteration" value="0" />
                </properties>
                <output><![CDATA[全局配置加载完成：最大能量 3 格，Boss 生命 100。
横向对峙布局初始化：玩家位于左侧，土豆 Boss 位于右侧，Boss 实际位置 X=3.48，与玩家保持水平出生线。
Boss 关卡初始化完成，战斗开始。
昆虫从土豆 Boss 身旁飞出，目标玩家，位置 X=0.00。
Saving results to: C:/Users/admin/AppData/LocalLow/DefaultCompany/MMORPG\TestResults.xml
]]></output>
              </test-case>
            </test-suite>
          </test-suite>
        </test-suite>
      </test-suite>
    </test-suite>
  </test-suite>
</test-run>