<?xml version="1.0" encoding="utf-8"?>
<test-run id="2" testcasecount="40" result="Passed" total="40" passed="40" failed="0" inconclusive="0" skipped="0" asserts="0" engine-version="3.5.0.0" clr-version="4.0.30319.42000" start-time="2026-09-14 07:11:01Z" end-time="2026-09-14 07:14:30Z" duration="208.9293188">
  <test-suite type="TestSuite" id="1051" name="MMORPG" fullname="MMORPG" runstate="Runnable" testcasecount="40" result="Passed" start-time="2026-09-14 07:11:01Z" end-time="2026-09-14 07:14:30Z" duration="208.929319" total="40" passed="40" failed="0" inconclusive="0" skipped="0" asserts="0">
    <properties>
      <property name="platform" value="PlayMode" />
    </properties>
    <test-suite type="Assembly" id="1044" name="MMORPG.Tests.PlayMode.dll" fullname="E:/UnityProject/MMORPG/MMORPG/Library/ScriptAssemblies/MMORPG.Tests.PlayMode.dll" runstate="Runnable" testcasecount="40" result="Passed" start-time="2026-09-14 07:11:01Z" end-time="2026-09-14 07:14:30Z" duration="208.925009" total="40" passed="40" failed="0" inconclusive="0" skipped="0" asserts="0">
      <properties>
        <property name="_PID" value="99448" />
        <property name="_APPDOMAIN" value="Unity Child Domain" />
        <property name="platform" value="PlayMode" />
        <property name="EditorOnly" value="False" />
      </properties>
      <test-suite type="TestSuite" id="1045" name="MMORPG" fullname="MMORPG" runstate="Runnable" testcasecount="40" result="Passed" start-time="2026-09-14 07:11:01Z" end-time="2026-09-14 07:14:30Z" duration="208.924557" total="40" passed="40" failed="0" inconclusive="0" skipped="0" asserts="0">
        <properties />
        <test-suite type="TestSuite" id="1046" name="Tests" fullname="MMORPG.Tests" runstate="Runnable" testcasecount="40" result="Passed" start-time="2026-09-14 07:11:01Z" end-time="2026-09-14 07:14:30Z" duration="208.924276" total="40" passed="40" failed="0" inconclusive="0" skipped="0" asserts="0">
          <properties />
          <test-suite type="TestSuite" id="1047" name="PlayMode" fullname="MMORPG.Tests.PlayMode" runstate="Runnable" testcasecount="40" result="Passed" start-time="2026-09-14 07:11:01Z" end-time="2026-09-14 07:14:30Z" duration="208.924002" total="40" passed="40" failed="0" inconclusive="0" skipped="0" asserts="0">
            <properties />
            <test-suite type="TestFixture" id="1001" name="BattleFoundationTests" fullname="MMORPG.Tests.PlayMode.BattleFoundationTests" classname="MMORPG.Tests.PlayMode.BattleFoundationTests" runstate="Runnable" testcasecount="6" result="Passed" start-time="2026-09-14 07:11:01Z" end-time="2026-09-14 07:11:17Z" duration="15.623859" total="6" passed="6" failed="0" inconclusive="0" skipped="0" asserts="0">
              <properties />
              <test-case id="1006" name="ActualProjectileContactsDealDamageAndCollectPink" fullname="MMORPG.Tests.PlayMode.BattleFoundationTests.ActualProjectileContactsDealDamageAndCollectPink" methodname="ActualProjectileContactsDealDamageAndCollectPink" classname="MMORPG.Tests.PlayMode.BattleFoundationTests" runstate="Runnable" seed="601402550" result="Passed" start-time="2026-09-14 07:11:01Z" end-time="2026-09-14 07:11:02Z" duration="0.748937" asserts="0">
                <properties>
                  <property name="_JOINTYPE" value="UnityCombinatorial" />
                  <property name="retryIteration" value="0" />
                  <property name="repeatIteration" value="0" />
                </properties>
                <output><![CDATA[全局配置加载完成：最大能量 3 格，Boss 生命 100。
横向对峙布局初始化：玩家位于左侧，土豆 Boss 位于右侧，Boss 实际位置 X=3.48，与玩家保持水平出生线。
Boss 关卡初始化完成，战斗开始。
玩家跳跃击碎粉色子弹，获得能量 1 格，当前能量 1/3。
土豆 Boss 受到 1 点伤害，剩余生命 99/100。
]]></output>
              </test-case>
              <test-case id="1007" name="EffectsAndTenRetriesDoNotAccumulate" fullname="MMORPG.Tests.PlayMode.BattleFoundationTests.EffectsAndTenRetriesDoNotAccumulate" methodname="EffectsAndTenRetriesDoNotAccumulate" classname="MMORPG.Tests.PlayMode.BattleFoundationTests" runstate="Runnable" seed="575544541" result="Passed" start-time="2026-09-14 07:11:02Z" end-time="2026-09-14 07:11:10Z" duration="7.888364" asserts="0">
                <properties>
                  <property name="_JOINTYPE" value="UnityCombinatorial" />
                  <property name="retryIteration" value="0" />
                  <property name="repeatIteration" value="0" />
                </properties>
                <output><![CDATA[全局配置加载完成：最大能量 3 格，Boss 生命 100。
横向对峙布局初始化：玩家位于左侧，土豆 Boss 位于右侧，Boss 实际位置 X=3.48，与玩家保持水平出生线。
Boss 关卡初始化完成，战斗开始。
玩家受到 99 点伤害，剩余生命 0/3。
玩家已死亡，Boss 攻击流程已停止，2.0 秒后显示失败结算。
玩家生命归零，战斗失败流程已触发。
花园剧场失败票券已显示。
正在重新加载 Boss 关卡。
全局配置加载完成：最大能量 3 格，Boss 生命 100。
横向对峙布局初始化：玩家位于左侧，土豆 Boss 位于右侧，Boss 实际位置 X=3.48，与玩家保持水平出生线。
Boss 关卡初始化完成，战斗开始。
正在重新加载 Boss 关卡。
全局配置加载完成：最大能量 3 格，Boss 生命 100。
横向对峙布局初始化：玩家位于左侧，土豆 Boss 位于右侧，Boss 实际位置 X=3.48，与玩家保持水平出生线。
Boss 关卡初始化完成，战斗开始。
正在重新加载 Boss 关卡。
全局配置加载完成：最大能量 3 格，Boss 生命 100。
横向对峙布局初始化：玩家位于左侧，土豆 Boss 位于右侧，Boss 实际位置 X=3.48，与玩家保持水平出生线。
Boss 关卡初始化完成，战斗开始。
正在重新加载 Boss 关卡。
全局配置加载完成：最大能量 3 格，Boss 生命 100。
横向对峙布局初始化：玩家位于左侧，土豆 Boss 位于右侧，Boss 实际位置 X=3.48，与玩家保持水平出生线。
Boss 关卡初始化完成，战斗开始。
正在重新加载 Boss 关卡。
全局配置加载完成：最大能量 3 格，Boss 生命 100。
横向对峙布局初始化：玩家位于左侧，土豆 Boss 位于右侧，Boss 实际位置 X=3.48，与玩家保持水平出生线。
Boss 关卡初始化完成，战斗开始。
正在重新加载 Boss 关卡。
全局配置加载完成：最大能量 3 格，Boss 生命 100。
横向对峙布局初始化：玩家位于左侧，土豆 Boss 位于右侧，Boss 实际位置 X=3.48，与玩家保持水平出生线。
Boss 关卡初始化完成，战斗开始。
正在重新加载 Boss 关卡。
全局配置加载完成：最大能量 3 格，Boss 生命 100。
横向对峙布局初始化：玩家位于左侧，土豆 Boss 位于右侧，Boss 实际位置 X=3.48，与玩家保持水平出生线。
Boss 关卡初始化完成，战斗开始。
正在重新加载 Boss 关卡。
全局配置加载完成：最大能量 3 格，Boss 生命 100。
横向对峙布局初始化：玩家位于左侧，土豆 Boss 位于右侧，Boss 实际位置 X=3.48，与玩家保持水平出生线。
Boss 关卡初始化完成，战斗开始。
正在重新加载 Boss 关卡。
全局配置加载完成：最大能量 3 格，Boss 生命 100。
横向对峙布局初始化：玩家位于左侧，土豆 Boss 位于右侧，Boss 实际位置 X=3.48，与玩家保持水平出生线。
Boss 关卡初始化完成，战斗开始。
正在重新加载 Boss 关卡。
全局配置加载完成：最大能量 3 格，Boss 生命 100。
横向对峙布局初始化：玩家位于左侧，土豆 Boss 位于右侧，Boss 实际位置 X=3.48，与玩家保持水平出生线。
Boss 关卡初始化完成，战斗开始。
]]></output>
              </test-case>
              <test-case id="1002" name="KeyboardMovementJumpAndDashRemainResponsive" fullname="MMORPG.Tests.PlayMode.BattleFoundationTests.KeyboardMovementJumpAndDashRemainResponsive" methodname="KeyboardMovementJumpAndDashRemainResponsive" classname="MMORPG.Tests.PlayMode.BattleFoundationTests" runstate="Runnable" seed="1120460641" result="Passed" start-time="2026-09-14 07:11:10Z" end-time="2026-09-14 07:11:10Z" duration="0.504108" asserts="0">
                <properties>
                  <property name="_JOINTYPE" value="UnityCombinatorial" />
                  <property name="retryIteration" value="0" />
                  <property name="repeatIteration" value="0" />
                </properties>
                <output><![CDATA[全局配置加载完成：最大能量 3 格，Boss 生命 100。
横向对峙布局初始化：玩家位于左侧，土豆 Boss 位于右侧，Boss 实际位置 X=3.48，与玩家保持水平出生线。
Boss 关卡初始化完成，战斗开始。
]]></output>
              </test-case>
              <test-case id="1003" name="PauseButtonResumesAndBlocksSuperConsumption" fullname="MMORPG.Tests.PlayMode.BattleFoundationTests.PauseButtonResumesAndBlocksSuperConsumption" methodname="PauseButtonResumesAndBlocksSuperConsumption" classname="MMORPG.Tests.PlayMode.BattleFoundationTests" runstate="Runnable" seed="1103149510" result="Passed" start-time="2026-09-14 07:11:10Z" end-time="2026-09-14 07:11:11Z" duration="0.320001" asserts="0">
                <properties>
                  <property name="_JOINTYPE" value="UnityCombinatorial" />
                  <property name="retryIteration" value="0" />
                  <property name="repeatIteration" value="0" />
                </properties>
                <output><![CDATA[全局配置加载完成：最大能量 3 格，Boss 生命 100。
横向对峙布局初始化：玩家位于左侧，土豆 Boss 位于右侧，Boss 实际位置 X=3.48，与玩家保持水平出生线。
Boss 关卡初始化完成，战斗开始。
Boss 关卡已暂停。
Boss 关卡已继续。
Boss 关卡已暂停。
Boss 关卡已继续。
]]></output>
              </test-case>
              <test-case id="1004" name="PinkCollectionAndDirectionalSuperAreSingleUse" fullname="MMORPG.Tests.PlayMode.BattleFoundationTests.PinkCollectionAndDirectionalSuperAreSingleUse" methodname="PinkCollectionAndDirectionalSuperAreSingleUse" classname="MMORPG.Tests.PlayMode.BattleFoundationTests" runstate="Runnable" seed="1367670980" result="Passed" start-time="2026-09-14 07:11:11Z" end-time="2026-09-14 07:11:13Z" duration="2.247398" asserts="0">
                <properties>
                  <property name="_JOINTYPE" value="UnityCombinatorial" />
                  <property name="retryIteration" value="0" />
                  <property name="repeatIteration" value="0" />
                </properties>
                <output><![CDATA[全局配置加载完成：最大能量 3 格，Boss 生命 100。
横向对峙布局初始化：玩家位于左侧，土豆 Boss 位于右侧，Boss 实际位置 X=3.48，与玩家保持水平出生线。
Boss 关卡初始化完成，战斗开始。
玩家攻击命中紫色子弹，获得能量 1 格。当前能量 1/3。
玩家释放大招，消耗全部 3 格能量。
玩家大招演出结束。
玩家释放大招，消耗全部 3 格能量。
土豆 Boss 受到 30 点伤害，剩余生命 70/100。
土豆 Boss 进入阶段 2，切换期间清空所有 Boss 投射物并暂停攻击 0.6 秒。
玩家大招演出结束。
]]></output>
              </test-case>
              <test-case id="1005" name="ResourcesDamageAndShakeMatchVisibleState" fullname="MMORPG.Tests.PlayMode.BattleFoundationTests.ResourcesDamageAndShakeMatchVisibleState" methodname="ResourcesDamageAndShakeMatchVisibleState" classname="MMORPG.Tests.PlayMode.BattleFoundationTests" runstate="Runnable" seed="1730679874" result="Passed" start-time="2026-09-14 07:11:13Z" end-time="2026-09-14 07:11:17Z" duration="3.905665" asserts="0">
                <properties>
                  <property name="_JOINTYPE" value="UnityCombinatorial" />
                  <property name="retryIteration" value="0" />
                  <property name="repeatIteration" value="0" />
                </properties>
                <output><![CDATA[全局配置加载完成：最大能量 3 格，Boss 生命 100。
横向对峙布局初始化：玩家位于左侧，土豆 Boss 位于右侧，Boss 实际位置 X=3.48，与玩家保持水平出生线。
Boss 关卡初始化完成，战斗开始。
玩家受到 1 点伤害，剩余生命 2/3。
玩家受到 1 点伤害，剩余生命 1/3。
]]></output>
              </test-case>
            </test-suite>
            <test-suite type="TestFixture" id="1008" name="GardenEncounterTests" fullname="MMORPG.Tests.PlayMode.GardenEncounterTests" classname="MMORPG.Tests.PlayMode.GardenEncounterTests" runstate="Runnable" testcasecount="26" result="Passed" start-time="2026-09-14 07:11:17Z" end-time="2026-09-14 07:14:03Z" duration="165.931776" total="26" passed="26" failed="0" inconclusive="0" skipped="0" asserts="0">
              <properties />
              <test-case id="1009" name="AirbornePresentationUsesVelocityAndKeepsFlipMirrorStable" fullname="MMORPG.Tests.PlayMode.GardenEncounterTests.AirbornePresentationUsesVelocityAndKeepsFlipMirrorStable" methodname="AirbornePresentationUsesVelocityAndKeepsFlipMirrorStable" classname="MMORPG.Tests.PlayMode.GardenEncounterTests" runstate="Runnable" seed="609938427" result="Passed" start-time="2026-09-14 07:11:17Z" end-time="2026-09-14 07:11:19Z" duration="2.123316" asserts="0">
                <properties>
                  <property name="_JOINTYPE" value="UnityCombinatorial" />
                  <property name="retryIteration" value="0" />
                  <property name="repeatIteration" value="0" />
                </properties>
                <output><![CDATA[全局配置加载完成：最大能量 3 格，Boss 生命 100。
横向对峙布局初始化：玩家位于左侧，土豆 Boss 位于右侧，Boss 实际位置 X=3.86，与玩家保持水平出生线。
Boss 关卡初始化完成，战斗开始。
遭遇第 1 形态 土豆 开始。
]]></output>
              </test-case>
              <test-case id="1019" name="AudioBudgetAndBeamLifetimeRemainBounded" fullname="MMORPG.Tests.PlayMode.GardenEncounterTests.AudioBudgetAndBeamLifetimeRemainBounded" methodname="AudioBudgetAndBeamLifetimeRemainBounded" classname="MMORPG.Tests.PlayMode.GardenEncounterTests" runstate="Runnable" seed="1485649081" result="Passed" start-time="2026-09-14 07:11:19Z" end-time="2026-09-14 07:11:21Z" duration="2.351340" asserts="0">
                <properties>
                  <property name="_JOINTYPE" value="UnityCombinatorial" />
                  <property name="retryIteration" value="0" />
                  <property name="repeatIteration" value="0" />
                </properties>
                <output><![CDATA[全局配置加载完成：最大能量 3 格，Boss 生命 100。
横向对峙布局初始化：玩家位于左侧，土豆 Boss 位于右侧，Boss 实际位置 X=3.86，与玩家保持水平出生线。
Boss 关卡初始化完成，战斗开始。
遭遇第 1 形态 土豆 开始。
]]></output>
              </test-case>
              <test-case id="1026" name="BeamLocksDirectionAndSeekerObeysTurnAndLifetimeLimits" fullname="MMORPG.Tests.PlayMode.GardenEncounterTests.BeamLocksDirectionAndSeekerObeysTurnAndLifetimeLimits" methodname="BeamLocksDirectionAndSeekerObeysTurnAndLifetimeLimits" classname="MMORPG.Tests.PlayMode.GardenEncounterTests" runstate="Runnable" seed="1848596696" result="Passed" start-time="2026-09-14 07:11:21Z" end-time="2026-09-14 07:11:28Z" duration="6.907558" asserts="0">
                <properties>
                  <property name="_JOINTYPE" value="UnityCombinatorial" />
                  <property name="retryIteration" value="0" />
                  <property name="repeatIteration" value="0" />
                </properties>
                <output><![CDATA[全局配置加载完成：最大能量 3 格，Boss 生命 100。
横向对峙布局初始化：玩家位于左侧，土豆 Boss 位于右侧，Boss 实际位置 X=3.86，与玩家保持水平出生线。
Boss 关卡初始化完成，战斗开始。
遭遇第 1 形态 土豆 开始。
]]></output>
              </test-case>
              <test-case id="1032" name="BossBoundaryStopsRunningAndDashingPastTheOpponent" fullname="MMORPG.Tests.PlayMode.GardenEncounterTests.BossBoundaryStopsRunningAndDashingPastTheOpponent" methodname="BossBoundaryStopsRunningAndDashingPastTheOpponent" classname="MMORPG.Tests.PlayMode.GardenEncounterTests" runstate="Runnable" seed="674629752" result="Passed" start-time="2026-09-14 07:11:28Z" end-time="2026-09-14 07:11:33Z" duration="4.433830" asserts="0">
                <properties>
                  <property name="_JOINTYPE" value="UnityCombinatorial" />
                  <property name="retryIteration" value="0" />
                  <property name="repeatIteration" value="0" />
                </properties>
                <output><![CDATA[全局配置加载完成：最大能量 3 格，Boss 生命 100。
横向对峙布局初始化：玩家位于左侧，土豆 Boss 位于右侧，Boss 实际位置 X=3.86，与玩家保持水平出生线。
Boss 关卡初始化完成，战斗开始。
遭遇第 1 形态 土豆 开始。
]]></output>
              </test-case>
              <test-case id="1014" name="DashContactKeepsBothProjectileKindsAndTheirLease" fullname="MMORPG.Tests.PlayMode.GardenEncounterTests.DashContactKeepsBothProjectileKindsAndTheirLease" methodname="DashContactKeepsBothProjectileKindsAndTheirLease" classname="MMORPG.Tests.PlayMode.GardenEncounterTests" runstate="Runnable" seed="1903526777" result="Passed" start-time="2026-09-14 07:11:33Z" end-time="2026-09-14 07:11:34Z" duration="1.528234" asserts="0">
                <properties>
                  <property name="_JOINTYPE" value="UnityCombinatorial" />
                  <property name="retryIteration" value="0" />
                  <property name="repeatIteration" value="0" />
                </properties>
                <output><![CDATA[全局配置加载完成：最大能量 3 格，Boss 生命 100。
横向对峙布局初始化：玩家位于左侧，土豆 Boss 位于右侧，Boss 实际位置 X=3.86，与玩家保持水平出生线。
Boss 关卡初始化完成，战斗开始。
遭遇第 1 形态 土豆 开始。
]]></output>
              </test-case>
              <test-case id="1028" name="EarlyBeamDodgeExpiresBeforeDamage" fullname="MMORPG.Tests.PlayMode.GardenEncounterTests.EarlyBeamDodgeExpiresBeforeDamage" methodname="EarlyBeamDodgeExpiresBeforeDamage" classname="MMORPG.Tests.PlayMode.GardenEncounterTests" runstate="Runnable" seed="1775130089" result="Passed" start-time="2026-09-14 07:11:34Z" end-time="2026-09-14 07:11:35Z" duration="0.353364" asserts="0">
                <properties>
                  <property name="_JOINTYPE" value="UnityCombinatorial" />
                  <property name="retryIteration" value="0" />
                  <property name="repeatIteration" value="0" />
                </properties>
                <output><![CDATA[全局配置加载完成：最大能量 3 格，Boss 生命 100。
横向对峙布局初始化：玩家位于左侧，土豆 Boss 位于右侧，Boss 实际位置 X=3.86，与玩家保持水平出生线。
Boss 关卡初始化完成，战斗开始。
遭遇第 1 形态 土豆 开始。
玩家受到 1 点伤害，剩余生命 2/3。
]]></output>
              </test-case>
              <test-case id="1022" name="EnergyTrailUsesBoundCameraDuringOffscreenRendering" fullname="MMORPG.Tests.PlayMode.GardenEncounterTests.EnergyTrailUsesBoundCameraDuringOffscreenRendering" methodname="EnergyTrailUsesBoundCameraDuringOffscreenRendering" classname="MMORPG.Tests.PlayMode.GardenEncounterTests" runstate="Runnable" seed="484990132" result="Passed" start-time="2026-09-14 07:11:35Z" end-time="2026-09-14 07:11:36Z" duration="1.893568" asserts="0">
                <properties>
                  <property name="_JOINTYPE" value="UnityCombinatorial" />
                  <property name="retryIteration" value="0" />
                  <property name="repeatIteration" value="0" />
                </properties>
                <output><![CDATA[全局配置加载完成：最大能量 3 格，Boss 生命 100。
横向对峙布局初始化：玩家位于左侧，土豆 Boss 位于右侧，Boss 实际位置 X=3.86，与玩家保持水平出生线。
Boss 关卡初始化完成，战斗开始。
遭遇第 1 形态 土豆 开始。
]]></output>
              </test-case>
              <test-case id="1012" name="FastSettingsEntryRestoresOpaquePauseAndResultClearsEnergyTrail" fullname="MMORPG.Tests.PlayMode.GardenEncounterTests.FastSettingsEntryRestoresOpaquePauseAndResultClearsEnergyTrail" methodname="FastSettingsEntryRestoresOpaquePauseAndResultClearsEnergyTrail" classname="MMORPG.Tests.PlayMode.GardenEncounterTests" runstate="Runnable" seed="468038044" result="Passed" start-time="2026-09-14 07:11:36Z" end-time="2026-09-14 07:11:38Z" duration="1.953746" asserts="0">
                <properties>
                  <property name="_JOINTYPE" value="UnityCombinatorial" />
                  <property name="retryIteration" value="0" />
                  <property name="repeatIteration" value="0" />
                </properties>
                <output><![CDATA[全局配置加载完成：最大能量 3 格，Boss 生命 100。
横向对峙布局初始化：玩家位于左侧，土豆 Boss 位于右侧，Boss 实际位置 X=3.86，与玩家保持水平出生线。
Boss 关卡初始化完成，战斗开始。
遭遇第 1 形态 土豆 开始。
Boss 关卡已暂停。
Boss 关卡已继续。
花园剧场胜利界面已显示。
]]></output>
              </test-case>
              <test-case id="1024" name="HitStopBuffersDashAndMultipleCollidersCollectOnlyOnce" fullname="MMORPG.Tests.PlayMode.GardenEncounterTests.HitStopBuffersDashAndMultipleCollidersCollectOnlyOnce" methodname="HitStopBuffersDashAndMultipleCollidersCollectOnlyOnce" classname="MMORPG.Tests.PlayMode.GardenEncounterTests" runstate="Runnable" seed="2136917737" result="Passed" start-time="2026-09-14 07:11:38Z" end-time="2026-09-14 07:11:40Z" duration="1.678891" asserts="0">
                <properties>
                  <property name="_JOINTYPE" value="UnityCombinatorial" />
                  <property name="retryIteration" value="0" />
                  <property name="repeatIteration" value="0" />
                </properties>
                <output><![CDATA[全局配置加载完成：最大能量 3 格，Boss 生命 100。
横向对峙布局初始化：玩家位于左侧，土豆 Boss 位于右侧，Boss 实际位置 X=3.86，与玩家保持水平出生线。
Boss 关卡初始化完成，战斗开始。
遭遇第 1 形态 土豆 开始。
玩家跳跃击碎粉色子弹，获得能量 1 格，当前能量 1/3。
]]></output>
              </test-case>
              <test-case id="1015" name="ImmunityRejectsDamageWithoutConsumingProjectile" fullname="MMORPG.Tests.PlayMode.GardenEncounterTests.ImmunityRejectsDamageWithoutConsumingProjectile" methodname="ImmunityRejectsDamageWithoutConsumingProjectile" classname="MMORPG.Tests.PlayMode.GardenEncounterTests" runstate="Runnable" seed="371615164" result="Passed" start-time="2026-09-14 07:11:40Z" end-time="2026-09-14 07:11:42Z" duration="1.529501" asserts="0">
                <properties>
                  <property name="_JOINTYPE" value="UnityCombinatorial" />
                  <property name="retryIteration" value="0" />
                  <property name="repeatIteration" value="0" />
                </properties>
                <output><![CDATA[全局配置加载完成：最大能量 3 格，Boss 生命 100。
横向对峙布局初始化：玩家位于左侧，土豆 Boss 位于右侧，Boss 实际位置 X=3.86，与玩家保持水平出生线。
Boss 关卡初始化完成，战斗开始。
遭遇第 1 形态 土豆 开始。
]]></output>
              </test-case>
              <test-case id="1010" name="JumpDuringHurtKeepsPriorityAndTransitionSettlesRotation" fullname="MMORPG.Tests.PlayMode.GardenEncounterTests.JumpDuringHurtKeepsPriorityAndTransitionSettlesRotation" methodname="JumpDuringHurtKeepsPriorityAndTransitionSettlesRotation" classname="MMORPG.Tests.PlayMode.GardenEncounterTests" runstate="Runnable" seed="1404960865" result="Passed" start-time="2026-09-14 07:11:42Z" end-time="2026-09-14 07:11:44Z" duration="2.585998" asserts="0">
                <properties>
                  <property name="_JOINTYPE" value="UnityCombinatorial" />
                  <property name="retryIteration" value="0" />
                  <property name="repeatIteration" value="0" />
                </properties>
                <output><![CDATA[全局配置加载完成：最大能量 3 格，Boss 生命 100。
横向对峙布局初始化：玩家位于左侧，土豆 Boss 位于右侧，Boss 实际位置 X=3.86，与玩家保持水平出生线。
Boss 关卡初始化完成，战斗开始。
遭遇第 1 形态 土豆 开始。
玩家受到 1 点伤害，剩余生命 2/3。
土豆 Boss 受到 999 点伤害，剩余生命 0/100。
土豆 Boss 已被击败，胜利流程已触发。
]]></output>
              </test-case>
              <test-case id="1023" name="KeyboardMenusUseOneInputSystemAndDoNotLeakActions" fullname="MMORPG.Tests.PlayMode.GardenEncounterTests.KeyboardMenusUseOneInputSystemAndDoNotLeakActions" methodname="KeyboardMenusUseOneInputSystemAndDoNotLeakActions" classname="MMORPG.Tests.PlayMode.GardenEncounterTests" runstate="Runnable" seed="1281482771" result="Passed" start-time="2026-09-14 07:11:44Z" end-time="2026-09-14 07:11:47Z" duration="2.326213" asserts="0">
                <properties>
                  <property name="_JOINTYPE" value="UnityCombinatorial" />
                  <property name="retryIteration" value="0" />
                  <property name="repeatIteration" value="0" />
                </properties>
                <output><![CDATA[全局配置加载完成：最大能量 3 格，Boss 生命 100。
横向对峙布局初始化：玩家位于左侧，土豆 Boss 位于右侧，Boss 实际位置 X=3.86，与玩家保持水平出生线。
Boss 关卡初始化完成，战斗开始。
遭遇第 1 形态 土豆 开始。
Boss 关卡已暂停。
Boss 关卡已继续。
]]></output>
              </test-case>
              <test-case id="1034" name="KeyboardPracticeCompletesThreeFormsWithNormalDamage" fullname="MMORPG.Tests.PlayMode.GardenEncounterTests.KeyboardPracticeCompletesThreeFormsWithNormalDamage" methodname="KeyboardPracticeCompletesThreeFormsWithNormalDamage" classname="MMORPG.Tests.PlayMode.GardenEncounterTests" runstate="Runnable" seed="1378645250" result="Passed" start-time="2026-09-14 07:11:47Z" end-time="2026-09-14 07:12:47Z" duration="59.970277" asserts="0">
                <properties>
                  <property name="_JOINTYPE" value="UnityCombinatorial" />
                  <property name="retryIteration" value="0" />
                  <property name="repeatIteration" value="0" />
                </properties>
                <output><![CDATA[全局配置加载完成：最大能量 3 格，Boss 生命 100。
横向对峙布局初始化：玩家位于左侧，土豆 Boss 位于右侧，Boss 实际位置 X=3.86，与玩家保持水平出生线。
Boss 关卡初始化完成，战斗开始。
遭遇第 1 形态 土豆 开始。
土豆 Boss 受到 1 点伤害，剩余生命 99/100。
土豆 Boss 受到 1 点伤害，剩余生命 98/100。
土豆 Boss 受到 1 点伤害，剩余生命 97/100。
土豆 Boss 受到 1 点伤害，剩余生命 96/100。
土豆 Boss 受到 1 点伤害，剩余生命 95/100。
土豆 Boss 受到 1 点伤害，剩余生命 94/100。
土豆 Boss 受到 1 点伤害，剩余生命 93/100。
土豆 Boss 受到 1 点伤害，剩余生命 92/100。
土豆 Boss 受到 1 点伤害，剩余生命 91/100。
土豆 Boss 受到 1 点伤害，剩余生命 90/100。
土豆 Boss 受到 1 点伤害，剩余生命 89/100。
玩家攻击命中紫色子弹，获得能量 1 格。当前能量 1/3。
土豆 Boss 受到 1 点伤害，剩余生命 88/100。
土豆 Boss 受到 1 点伤害，剩余生命 87/100。
土豆 Boss 受到 1 点伤害，剩余生命 86/100。
土豆 Boss 受到 1 点伤害，剩余生命 85/100。
土豆 Boss 受到 1 点伤害，剩余生命 84/100。
土豆 Boss 受到 1 点伤害，剩余生命 83/100。
土豆 Boss 受到 1 点伤害，剩余生命 82/100。
土豆 Boss 受到 1 点伤害，剩余生命 81/100。
土豆 Boss 受到 1 点伤害，剩余生命 80/100。
土豆 Boss 受到 1 点伤害，剩余生命 79/100。
土豆 Boss 受到 1 点伤害，剩余生命 78/100。
土豆 Boss 受到 1 点伤害，剩余生命 77/100。
土豆 Boss 受到 1 点伤害，剩余生命 76/100。
土豆 Boss 受到 1 点伤害，剩余生命 75/100。
土豆 Boss 受到 1 点伤害，剩余生命 74/100。
玩家攻击命中紫色子弹，获得能量 1 格。当前能量 2/3。
土豆 Boss 受到 1 点伤害，剩余生命 73/100。
土豆 Boss 受到 1 点伤害，剩余生命 72/100。
土豆 Boss 受到 1 点伤害，剩余生命 71/100。
土豆 Boss 受到 1 点伤害，剩余生命 70/100。
土豆 Boss 受到 1 点伤害，剩余生命 69/100。
土豆 Boss 受到 1 点伤害，剩余生命 68/100。
土豆 Boss 受到 1 点伤害，剩余生命 67/100。
土豆 Boss 受到 1 点伤害，剩余生命 66/100。
土豆 Boss 受到 1 点伤害，剩余生命 65/100。
土豆 Boss 受到 1 点伤害，剩余生命 64/100。
土豆 Boss 受到 1 点伤害，剩余生命 63/100。
土豆 Boss 受到 1 点伤害，剩余生命 62/100。
土豆 Boss 受到 1 点伤害，剩余生命 61/100。
土豆 Boss 受到 1 点伤害，剩余生命 60/100。
土豆 Boss 受到 1 点伤害，剩余生命 59/100。
土豆 Boss 受到 1 点伤害，剩余生命 58/100。
土豆 Boss 受到 1 点伤害，剩余生命 57/100。
玩家攻击命中紫色子弹，获得能量 1 格。当前能量 3/3。
玩家释放大招，消耗全部 3 格能量。
土豆 Boss 受到 30 点伤害，剩余生命 27/100。
土豆 Boss 受到 1 点伤害，剩余生命 26/100。
土豆 Boss 受到 1 点伤害，剩余生命 25/100。
土豆 Boss 受到 1 点伤害，剩余生命 24/100。
玩家大招演出结束。
玩家受到 1 点伤害，剩余生命 2/3。
土豆 Boss 受到 1 点伤害，剩余生命 23/100。
土豆 Boss 受到 1 点伤害，剩余生命 22/100。
土豆 Boss 受到 1 点伤害，剩余生命 21/100。
土豆 Boss 受到 1 点伤害，剩余生命 20/100。
土豆 Boss 受到 1 点伤害，剩余生命 19/100。
土豆 Boss 受到 1 点伤害，剩余生命 18/100。
土豆 Boss 受到 1 点伤害，剩余生命 17/100。
土豆 Boss 受到 1 点伤害，剩余生命 16/100。
土豆 Boss 受到 1 点伤害，剩余生命 15/100。
土豆 Boss 受到 1 点伤害，剩余生命 14/100。
土豆 Boss 受到 1 点伤害，剩余生命 13/100。
土豆 Boss 受到 1 点伤害，剩余生命 12/100。
土豆 Boss 受到 1 点伤害，剩余生命 11/100。
玩家攻击命中紫色子弹，获得能量 1 格。当前能量 1/3。
土豆 Boss 受到 1 点伤害，剩余生命 10/100。
土豆 Boss 受到 1 点伤害，剩余生命 9/100。
土豆 Boss 受到 1 点伤害，剩余生命 8/100。
土豆 Boss 受到 1 点伤害，剩余生命 7/100。
土豆 Boss 受到 1 点伤害，剩余生命 6/100。
土豆 Boss 受到 1 点伤害，剩余生命 5/100。
土豆 Boss 受到 1 点伤害，剩余生命 4/100。
土豆 Boss 受到 1 点伤害，剩余生命 3/100。
土豆 Boss 受到 1 点伤害，剩余生命 2/100。
土豆 Boss 受到 1 点伤害，剩余生命 1/100。
土豆 Boss 受到 1 点伤害，剩余生命 0/100。
土豆 Boss 已被击败，胜利流程已触发。
遭遇第 2 形态 洋葱 开始。
玩家攻击命中紫色子弹，获得能量 1 格。当前能量 2/3。
玩家攻击命中紫色子弹，获得能量 1 格。当前能量 3/3。
玩家释放大招，消耗全部 3 格能量。
遭遇第 3 形态 胡萝卜 开始。
玩家攻击命中紫色子弹，获得能量 1 格。当前能量 1/3。
玩家攻击命中紫色子弹，获得能量 1 格。当前能量 2/3。
玩家攻击命中紫色子弹，获得能量 1 格。当前能量 3/3。
玩家释放大招，消耗全部 3 格能量。
玩家大招演出结束。
花园剧场胜利界面已显示。
]]></output>
              </test-case>
              <test-case id="1030" name="LateBeamDodgeCannotUndoDamage" fullname="MMORPG.Tests.PlayMode.GardenEncounterTests.LateBeamDodgeCannotUndoDamage" methodname="LateBeamDodgeCannotUndoDamage" classname="MMORPG.Tests.PlayMode.GardenEncounterTests" runstate="Runnable" seed="1976841246" result="Passed" start-time="2026-09-14 07:12:47Z" end-time="2026-09-14 07:12:49Z" duration="2.174411" asserts="0">
                <properties>
                  <property name="_JOINTYPE" value="UnityCombinatorial" />
                  <property name="retryIteration" value="0" />
                  <property name="repeatIteration" value="0" />
                </properties>
                <output><![CDATA[全局配置加载完成：最大能量 3 格，Boss 生命 100。
横向对峙布局初始化：玩家位于左侧，土豆 Boss 位于右侧，Boss 实际位置 X=3.86，与玩家保持水平出生线。
Boss 关卡初始化完成，战斗开始。
遭遇第 1 形态 土豆 开始。
玩家受到 1 点伤害，剩余生命 2/3。
]]></output>
              </test-case>
              <test-case id="1025" name="NewEncounterRetriesTenTimesWithoutOldHazardsOrListeners" fullname="MMORPG.Tests.PlayMode.GardenEncounterTests.NewEncounterRetriesTenTimesWithoutOldHazardsOrListeners" methodname="NewEncounterRetriesTenTimesWithoutOldHazardsOrListeners" classname="MMORPG.Tests.PlayMode.GardenEncounterTests" runstate="Runnable" seed="752897397" result="Passed" start-time="2026-09-14 07:12:49Z" end-time="2026-09-14 07:13:14Z" duration="25.220545" asserts="0">
                <properties>
                  <property name="_JOINTYPE" value="UnityCombinatorial" />
                  <property name="retryIteration" value="0" />
                  <property name="repeatIteration" value="0" />
                </properties>
                <output><![CDATA[全局配置加载完成：最大能量 3 格，Boss 生命 100。
横向对峙布局初始化：玩家位于左侧，土豆 Boss 位于右侧，Boss 实际位置 X=3.86，与玩家保持水平出生线。
Boss 关卡初始化完成，战斗开始。
遭遇第 1 形态 土豆 开始。
土豆 Boss 受到 999 点伤害，剩余生命 0/100。
土豆 Boss 已被击败，胜利流程已触发。
遭遇第 2 形态 洋葱 开始。
正在重新加载 Boss 关卡。
全局配置加载完成：最大能量 3 格，Boss 生命 100。
横向对峙布局初始化：玩家位于左侧，土豆 Boss 位于右侧，Boss 实际位置 X=3.86，与玩家保持水平出生线。
Boss 关卡初始化完成，战斗开始。
遭遇第 1 形态 土豆 开始。
正在重新加载 Boss 关卡。
全局配置加载完成：最大能量 3 格，Boss 生命 100。
横向对峙布局初始化：玩家位于左侧，土豆 Boss 位于右侧，Boss 实际位置 X=3.86，与玩家保持水平出生线。
Boss 关卡初始化完成，战斗开始。
遭遇第 1 形态 土豆 开始。
土豆 Boss 受到 999 点伤害，剩余生命 0/100。
土豆 Boss 已被击败，胜利流程已触发。
遭遇第 2 形态 洋葱 开始。
正在重新加载 Boss 关卡。
全局配置加载完成：最大能量 3 格，Boss 生命 100。
横向对峙布局初始化：玩家位于左侧，土豆 Boss 位于右侧，Boss 实际位置 X=3.86，与玩家保持水平出生线。
Boss 关卡初始化完成，战斗开始。
遭遇第 1 形态 土豆 开始。
正在重新加载 Boss 关卡。
全局配置加载完成：最大能量 3 格，Boss 生命 100。
横向对峙布局初始化：玩家位于左侧，土豆 Boss 位于右侧，Boss 实际位置 X=3.86，与玩家保持水平出生线。
Boss 关卡初始化完成，战斗开始。
遭遇第 1 形态 土豆 开始。
土豆 Boss 受到 999 点伤害，剩余生命 0/100。
土豆 Boss 已被击败，胜利流程已触发。
遭遇第 2 形态 洋葱 开始。
正在重新加载 Boss 关卡。
全局配置加载完成：最大能量 3 格，Boss 生命 100。
横向对峙布局初始化：玩家位于左侧，土豆 Boss 位于右侧，Boss 实际位置 X=3.86，与玩家保持水平出生线。
Boss 关卡初始化完成，战斗开始。
遭遇第 1 形态 土豆 开始。
正在重新加载 Boss 关卡。
全局配置加载完成：最大能量 3 格，Boss 生命 100。
横向对峙布局初始化：玩家位于左侧，土豆 Boss 位于右侧，Boss 实际位置 X=3.86，与玩家保持水平出生线。
Boss 关卡初始化完成，战斗开始。
遭遇第 1 形态 土豆 开始。
土豆 Boss 受到 999 点伤害，剩余生命 0/100。
土豆 Boss 已被击败，胜利流程已触发。
遭遇第 2 形态 洋葱 开始。
正在重新加载 Boss 关卡。
全局配置加载完成：最大能量 3 格，Boss 生命 100。
横向对峙布局初始化：玩家位于左侧，土豆 Boss 位于右侧，Boss 实际位置 X=3.86，与玩家保持水平出生线。
Boss 关卡初始化完成，战斗开始。
遭遇第 1 形态 土豆 开始。
正在重新加载 Boss 关卡。
全局配置加载完成：最大能量 3 格，Boss 生命 100。
横向对峙布局初始化：玩家位于左侧，土豆 Boss 位于右侧，Boss 实际位置 X=3.86，与玩家保持水平出生线。
Boss 关卡初始化完成，战斗开始。
遭遇第 1 形态 土豆 开始。
土豆 Boss 受到 999 点伤害，剩余生命 0/100。
土豆 Boss 已被击败，胜利流程已触发。
遭遇第 2 形态 洋葱 开始。
正在重新加载 Boss 关卡。
全局配置加载完成：最大能量 3 格，Boss 生命 100。
横向对峙布局初始化：玩家位于左侧，土豆 Boss 位于右侧，Boss 实际位置 X=3.86，与玩家保持水平出生线。
Boss 关卡初始化完成，战斗开始。
遭遇第 1 形态 土豆 开始。
正在重新加载 Boss 关卡。
全局配置加载完成：最大能量 3 格，Boss 生命 100。
横向对峙布局初始化：玩家位于左侧，土豆 Boss 位于右侧，Boss 实际位置 X=3.86，与玩家保持水平出生线。
Boss 关卡初始化完成，战斗开始。
遭遇第 1 形态 土豆 开始。
全局配置加载完成：最大能量 3 格，Boss 生命 100。
横向对峙布局初始化：玩家位于左侧，土豆 Boss 位于右侧，Boss 实际位置 X=3.86，与玩家保持水平出生线。
Boss 关卡初始化完成，战斗开始。
]]></output>
              </test-case>
              <test-case id="1021" name="OnionAndCarrotExecuteTheirOwnAttacks" fullname="MMORPG.Tests.PlayMode.GardenEncounterTests.OnionAndCarrotExecuteTheirOwnAttacks" methodname="OnionAndCarrotExecuteTheirOwnAttacks" classname="MMORPG.Tests.PlayMode.GardenEncounterTests" runstate="Runnable" seed="1990548224" result="Passed" start-time="2026-09-14 07:13:14Z" end-time="2026-09-14 07:13:29Z" duration="15.294470" asserts="0">
                <properties>
                  <property name="_JOINTYPE" value="UnityCombinatorial" />
                  <property name="retryIteration" value="0" />
                  <property name="repeatIteration" value="0" />
                </properties>
                <output><![CDATA[全局配置加载完成：最大能量 3 格，Boss 生命 100。
横向对峙布局初始化：玩家位于左侧，土豆 Boss 位于右侧，Boss 实际位置 X=3.86，与玩家保持水平出生线。
Boss 关卡初始化完成，战斗开始。
遭遇第 1 形态 土豆 开始。
土豆 Boss 受到 999 点伤害，剩余生命 0/100。
土豆 Boss 已被击败，胜利流程已触发。
遭遇第 2 形态 洋葱 开始。
遭遇第 3 形态 胡萝卜 开始。
]]></output>
              </test-case>
              <test-case id="1027" name="OnionCorridorsAreReachableAndPinkFallsOutsideBoss" fullname="MMORPG.Tests.PlayMode.GardenEncounterTests.OnionCorridorsAreReachableAndPinkFallsOutsideBoss" methodname="OnionCorridorsAreReachableAndPinkFallsOutsideBoss" classname="MMORPG.Tests.PlayMode.GardenEncounterTests" runstate="Runnable" seed="665184823" result="Passed" start-time="2026-09-14 07:13:29Z" end-time="2026-09-14 07:13:35Z" duration="5.642855" asserts="0">
                <properties>
                  <property name="_JOINTYPE" value="UnityCombinatorial" />
                  <property name="retryIteration" value="0" />
                  <property name="repeatIteration" value="0" />
                </properties>
                <output><![CDATA[全局配置加载完成：最大能量 3 格，Boss 生命 100。
横向对峙布局初始化：玩家位于左侧，土豆 Boss 位于右侧，Boss 实际位置 X=3.86，与玩家保持水平出生线。
Boss 关卡初始化完成，战斗开始。
遭遇第 1 形态 土豆 开始。
土豆 Boss 受到 999 点伤害，剩余生命 0/100。
土豆 Boss 已被击败，胜利流程已触发。
遭遇第 2 形态 洋葱 开始。
]]></output>
              </test-case>
              <test-case id="1017" name="PauseCannotBeReleasedByHitStop" fullname="MMORPG.Tests.PlayMode.GardenEncounterTests.PauseCannotBeReleasedByHitStop" methodname="PauseCannotBeReleasedByHitStop" classname="MMORPG.Tests.PlayMode.GardenEncounterTests" runstate="Runnable" seed="990750831" result="Passed" start-time="2026-09-14 07:13:35Z" end-time="2026-09-14 07:13:37Z" duration="1.742896" asserts="0">
                <properties>
                  <property name="_JOINTYPE" value="UnityCombinatorial" />
                  <property name="retryIteration" value="0" />
                  <property name="repeatIteration" value="0" />
                </properties>
                <output><![CDATA[全局配置加载完成：最大能量 3 格，Boss 生命 100。
横向对峙布局初始化：玩家位于左侧，土豆 Boss 位于右侧，Boss 实际位置 X=3.86，与玩家保持水平出生线。
Boss 关卡初始化完成，战斗开始。
遭遇第 1 形态 土豆 开始。
Boss 关卡已暂停。
Boss 关卡已继续。
]]></output>
              </test-case>
              <test-case id="1020" name="PersistentHazardCanDamageAfterImmunityExpires" fullname="MMORPG.Tests.PlayMode.GardenEncounterTests.PersistentHazardCanDamageAfterImmunityExpires" methodname="PersistentHazardCanDamageAfterImmunityExpires" classname="MMORPG.Tests.PlayMode.GardenEncounterTests" runstate="Runnable" seed="1863778244" result="Passed" start-time="2026-09-14 07:13:37Z" end-time="2026-09-14 07:13:38Z" duration="1.859929" asserts="0">
                <properties>
                  <property name="_JOINTYPE" value="UnityCombinatorial" />
                  <property name="retryIteration" value="0" />
                  <property name="repeatIteration" value="0" />
                </properties>
                <output><![CDATA[全局配置加载完成：最大能量 3 格，Boss 生命 100。
横向对峙布局初始化：玩家位于左侧，土豆 Boss 位于右侧，Boss 实际位置 X=3.86，与玩家保持水平出生线。
Boss 关卡初始化完成，战斗开始。
遭遇第 1 形态 土豆 开始。
玩家受到 1 点伤害，剩余生命 2/3。
]]></output>
              </test-case>
              <test-case id="1016" name="PinkParryBouncesOnceAndCapsEnergy" fullname="MMORPG.Tests.PlayMode.GardenEncounterTests.PinkParryBouncesOnceAndCapsEnergy" methodname="PinkParryBouncesOnceAndCapsEnergy" classname="MMORPG.Tests.PlayMode.GardenEncounterTests" runstate="Runnable" seed="270092984" result="Passed" start-time="2026-09-14 07:13:38Z" end-time="2026-09-14 07:13:40Z" duration="1.507722" asserts="0">
                <properties>
                  <property name="_JOINTYPE" value="UnityCombinatorial" />
                  <property name="retryIteration" value="0" />
                  <property name="repeatIteration" value="0" />
                </properties>
                <output><![CDATA[全局配置加载完成：最大能量 3 格，Boss 生命 100。
横向对峙布局初始化：玩家位于左侧，土豆 Boss 位于右侧，Boss 实际位置 X=3.86，与玩家保持水平出生线。
Boss 关卡初始化完成，战斗开始。
遭遇第 1 形态 土豆 开始。
玩家跳跃击碎粉色子弹，获得能量 1 格，当前能量 3/3。
]]></output>
              </test-case>
              <test-case id="1031" name="SettingsKeepKeyboardFocusInsideModalAndPauseCanReturnToTitle" fullname="MMORPG.Tests.PlayMode.GardenEncounterTests.SettingsKeepKeyboardFocusInsideModalAndPauseCanReturnToTitle" methodname="SettingsKeepKeyboardFocusInsideModalAndPauseCanReturnToTitle" classname="MMORPG.Tests.PlayMode.GardenEncounterTests" runstate="Runnable" seed="508490354" result="Passed" start-time="2026-09-14 07:13:40Z" end-time="2026-09-14 07:13:42Z" duration="2.254787" asserts="0">
                <properties>
                  <property name="_JOINTYPE" value="UnityCombinatorial" />
                  <property name="retryIteration" value="0" />
                  <property name="repeatIteration" value="0" />
                </properties>
                <output><![CDATA[全局配置加载完成：最大能量 3 格，Boss 生命 100。
横向对峙布局初始化：玩家位于左侧，土豆 Boss 位于右侧，Boss 实际位置 X=3.86，与玩家保持水平出生线。
Boss 关卡初始化完成，战斗开始。
遭遇第 1 形态 土豆 开始。
土豆 Boss 受到 999 点伤害，剩余生命 0/100。
土豆 Boss 已被击败，胜利流程已触发。
Boss 关卡已暂停。
全局配置加载完成：最大能量 3 格，Boss 生命 100。
横向对峙布局初始化：玩家位于左侧，土豆 Boss 位于右侧，Boss 实际位置 X=3.86，与玩家保持水平出生线。
Boss 关卡初始化完成，战斗开始。
]]></output>
              </test-case>
              <test-case id="1018" name="SimultaneousDeathsPreferDefeat" fullname="MMORPG.Tests.PlayMode.GardenEncounterTests.SimultaneousDeathsPreferDefeat" methodname="SimultaneousDeathsPreferDefeat" classname="MMORPG.Tests.PlayMode.GardenEncounterTests" runstate="Runnable" seed="1499671932" result="Passed" start-time="2026-09-14 07:13:42Z" end-time="2026-09-14 07:13:46Z" duration="4.108713" asserts="0">
                <properties>
                  <property name="_JOINTYPE" value="UnityCombinatorial" />
                  <property name="retryIteration" value="0" />
                  <property name="repeatIteration" value="0" />
                </properties>
                <output><![CDATA[全局配置加载完成：最大能量 3 格，Boss 生命 100。
横向对峙布局初始化：玩家位于左侧，土豆 Boss 位于右侧，Boss 实际位置 X=3.86，与玩家保持水平出生线。
Boss 关卡初始化完成，战斗开始。
遭遇第 1 形态 土豆 开始。
土豆 Boss 受到 999 点伤害，剩余生命 0/100。
土豆 Boss 已被击败，胜利流程已触发。
玩家受到 999 点伤害，剩余生命 0/3。
玩家生命归零，战斗失败流程已触发。
花园剧场失败票券已显示。
]]></output>
              </test-case>
              <test-case id="1029" name="TimelyBeamDodgeAvoidsDamage" fullname="MMORPG.Tests.PlayMode.GardenEncounterTests.TimelyBeamDodgeAvoidsDamage" methodname="TimelyBeamDodgeAvoidsDamage" classname="MMORPG.Tests.PlayMode.GardenEncounterTests" runstate="Runnable" seed="89868810" result="Passed" start-time="2026-09-14 07:13:46Z" end-time="2026-09-14 07:13:47Z" duration="0.316821" asserts="0">
                <properties>
                  <property name="_JOINTYPE" value="UnityCombinatorial" />
                  <property name="retryIteration" value="0" />
                  <property name="repeatIteration" value="0" />
                </properties>
                <output><![CDATA[全局配置加载完成：最大能量 3 格，Boss 生命 100。
横向对峙布局初始化：玩家位于左侧，土豆 Boss 位于右侧，Boss 实际位置 X=3.86，与玩家保持水平出生线。
Boss 关卡初始化完成，战斗开始。
遭遇第 1 形态 土豆 开始。
]]></output>
              </test-case>
              <test-case id="1013" name="TitlePreventsAttacksAndThreeFormsOnlyWinAtEnd" fullname="MMORPG.Tests.PlayMode.GardenEncounterTests.TitlePreventsAttacksAndThreeFormsOnlyWinAtEnd" methodname="TitlePreventsAttacksAndThreeFormsOnlyWinAtEnd" classname="MMORPG.Tests.PlayMode.GardenEncounterTests" runstate="Runnable" seed="515118913" result="Passed" start-time="2026-09-14 07:13:47Z" end-time="2026-09-14 07:13:52Z" duration="5.133824" asserts="0">
                <properties>
                  <property name="_JOINTYPE" value="UnityCombinatorial" />
                  <property name="retryIteration" value="0" />
                  <property name="repeatIteration" value="0" />
                </properties>
                <output><![CDATA[全局配置加载完成：最大能量 3 格，Boss 生命 100。
横向对峙布局初始化：玩家位于左侧，土豆 Boss 位于右侧，Boss 实际位置 X=3.86，与玩家保持水平出生线。
Boss 关卡初始化完成，战斗开始。
遭遇第 1 形态 土豆 开始。
土豆 Boss 受到 999 点伤害，剩余生命 0/100。
土豆 Boss 已被击败，胜利流程已触发。
遭遇第 2 形态 洋葱 开始。
遭遇第 3 形态 胡萝卜 开始。
花园剧场胜利界面已显示。
]]></output>
              </test-case>
              <test-case id="1033" name="TransitionClearsOldJumpBufferAndHeldActions" fullname="MMORPG.Tests.PlayMode.GardenEncounterTests.TransitionClearsOldJumpBufferAndHeldActions" methodname="TransitionClearsOldJumpBufferAndHeldActions" classname="MMORPG.Tests.PlayMode.GardenEncounterTests" runstate="Runnable" seed="773475151" result="Passed" start-time="2026-09-14 07:13:52Z" end-time="2026-09-14 07:13:55Z" duration="2.958903" asserts="0">
                <properties>
                  <property name="_JOINTYPE" value="UnityCombinatorial" />
                  <property name="retryIteration" value="0" />
                  <property name="repeatIteration" value="0" />
                </properties>
                <output><![CDATA[全局配置加载完成：最大能量 3 格，Boss 生命 100。
横向对峙布局初始化：玩家位于左侧，土豆 Boss 位于右侧，Boss 实际位置 X=3.86，与玩家保持水平出生线。
Boss 关卡初始化完成，战斗开始。
遭遇第 1 形态 土豆 开始。
土豆 Boss 受到 999 点伤害，剩余生命 0/100。
土豆 Boss 已被击败，胜利流程已触发。
遭遇第 2 形态 洋葱 开始。
]]></output>
              </test-case>
              <test-case id="1011" name="UiHealthEnergyAndDefeatBindingsSurviveRetry" fullname="MMORPG.Tests.PlayMode.GardenEncounterTests.UiHealthEnergyAndDefeatBindingsSurviveRetry" methodname="UiHealthEnergyAndDefeatBindingsSurviveRetry" classname="MMORPG.Tests.PlayMode.GardenEncounterTests" runstate="Runnable" seed="1581749945" result="Passed" start-time="2026-09-14 07:13:55Z" end-time="2026-09-14 07:14:03Z" duration="8.074554" asserts="0">
                <properties>
                  <property name="_JOINTYPE" value="UnityCombinatorial" />
                  <property name="retryIteration" value="0" />
                  <property name="repeatIteration" value="0" />
                </properties>
                <output><![CDATA[全局配置加载完成：最大能量 3 格，Boss 生命 100。
横向对峙布局初始化：玩家位于左侧，土豆 Boss 位于右侧，Boss 实际位置 X=3.86，与玩家保持水平出生线。
Boss 关卡初始化完成，战斗开始。
遭遇第 1 形态 土豆 开始。
玩家受到 1 点伤害，剩余生命 2/3。
Boss 关卡已暂停。
Boss 关卡已继续。
玩家受到 999 点伤害，剩余生命 0/3。
玩家生命归零，战斗失败流程已触发。
花园剧场失败票券已显示。
正在重新加载 Boss 关卡。
全局配置加载完成：最大能量 3 格，Boss 生命 100。
横向对峙布局初始化：玩家位于左侧，土豆 Boss 位于右侧，Boss 实际位置 X=3.86，与玩家保持水平出生线。
Boss 关卡初始化完成，战斗开始。
]]></output>
              </test-case>
            </test-suite>
            <test-suite type="TestFixture" id="1035" name="PrototypePlayModeFlowTests" fullname="MMORPG.Tests.PlayMode.PrototypePlayModeFlowTests" classname="MMORPG.Tests.PlayMode.PrototypePlayModeFlowTests" runstate="Runnable" testcasecount="8" result="Passed" start-time="2026-09-14 07:14:03Z" end-time="2026-09-14 07:14:30Z" duration="27.366972" total="8" passed="8" failed="0" inconclusive="0" skipped="0" asserts="0">
              <properties />
              <test-case id="1041" name="AirbornePlayerCanBreakPinkProjectileAndGainEnergy" fullname="MMORPG.Tests.PlayMode.PrototypePlayModeFlowTests.AirbornePlayerCanBreakPinkProjectileAndGainEnergy" methodname="AirbornePlayerCanBreakPinkProjectileAndGainEnergy" classname="MMORPG.Tests.PlayMode.PrototypePlayModeFlowTests" runstate="Runnable" seed="930571347" result="Passed" start-time="2026-09-14 07:14:03Z" end-time="2026-09-14 07:14:04Z" duration="1.183895" asserts="0">
                <properties>
                  <property name="_JOINTYPE" value="UnityCombinatorial" />
                  <property name="retryIteration" value="0" />
                  <property name="repeatIteration" value="0" />
                </properties>
                <output><![CDATA[全局配置加载完成：最大能量 3 格，Boss 生命 100。
横向对峙布局初始化：玩家位于左侧，土豆 Boss 位于右侧，Boss 实际位置 X=3.48，与玩家保持水平出生线。
Boss 关卡初始化完成，战斗开始。
阶段 1 土豆 Boss 发动抛物线种子攻击，目标 X=-4.70。
玩家跳跃击碎粉色子弹，获得能量 1 格，当前能量 1/3。
]]></output>
              </test-case>
              <test-case id="1039" name="BossAdvancesThroughThreePhasesOnDamageThresholds" fullname="MMORPG.Tests.PlayMode.PrototypePlayModeFlowTests.BossAdvancesThroughThreePhasesOnDamageThresholds" methodname="BossAdvancesThroughThreePhasesOnDamageThresholds" classname="MMORPG.Tests.PlayMode.PrototypePlayModeFlowTests" runstate="Runnable" seed="2125911411" result="Passed" start-time="2026-09-14 07:14:04Z" end-time="2026-09-14 07:14:06Z" duration="1.823192" asserts="0">
                <properties>
                  <property name="_JOINTYPE" value="UnityCombinatorial" />
                  <property name="retryIteration" value="0" />
                  <property name="repeatIteration" value="0" />
                </properties>
                <output><![CDATA[全局配置加载完成：最大能量 3 格，Boss 生命 100。
横向对峙布局初始化：玩家位于左侧，土豆 Boss 位于右侧，Boss 实际位置 X=3.48，与玩家保持水平出生线。
Boss 关卡初始化完成，战斗开始。
土豆 Boss 受到 30 点伤害，剩余生命 70/100。
土豆 Boss 进入阶段 2，切换期间清空所有 Boss 投射物并暂停攻击 0.6 秒。
Boss 阶段切换安全窗口结束，恢复攻击。
土豆 Boss 受到 35 点伤害，剩余生命 35/100。
土豆 Boss 进入阶段 3，切换期间清空所有 Boss 投射物并暂停攻击 0.6 秒。
]]></output>
              </test-case>
              <test-case id="1037" name="BossBattleHudShowsHealthAndResultState" fullname="MMORPG.Tests.PlayMode.PrototypePlayModeFlowTests.BossBattleHudShowsHealthAndResultState" methodname="BossBattleHudShowsHealthAndResultState" classname="MMORPG.Tests.PlayMode.PrototypePlayModeFlowTests" runstate="Runnable" seed="1811258133" result="Passed" start-time="2026-09-14 07:14:06Z" end-time="2026-09-14 07:14:11Z" duration="4.769999" asserts="0">
                <properties>
                  <property name="_JOINTYPE" value="UnityCombinatorial" />
                  <property name="retryIteration" value="0" />
                  <property name="repeatIteration" value="0" />
                </properties>
                <output><![CDATA[全局配置加载完成：最大能量 3 格，Boss 生命 100。
横向对峙布局初始化：玩家位于左侧，土豆 Boss 位于右侧，Boss 实际位置 X=3.48，与玩家保持水平出生线。
Boss 关卡初始化完成，战斗开始。
阶段 1 土豆 Boss 发动抛物线种子攻击，目标 X=-4.70。
土豆 Boss 受到 5 点伤害，剩余生命 95/100。
玩家受到 1 点伤害，剩余生命 2/3。
抛物线种子落地成为竖直障碍，位置 X=0.25，持续 3.5 秒。
玩家受到 1 点伤害，剩余生命 1/3。
]]></output>
              </test-case>
              <test-case id="1038" name="BossDeathAndPlayerDeathShowCorrectResult" fullname="MMORPG.Tests.PlayMode.PrototypePlayModeFlowTests.BossDeathAndPlayerDeathShowCorrectResult" methodname="BossDeathAndPlayerDeathShowCorrectResult" classname="MMORPG.Tests.PlayMode.PrototypePlayModeFlowTests" runstate="Runnable" seed="1556696163" result="Passed" start-time="2026-09-14 07:14:11Z" end-time="2026-09-14 07:14:15Z" duration="4.592351" asserts="0">
                <properties>
                  <property name="_JOINTYPE" value="UnityCombinatorial" />
                  <property name="retryIteration" value="0" />
                  <property name="repeatIteration" value="0" />
                </properties>
                <output><![CDATA[全局配置加载完成：最大能量 3 格，Boss 生命 100。
横向对峙布局初始化：玩家位于左侧，土豆 Boss 位于右侧，Boss 实际位置 X=3.48，与玩家保持水平出生线。
Boss 关卡初始化完成，战斗开始。
阶段 1 土豆 Boss 发动三段散射，第 1 发从上方位置生成普通土块子弹，水平速度 8.0。
土豆 Boss 受到 100 点伤害，剩余生命 0/100。
土豆 Boss 已死亡，玩家战斗输入已锁定。
花园剧场胜利界面已显示。
土豆 Boss 已被击败，胜利流程已触发。
全局配置加载完成：最大能量 3 格，Boss 生命 100。
横向对峙布局初始化：玩家位于左侧，土豆 Boss 位于右侧，Boss 实际位置 X=3.48，与玩家保持水平出生线。
Boss 关卡初始化完成，战斗开始。
阶段 1 土豆 Boss 发动抛物线种子攻击，目标 X=-4.70。
玩家受到 3 点伤害，剩余生命 0/3。
玩家已死亡，Boss 攻击流程已停止，2.0 秒后显示失败结算。
玩家生命归零，战斗失败流程已触发。
花园剧场失败票券已显示。
]]></output>
              </test-case>
              <test-case id="1042" name="GameConfigNormalizeRestoresNullSections" fullname="MMORPG.Tests.PlayMode.PrototypePlayModeFlowTests.GameConfigNormalizeRestoresNullSections" methodname="GameConfigNormalizeRestoresNullSections" classname="MMORPG.Tests.PlayMode.PrototypePlayModeFlowTests" runstate="Runnable" seed="58673575" result="Passed" start-time="2026-09-14 07:14:15Z" end-time="2026-09-14 07:14:15Z" duration="0.001444" asserts="0">
                <properties>
                  <property name="retryIteration" value="0" />
                  <property name="repeatIteration" value="0" />
                </properties>
              </test-case>
              <test-case id="1036" name="MainSceneCanRunBossEnergyAndSuperFlow" fullname="MMORPG.Tests.PlayMode.PrototypePlayModeFlowTests.MainSceneCanRunBossEnergyAndSuperFlow" methodname="MainSceneCanRunBossEnergyAndSuperFlow" classname="MMORPG.Tests.PlayMode.PrototypePlayModeFlowTests" runstate="Runnable" seed="285655976" result="Passed" start-time="2026-09-14 07:14:15Z" end-time="2026-09-14 07:14:27Z" duration="11.438329" asserts="0">
                <properties>
                  <property name="_JOINTYPE" value="UnityCombinatorial" />
                  <property name="retryIteration" value="0" />
                  <property name="repeatIteration" value="0" />
                </properties>
                <output><![CDATA[全局配置加载完成：最大能量 3 格，Boss 生命 100。
横向对峙布局初始化：玩家位于左侧，土豆 Boss 位于右侧，Boss 实际位置 X=3.48，与玩家保持水平出生线。
Boss 关卡初始化完成，战斗开始。
阶段 1 土豆 Boss 发动抛物线种子攻击，目标 X=-4.70。
抛物线种子落地成为竖直障碍，位置 X=0.25，持续 3.5 秒。
阶段 1 土豆 Boss 发动三段散射，第 1 发从上方位置生成普通土块子弹，水平速度 8.0。
阶段 1 土豆 Boss 发动三段散射，第 2 发从中间位置生成紫色可采集子弹，水平速度 7.2。
阶段 1 土豆 Boss 发动三段散射，第 3 发从下方位置生成普通土块子弹，水平速度 8.0。
阶段 1 土豆 Boss 发动三段散射，第 1 发从上方位置生成普通土块子弹，水平速度 8.0。
阶段 1 土豆 Boss 发动三段散射，第 2 发从中间位置生成紫色可采集子弹，水平速度 7.2。
阶段 1 土豆 Boss 发动三段散射，第 3 发从下方位置生成普通土块子弹，水平速度 8.0。
阶段 1 土豆 Boss 发动抛物线种子攻击，目标 X=-5.34。
抛物线种子落地成为竖直障碍，位置 X=0.25，持续 3.5 秒。
阶段 1 土豆 Boss 发动三段散射，第 1 发从上方位置生成紫色可采集子弹，水平速度 7.2。
阶段 1 土豆 Boss 发动三段散射，第 2 发从中间位置生成紫色可采集子弹，水平速度 7.2。
阶段 1 土豆 Boss 发动三段散射，第 3 发从下方位置生成普通土块子弹，水平速度 8.0。
玩家攻击命中紫色子弹，获得能量 1 格。当前能量 1/3。
玩家释放大招，消耗全部 3 格能量。
土豆 Boss 受到 30 点伤害，剩余生命 70/100。
土豆 Boss 进入阶段 2，切换期间清空所有 Boss 投射物并暂停攻击 0.6 秒。
]]></output>
              </test-case>
              <test-case id="1040" name="PhaseTransitionClearsBossProjectilesAndBlocksAttacks" fullname="MMORPG.Tests.PlayMode.PrototypePlayModeFlowTests.PhaseTransitionClearsBossProjectilesAndBlocksAttacks" methodname="PhaseTransitionClearsBossProjectilesAndBlocksAttacks" classname="MMORPG.Tests.PlayMode.PrototypePlayModeFlowTests" runstate="Runnable" seed="835383765" result="Passed" start-time="2026-09-14 07:14:27Z" end-time="2026-09-14 07:14:29Z" duration="2.379686" asserts="0">
                <properties>
                  <property name="_JOINTYPE" value="UnityCombinatorial" />
                  <property name="retryIteration" value="0" />
                  <property name="repeatIteration" value="0" />
                </properties>
                <output><![CDATA[全局配置加载完成：最大能量 3 格，Boss 生命 100。
横向对峙布局初始化：玩家位于左侧，土豆 Boss 位于右侧，Boss 实际位置 X=3.48，与玩家保持水平出生线。
Boss 关卡初始化完成，战斗开始。
土豆 Boss 受到 30 点伤害，剩余生命 70/100。
土豆 Boss 进入阶段 2，切换期间清空所有 Boss 投射物并暂停攻击 0.6 秒。
Boss 阶段切换安全窗口结束，恢复攻击。
]]></output>
              </test-case>
              <test-case id="1043" name="PooledBossHazardsCanBeCleared" fullname="MMORPG.Tests.PlayMode.PrototypePlayModeFlowTests.PooledBossHazardsCanBeCleared" methodname="PooledBossHazardsCanBeCleared" classname="MMORPG.Tests.PlayMode.PrototypePlayModeFlowTests" runstate="Runnable" seed="1380875927" result="Passed" start-time="2026-09-14 07:14:29Z" end-time="2026-09-14 07:14:30Z" duration="1.175765" asserts="0">
                <properties>
                  <property name="_JOINTYPE" value="UnityCombinatorial" />
                  <property name="retryIteration" value="0" />
                  <property name="repeatIteration" value="0" />
                </properties>
                <output><![CDATA[全局配置加载完成：最大能量 3 格，Boss 生命 100。
横向对峙布局初始化：玩家位于左侧，土豆 Boss 位于右侧，Boss 实际位置 X=3.48，与玩家保持水平出生线。
Boss 关卡初始化完成，战斗开始。
阶段 1 土豆 Boss 发动三段散射，第 1 发从上方位置生成普通土块子弹，水平速度 8.0。
昆虫从土豆 Boss 身旁飞出，目标玩家，位置 X=0.00。
阶段 1 土豆 Boss 发动三段散射，第 2 发从中间位置生成普通土块子弹，水平速度 8.0。
Saving results to: C:/Users/admin/AppData/LocalLow/DefaultCompany/MMORPG\TestResults.xml
]]></output>
              </test-case>
            </test-suite>
          </test-suite>
        </test-suite>
      </test-suite>
    </test-suite>
  </test-suite>
</test-run>