<?xml version="1.0" encoding="utf-8"?>
<test-run id="2" testcasecount="1" result="Passed" total="1" passed="1" failed="0" inconclusive="0" skipped="0" asserts="0" engine-version="3.5.0.0" clr-version="4.0.30319.42000" start-time="2026-08-02 16:51:25Z" end-time="2026-08-02 16:51:37Z" duration="11.2258247">
  <test-suite type="TestSuite" id="1010" name="MMORPG" fullname="MMORPG" runstate="Runnable" testcasecount="1" result="Passed" start-time="2026-08-02 16:51:25Z" end-time="2026-08-02 16:51:37Z" duration="11.225825" total="1" passed="1" failed="0" inconclusive="0" skipped="0" asserts="0">
    <properties>
      <property name="platform" value="PlayMode" />
    </properties>
    <test-suite type="Assembly" id="1003" name="MMORPG.Tests.PlayMode.dll" fullname="E:/UnityProject/MMORPG/MMORPG/Library/ScriptAssemblies/MMORPG.Tests.PlayMode.dll" runstate="Runnable" testcasecount="1" result="Passed" start-time="2026-08-02 16:51:25Z" end-time="2026-08-02 16:51:37Z" duration="11.221189" total="1" passed="1" failed="0" inconclusive="0" skipped="0" asserts="0">
      <properties>
        <property name="_PID" value="112776" />
        <property name="_APPDOMAIN" value="Unity Child Domain" />
        <property name="platform" value="PlayMode" />
        <property name="EditorOnly" value="False" />
      </properties>
      <test-suite type="TestSuite" id="1004" name="MMORPG" fullname="MMORPG" runstate="Runnable" testcasecount="1" result="Passed" start-time="2026-08-02 16:51:25Z" end-time="2026-08-02 16:51:37Z" duration="11.220718" total="1" passed="1" failed="0" inconclusive="0" skipped="0" asserts="0">
        <properties />
        <test-suite type="TestSuite" id="1005" name="Tests" fullname="MMORPG.Tests" runstate="Runnable" testcasecount="1" result="Passed" start-time="2026-08-02 16:51:25Z" end-time="2026-08-02 16:51:37Z" duration="11.220503" total="1" passed="1" failed="0" inconclusive="0" skipped="0" asserts="0">
          <properties />
          <test-suite type="TestSuite" id="1006" name="PlayMode" fullname="MMORPG.Tests.PlayMode" runstate="Runnable" testcasecount="1" result="Passed" start-time="2026-08-02 16:51:25Z" end-time="2026-08-02 16:51:37Z" duration="11.220274" total="1" passed="1" failed="0" inconclusive="0" skipped="0" asserts="0">
            <properties />
            <test-suite type="TestFixture" id="1001" name="PrototypePlayModeFlowTests" fullname="MMORPG.Tests.PlayMode.PrototypePlayModeFlowTests" classname="MMORPG.Tests.PlayMode.PrototypePlayModeFlowTests" runstate="Runnable" testcasecount="1" result="Passed" start-time="2026-08-02 16:51:25Z" end-time="2026-08-02 16:51:37Z" duration="11.219513" total="1" passed="1" failed="0" inconclusive="0" skipped="0" asserts="0">
              <properties />
              <test-case id="1002" name="MainSceneCanRunBossEnergyAndSuperFlow" fullname="MMORPG.Tests.PlayMode.PrototypePlayModeFlowTests.MainSceneCanRunBossEnergyAndSuperFlow" methodname="MainSceneCanRunBossEnergyAndSuperFlow" classname="MMORPG.Tests.PlayMode.PrototypePlayModeFlowTests" runstate="Runnable" seed="980021237" result="Passed" start-time="2026-08-02 16:51:25Z" end-time="2026-08-02 16:51:37Z" duration="11.210838" asserts="0">
                <properties>
                  <property name="_JOINTYPE" value="UnityCombinatorial" />
                  <property name="retryIteration" value="0" />
                  <property name="repeatIteration" value="0" />
                </properties>
                <output><![CDATA[全局配置加载完成：最大能量 3 格，Boss 生命 100。
土豆 Boss 发动吐射攻击，生成紫色可采集子弹。
玩家受到 1 点伤害，剩余生命 2/3。
土豆 Boss 发动吐射攻击，生成普通土块子弹。
玩家受到 1 点伤害，剩余生命 1/3。
土豆 Boss 发动吐射攻击，生成普通土块子弹。
玩家受到 1 点伤害，剩余生命 0/3。
玩家生命归零，当前原型暂不切换失败界面。
土豆 Boss 发动吐射攻击，生成普通土块子弹。
玩家攻击命中紫色子弹，获得能量 1 格。当前能量 1/3。
土豆 Boss 受到 30 点伤害，剩余生命 70/100。
玩家释放大招，消耗全部 3 格能量。
Saving results to: C:/Users/admin/AppData/LocalLow/DefaultCompany/MMORPG\TestResults.xml
]]></output>
              </test-case>
            </test-suite>
          </test-suite>
        </test-suite>
      </test-suite>
    </test-suite>
  </test-suite>
</test-run>